#
# There is insufficient memory for the Java Runtime Environment to continue.
# Native memory allocation (malloc) failed to allocate 329488 bytes. Error detail: Chunk::new
# Possible reasons:
#   The system is out of physical RAM or swap space
#   This process is running with CompressedOops enabled, and the Java Heap may be blocking the growth of the native heap
# Possible solutions:
#   Reduce memory load on the system
#   Increase physical memory or swap space
#   Check if swap backing store is full
#   Decrease Java heap size (-Xmx/-Xms)
#   Decrease number of Java threads
#   Decrease Java thread stack sizes (-Xss)
#   Set larger code cache with -XX:ReservedCodeCacheSize=
#   JVM is running with Zero Based Compressed Oops mode in which the Java heap is
#     placed in the first 32GB address space. The Java Heap base address is the
#     maximum limit for the native heap growth. Please use -XX:HeapBaseMinAddress
#     to set the Java Heap base and to place the Java Heap above 32GB virtual address.
# This output file may be truncated or incomplete.
#
#  Out of Memory Error (arena.cpp:168), pid=22608, tid=24448
#
# JRE version: OpenJDK Runtime Environment Temurin-21.0.9+10 (21.0.9+10) (build 21.0.9+10-LTS)
# Java VM: OpenJDK 64-Bit Server VM Temurin-21.0.9+10 (21.0.9+10-LTS, mixed mode, tiered, compressed oops, compressed class ptrs, g1 gc, windows-amd64)
# No core dump will be written. Minidumps are not enabled by default on client versions of Windows
#

---------------  S U M M A R Y ------------

Command Line: C:\Program Files\STMicroelectronics\STM32Cube\STM32CubeMX\STM32CubeMX.exe -q C:\Users\William\Downloads\SteeringWheelSTM32\STWCube3\script

Host: 11th Gen Intel(R) Core(TM) i5-1135G7 @ 2.40GHz, 8 cores, 15G,  Windows 11 , 64 bit Build 26100 (10.0.26100.8328)
Time: Mon Jun  8 10:48:46 2026 GMT Daylight Time elapsed time: 6.179941 seconds (0d 0h 0m 6s)

---------------  T H R E A D  ---------------

Current thread (0x0000022f1a842fe0):  JavaThread "C2 CompilerThread1" daemon [_thread_in_native, id=24448, stack(0x0000007515800000,0x0000007515900000) (1024K)]


Current CompileTask:
C2:6180 7080       4       org.apache.xerces.impl.XMLEntityScanner::scanData (1108 bytes)

Stack: [0x0000007515800000,0x0000007515900000]
Native frames: (J=compiled Java code, j=interpreted, Vv=VM code, C=native code)
V  [jvm.dll+0x6d6e29]
V  [jvm.dll+0x8b4b76]
V  [jvm.dll+0x8b712e]
V  [jvm.dll+0x8b7813]
V  [jvm.dll+0x283d86]
V  [jvm.dll+0xc66ed]
V  [jvm.dll+0xc6c31]
V  [jvm.dll+0x3be53b]
V  [jvm.dll+0x38ab92]
V  [jvm.dll+0x389fda]
V  [jvm.dll+0x24bfa0]
V  [jvm.dll+0x24b580]
V  [jvm.dll+0x1cb13e]
V  [jvm.dll+0x25b29d]
V  [jvm.dll+0x25982a]
V  [jvm.dll+0x3f7ea6]
V  [jvm.dll+0x85e9ad]
V  [jvm.dll+0x6d565d]
C  [ucrtbase.dll+0x37b0]
C  [KERNEL32.DLL+0x2e957]
C  [ntdll.dll+0x427c]


---------------  P R O C E S S  ---------------

Threads class SMR info:
_java_thread_list=0x0000022f1f002f90, length=33, elements={
0x0000022f7852a560, 0x0000022f1a820330, 0x0000022f1a820d80, 0x0000022f1a7e0bc0,
0x0000022f1a815f90, 0x0000022f1a8169e0, 0x0000022f1a817430, 0x0000022f1a814150,
0x0000022f1a842910, 0x0000022f1a9ec820, 0x0000022f1a9ed860, 0x0000022f1f8d29b0,
0x0000022f1f8d9330, 0x0000022f1f947080, 0x0000022f2004ca00, 0x0000022f216bab40,
0x0000022f21bc48f0, 0x0000022f202fc550, 0x0000022f202fbec0, 0x0000022f202fe620,
0x0000022f1a842fe0, 0x0000022f202fdf90, 0x0000022f202fd900, 0x0000022f1a8436b0,
0x0000022f202fcbe0, 0x0000022f202fecb0, 0x0000022f202ff340, 0x0000022f2178c820,
0x0000022f2178e260, 0x0000022f2178d540, 0x0000022f2178f610, 0x0000022f2178fca0,
0x0000022f2178ef80
}

Java Threads: ( => current thread )
  0x0000022f7852a560 JavaThread "main"                              [_thread_blocked, id=26248, stack(0x0000007513400000,0x0000007513500000) (1024K)]
  0x0000022f1a820330 JavaThread "Reference Handler"          daemon [_thread_blocked, id=13104, stack(0x0000007513c00000,0x0000007513d00000) (1024K)]
  0x0000022f1a820d80 JavaThread "Finalizer"                  daemon [_thread_blocked, id=21264, stack(0x0000007513d00000,0x0000007513e00000) (1024K)]
  0x0000022f1a7e0bc0 JavaThread "Signal Dispatcher"          daemon [_thread_blocked, id=28776, stack(0x0000007513e00000,0x0000007513f00000) (1024K)]
  0x0000022f1a815f90 JavaThread "Attach Listener"            daemon [_thread_blocked, id=23612, stack(0x0000007513f00000,0x0000007514000000) (1024K)]
  0x0000022f1a8169e0 JavaThread "Service Thread"             daemon [_thread_blocked, id=28652, stack(0x0000007514000000,0x0000007514100000) (1024K)]
  0x0000022f1a817430 JavaThread "Monitor Deflation Thread"   daemon [_thread_blocked, id=21684, stack(0x0000007514100000,0x0000007514200000) (1024K)]
  0x0000022f1a814150 JavaThread "C2 CompilerThread0"         daemon [_thread_blocked, id=19804, stack(0x0000007514200000,0x0000007514300000) (1024K)]
  0x0000022f1a842910 JavaThread "C1 CompilerThread0"         daemon [_thread_blocked, id=9812, stack(0x0000007514300000,0x0000007514400000) (1024K)]
  0x0000022f1a9ec820 JavaThread "Notification Thread"        daemon [_thread_blocked, id=5900, stack(0x0000007514400000,0x0000007514500000) (1024K)]
  0x0000022f1a9ed860 JavaThread "Common-Cleaner"             daemon [_thread_blocked, id=7384, stack(0x0000007514500000,0x0000007514600000) (1024K)]
  0x0000022f1f8d29b0 JavaThread "Java2D Disposer"            daemon [_thread_blocked, id=4288, stack(0x0000007515000000,0x0000007515100000) (1024K)]
  0x0000022f1f8d9330 JavaThread "AWT-Shutdown"                      [_thread_blocked, id=19664, stack(0x0000007515100000,0x0000007515200000) (1024K)]
  0x0000022f1f947080 JavaThread "AWT-Windows"                daemon [_thread_in_native, id=12156, stack(0x0000007515200000,0x0000007515300000) (1024K)]
  0x0000022f2004ca00 JavaThread "AWT-EventQueue-0"                  [_thread_blocked, id=7000, stack(0x0000007515300000,0x0000007515400000) (1024K)]
  0x0000022f216bab40 JavaThread "Image Fetcher 0"            daemon [_thread_blocked, id=19836, stack(0x0000007514700000,0x0000007514800000) (1024K)]
  0x0000022f21bc48f0 JavaThread "Image Fetcher 1"            daemon [_thread_blocked, id=28284, stack(0x0000007515500000,0x0000007515600000) (1024K)]
  0x0000022f202fc550 JavaThread "thirdparty-integrity-check"        [_thread_in_native, id=27488, stack(0x0000007515600000,0x0000007515700000) (1024K)]
  0x0000022f202fbec0 JavaThread "TimerQueue"                 daemon [_thread_blocked, id=16112, stack(0x0000007515700000,0x0000007515800000) (1024K)]
  0x0000022f202fe620 JavaThread "Keep-Alive-Timer"           daemon [_thread_blocked, id=12436, stack(0x0000007515b00000,0x0000007515c00000) (1024K)]
=>0x0000022f1a842fe0 JavaThread "C2 CompilerThread1"         daemon [_thread_in_native, id=24448, stack(0x0000007515800000,0x0000007515900000) (1024K)]
  0x0000022f202fdf90 JavaThread "Thread-2"                          [_thread_in_vm, id=10836, stack(0x0000007515e00000,0x0000007515f00000) (1024K)]
  0x0000022f202fd900 JavaThread "CommandLineManagerThread"   daemon [_thread_blocked, id=11636, stack(0x0000007516000000,0x0000007516100000) (1024K)]
  0x0000022f1a8436b0 JavaThread "C2 CompilerThread2"         daemon [_thread_in_native, id=25036, stack(0x0000007516100000,0x0000007516200000) (1024K)]
  0x0000022f202fcbe0 JavaThread "IPC Server Thread"          daemon [_thread_in_native, id=27940, stack(0x0000007515a00000,0x0000007515b00000) (1024K)]
  0x0000022f202fecb0 JavaThread "Chromium Process Thread"           [_thread_in_native, id=15836, stack(0x0000007515f00000,0x0000007516000000) (1024K)]
  0x0000022f202ff340 JavaThread "Chromium Process Logger"    daemon [_thread_in_native, id=19644, stack(0x0000007516200000,0x0000007516300000) (1024K)]
  0x0000022f2178c820 JavaThread "IPC Memory Reader Thread"          [_thread_in_native, id=13968, stack(0x0000007516300000,0x0000007516400000) (1024K)]
  0x0000022f2178e260 JavaThread "Browser Thread: 2abaaf1c-eb5c-4e64-b5a3-0e6be56d23a1" daemon [_thread_blocked, id=22344, stack(0x0000007516400000,0x0000007516500000) (1024K)]
  0x0000022f2178d540 JavaThread "Socket Connection Checker: 2abaaf1c-eb5c-4e64-b5a3-0e6be56d23a1"        [_thread_in_native, id=25108, stack(0x0000007516500000,0x0000007516600000) (1024K)]
  0x0000022f2178f610 JavaThread "Network Thread: 95b4e532-8fdf-47d7-b112-61e56a1bcee1" daemon [_thread_blocked, id=20004, stack(0x0000007516800000,0x0000007516900000) (1024K)]
  0x0000022f2178fca0 JavaThread "Socket Connection Checker: 95b4e532-8fdf-47d7-b112-61e56a1bcee1"        [_thread_in_native, id=29212, stack(0x0000007516900000,0x0000007516a00000) (1024K)]
  0x0000022f2178ef80 JavaThread "IPC Memory Reader Thread"          [_thread_in_native, id=23376, stack(0x0000007516700000,0x0000007516800000) (1024K)]
Total: 33

Other Threads:
  0x0000022f7fe81050 VMThread "VM Thread"                           [id=10152, stack(0x0000007513b00000,0x0000007513c00000) (1024K)]
  0x0000022f7fe6d7c0 WatcherThread "VM Periodic Task Thread"        [id=26728, stack(0x0000007513a00000,0x0000007513b00000) (1024K)]
  0x0000022f786fbcb0 WorkerThread "GC Thread#0"                     [id=27480, stack(0x0000007513500000,0x0000007513600000) (1024K)]
  0x0000022f1f6e1120 WorkerThread "GC Thread#1"                     [id=18820, stack(0x0000007514800000,0x0000007514900000) (1024K)]
  0x0000022f1fa0a0f0 WorkerThread "GC Thread#2"                     [id=29468, stack(0x0000007514900000,0x0000007514a00000) (1024K)]
  0x0000022f1f4fddc0 WorkerThread "GC Thread#3"                     [id=23648, stack(0x0000007514a00000,0x0000007514b00000) (1024K)]
  0x0000022f1f4fe160 WorkerThread "GC Thread#4"                     [id=22876, stack(0x0000007514b00000,0x0000007514c00000) (1024K)]
  0x0000022f1f4fda20 WorkerThread "GC Thread#5"                     [id=19760, stack(0x0000007514c00000,0x0000007514d00000) (1024K)]
  0x0000022f1f4fe500 WorkerThread "GC Thread#6"                     [id=19176, stack(0x0000007514d00000,0x0000007514e00000) (1024K)]
  0x0000022f1f4fe8a0 WorkerThread "GC Thread#7"                     [id=18792, stack(0x0000007514e00000,0x0000007514f00000) (1024K)]
  0x0000022f7870c960 ConcurrentGCThread "G1 Main Marker"            [id=7388, stack(0x0000007513600000,0x0000007513700000) (1024K)]
  0x0000022f7870e470 WorkerThread "G1 Conc#0"                       [id=17048, stack(0x0000007513700000,0x0000007513800000) (1024K)]
  0x0000022f1f4fec40 WorkerThread "G1 Conc#1"                       [id=5004, stack(0x0000007514f00000,0x0000007515000000) (1024K)]
  0x0000022f7874e5d0 ConcurrentGCThread "G1 Refine#0"               [id=26036, stack(0x0000007513800000,0x0000007513900000) (1024K)]
  0x0000022f7fd42010 ConcurrentGCThread "G1 Service"                [id=9440, stack(0x0000007513900000,0x0000007513a00000) (1024K)]
Total: 15

Threads with active compile tasks:
C2 CompilerThread1  6224 7080       4       org.apache.xerces.impl.XMLEntityScanner::scanData (1108 bytes)
C2 CompilerThread2  6224 7095       4       com.st.ipmodeconfigmanager.xml.FilterComponent::isEqual (316 bytes)
Total: 2

VM state: not at safepoint (normal execution)

VM Mutex/Monitor currently owned by a thread: None

Heap address: 0x0000000703200000, size: 4046 MB, Compressed Oops mode: Zero based, Oop shift amount: 3

CDS archive(s) not mapped
Compressed class space mapped at: 0x0000000800000000-0x0000000840000000, reserved size: 1073741824
Narrow klass base: 0x0000000800000000, Narrow klass shift: 0, Narrow klass range: 0x40000000

GC Precious Log:
 CardTable entry size: 512
 Card Set container configuration: InlinePtr #cards 4 size 8 Array Of Cards #cards 16 size 48 Howl #buckets 8 coarsen threshold 3686 Howl Bitmap #cards 512 size 80 coarsen threshold 460 Card regions per heap region 1 cards per card region 4096
 CPUs: 8 total, 8 available
 Memory: 16183M
 Large Page Support: Disabled
 NUMA Support: Disabled
 Compressed Oops: Enabled (Zero based)
 Heap Region Size: 2M
 Heap Min Capacity: 8M
 Heap Initial Capacity: 254M
 Heap Max Capacity: 4046M
 Pre-touch: Disabled
 Parallel Workers: 8
 Concurrent Workers: 2
 Concurrent Refinement Workers: 8
 Periodic GC: Disabled

Heap:
 garbage-first heap   total 143360K, used 108027K [0x0000000703200000, 0x0000000800000000)
  region size 2048K, 14 young (28672K), 2 survivors (4096K)
 Metaspace       used 75431K, committed 76480K, reserved 1179648K
  class space    used 8478K, committed 8960K, reserved 1048576K

Heap Regions: E=young(eden), S=young(survivor), O=old, HS=humongous(starts), HC=humongous(continues), CS=collection set, F=free, TAMS=top-at-mark-start, PB=parsable bottom
|   0|0x0000000703200000, 0x0000000703400000, 0x0000000703400000|100%| O|  |TAMS 0x0000000703200000| PB 0x0000000703200000| Untracked 
|   1|0x0000000703400000, 0x0000000703600000, 0x0000000703600000|100%| O|  |TAMS 0x0000000703400000| PB 0x0000000703400000| Untracked 
|   2|0x0000000703600000, 0x0000000703800000, 0x0000000703800000|100%| O|  |TAMS 0x0000000703600000| PB 0x0000000703600000| Untracked 
|   3|0x0000000703800000, 0x0000000703a00000, 0x0000000703a00000|100%| O|  |TAMS 0x0000000703800000| PB 0x0000000703800000| Untracked 
|   4|0x0000000703a00000, 0x0000000703c00000, 0x0000000703c00000|100%|HS|  |TAMS 0x0000000703a00000| PB 0x0000000703a00000| Complete 
|   5|0x0000000703c00000, 0x0000000703e00000, 0x0000000703e00000|100%|HC|  |TAMS 0x0000000703c00000| PB 0x0000000703c00000| Complete 
|   6|0x0000000703e00000, 0x0000000704000000, 0x0000000704000000|100%|HC|  |TAMS 0x0000000703e00000| PB 0x0000000703e00000| Complete 
|   7|0x0000000704000000, 0x0000000704200000, 0x0000000704200000|100%|HC|  |TAMS 0x0000000704000000| PB 0x0000000704000000| Complete 
|   8|0x0000000704200000, 0x0000000704400000, 0x0000000704400000|100%| O|  |TAMS 0x0000000704200000| PB 0x0000000704200000| Untracked 
|   9|0x0000000704400000, 0x0000000704600000, 0x0000000704600000|100%| O|  |TAMS 0x0000000704400000| PB 0x0000000704400000| Untracked 
|  10|0x0000000704600000, 0x0000000704800000, 0x0000000704800000|100%| O|  |TAMS 0x0000000704600000| PB 0x0000000704600000| Untracked 
|  11|0x0000000704800000, 0x0000000704a00000, 0x0000000704a00000|100%| O|  |TAMS 0x0000000704800000| PB 0x0000000704800000| Untracked 
|  12|0x0000000704a00000, 0x0000000704c00000, 0x0000000704c00000|100%| O|  |TAMS 0x0000000704a00000| PB 0x0000000704a00000| Untracked 
|  13|0x0000000704c00000, 0x0000000704e00000, 0x0000000704e00000|100%| O|  |TAMS 0x0000000704c00000| PB 0x0000000704c00000| Untracked 
|  14|0x0000000704e00000, 0x0000000705000000, 0x0000000705000000|100%| O|  |TAMS 0x0000000704e00000| PB 0x0000000704e00000| Untracked 
|  15|0x0000000705000000, 0x0000000705000000, 0x0000000705200000|  0%| F|  |TAMS 0x0000000705000000| PB 0x0000000705000000| Untracked 
|  16|0x0000000705200000, 0x0000000705400000, 0x0000000705400000|100%|HS|  |TAMS 0x0000000705200000| PB 0x0000000705200000| Complete 
|  17|0x0000000705400000, 0x0000000705406140, 0x0000000705600000|  1%| O|  |TAMS 0x0000000705400000| PB 0x0000000705400000| Untracked 
|  18|0x0000000705600000, 0x0000000705800000, 0x0000000705800000|100%| O|  |TAMS 0x0000000705600000| PB 0x0000000705600000| Untracked 
|  19|0x0000000705800000, 0x0000000705a00000, 0x0000000705a00000|100%|HS|  |TAMS 0x0000000705800000| PB 0x0000000705800000| Complete 
|  20|0x0000000705a00000, 0x0000000705c00000, 0x0000000705c00000|100%|HS|  |TAMS 0x0000000705a00000| PB 0x0000000705a00000| Complete 
|  21|0x0000000705c00000, 0x0000000705e00000, 0x0000000705e00000|100%|HC|  |TAMS 0x0000000705c00000| PB 0x0000000705c00000| Complete 
|  22|0x0000000705e00000, 0x0000000706000000, 0x0000000706000000|100%|HS|  |TAMS 0x0000000705e00000| PB 0x0000000705e00000| Complete 
|  23|0x0000000706000000, 0x0000000706200000, 0x0000000706200000|100%|HC|  |TAMS 0x0000000706000000| PB 0x0000000706000000| Complete 
|  24|0x0000000706200000, 0x0000000706400000, 0x0000000706400000|100%|HS|  |TAMS 0x0000000706200000| PB 0x0000000706200000| Complete 
|  25|0x0000000706400000, 0x0000000706600000, 0x0000000706600000|100%|HC|  |TAMS 0x0000000706400000| PB 0x0000000706400000| Complete 
|  26|0x0000000706600000, 0x0000000706800000, 0x0000000706800000|100%|HS|  |TAMS 0x0000000706600000| PB 0x0000000706600000| Complete 
|  27|0x0000000706800000, 0x0000000706a00000, 0x0000000706a00000|100%|HC|  |TAMS 0x0000000706800000| PB 0x0000000706800000| Complete 
|  28|0x0000000706a00000, 0x0000000706c00000, 0x0000000706c00000|100%|HS|  |TAMS 0x0000000706a00000| PB 0x0000000706a00000| Complete 
|  29|0x0000000706c00000, 0x0000000706e00000, 0x0000000706e00000|100%|HC|  |TAMS 0x0000000706c00000| PB 0x0000000706c00000| Complete 
|  30|0x0000000706e00000, 0x0000000707000000, 0x0000000707000000|100%|HS|  |TAMS 0x0000000706e00000| PB 0x0000000706e00000| Complete 
|  31|0x0000000707000000, 0x0000000707200000, 0x0000000707200000|100%|HC|  |TAMS 0x0000000707000000| PB 0x0000000707000000| Complete 
|  32|0x0000000707200000, 0x0000000707400000, 0x0000000707400000|100%|HS|  |TAMS 0x0000000707200000| PB 0x0000000707200000| Complete 
|  33|0x0000000707400000, 0x0000000707600000, 0x0000000707600000|100%|HC|  |TAMS 0x0000000707400000| PB 0x0000000707400000| Complete 
|  34|0x0000000707600000, 0x0000000707800000, 0x0000000707800000|100%|HS|  |TAMS 0x0000000707600000| PB 0x0000000707600000| Complete 
|  35|0x0000000707800000, 0x0000000707a00000, 0x0000000707a00000|100%|HC|  |TAMS 0x0000000707800000| PB 0x0000000707800000| Complete 
|  36|0x0000000707a00000, 0x0000000707a00000, 0x0000000707c00000|  0%| F|  |TAMS 0x0000000707a00000| PB 0x0000000707a00000| Untracked 
|  37|0x0000000707c00000, 0x0000000707e00000, 0x0000000707e00000|100%|HS|  |TAMS 0x0000000707c00000| PB 0x0000000707c00000| Complete 
|  38|0x0000000707e00000, 0x0000000708000000, 0x0000000708000000|100%|HC|  |TAMS 0x0000000707e00000| PB 0x0000000707e00000| Complete 
|  39|0x0000000708000000, 0x0000000708200000, 0x0000000708200000|100%|HS|  |TAMS 0x0000000708000000| PB 0x0000000708000000| Complete 
|  40|0x0000000708200000, 0x0000000708400000, 0x0000000708400000|100%|HC|  |TAMS 0x0000000708200000| PB 0x0000000708200000| Complete 
|  41|0x0000000708400000, 0x0000000708400000, 0x0000000708600000|  0%| F|  |TAMS 0x0000000708400000| PB 0x0000000708400000| Untracked 
|  42|0x0000000708600000, 0x0000000708778e28, 0x0000000708800000| 73%| S|CS|TAMS 0x0000000708600000| PB 0x0000000708600000| Complete 
|  43|0x0000000708800000, 0x0000000708a00000, 0x0000000708a00000|100%| S|CS|TAMS 0x0000000708800000| PB 0x0000000708800000| Complete 
|  44|0x0000000708a00000, 0x0000000708a00000, 0x0000000708c00000|  0%| F|  |TAMS 0x0000000708a00000| PB 0x0000000708a00000| Untracked 
|  45|0x0000000708c00000, 0x0000000708c00000, 0x0000000708e00000|  0%| F|  |TAMS 0x0000000708c00000| PB 0x0000000708c00000| Untracked 
|  46|0x0000000708e00000, 0x0000000708e00000, 0x0000000709000000|  0%| F|  |TAMS 0x0000000708e00000| PB 0x0000000708e00000| Untracked 
|  47|0x0000000709000000, 0x0000000709000000, 0x0000000709200000|  0%| F|  |TAMS 0x0000000709000000| PB 0x0000000709000000| Untracked 
|  48|0x0000000709200000, 0x0000000709200000, 0x0000000709400000|  0%| F|  |TAMS 0x0000000709200000| PB 0x0000000709200000| Untracked 
|  49|0x0000000709400000, 0x0000000709400000, 0x0000000709600000|  0%| F|  |TAMS 0x0000000709400000| PB 0x0000000709400000| Untracked 
|  50|0x0000000709600000, 0x0000000709600000, 0x0000000709800000|  0%| F|  |TAMS 0x0000000709600000| PB 0x0000000709600000| Untracked 
|  51|0x0000000709800000, 0x0000000709800000, 0x0000000709a00000|  0%| F|  |TAMS 0x0000000709800000| PB 0x0000000709800000| Untracked 
|  52|0x0000000709a00000, 0x0000000709a00000, 0x0000000709c00000|  0%| F|  |TAMS 0x0000000709a00000| PB 0x0000000709a00000| Untracked 
|  53|0x0000000709c00000, 0x0000000709c00000, 0x0000000709e00000|  0%| F|  |TAMS 0x0000000709c00000| PB 0x0000000709c00000| Untracked 
|  54|0x0000000709e00000, 0x0000000709e00000, 0x000000070a000000|  0%| F|  |TAMS 0x0000000709e00000| PB 0x0000000709e00000| Untracked 
|  55|0x000000070a000000, 0x000000070a000000, 0x000000070a200000|  0%| F|  |TAMS 0x000000070a000000| PB 0x000000070a000000| Untracked 
|  56|0x000000070a200000, 0x000000070a3936b0, 0x000000070a400000| 78%| E|  |TAMS 0x000000070a200000| PB 0x000000070a200000| Complete 
|  57|0x000000070a400000, 0x000000070a600000, 0x000000070a600000|100%| E|CS|TAMS 0x000000070a400000| PB 0x000000070a400000| Complete 
|  58|0x000000070a600000, 0x000000070a800000, 0x000000070a800000|100%| E|CS|TAMS 0x000000070a600000| PB 0x000000070a600000| Complete 
|  59|0x000000070a800000, 0x000000070aa00000, 0x000000070aa00000|100%| E|CS|TAMS 0x000000070a800000| PB 0x000000070a800000| Complete 
|  60|0x000000070aa00000, 0x000000070ac00000, 0x000000070ac00000|100%| E|CS|TAMS 0x000000070aa00000| PB 0x000000070aa00000| Complete 
|  61|0x000000070ac00000, 0x000000070ae00000, 0x000000070ae00000|100%| E|CS|TAMS 0x000000070ac00000| PB 0x000000070ac00000| Complete 
|  62|0x000000070ae00000, 0x000000070b000000, 0x000000070b000000|100%| E|CS|TAMS 0x000000070ae00000| PB 0x000000070ae00000| Complete 
|  63|0x000000070b000000, 0x000000070b200000, 0x000000070b200000|100%| E|CS|TAMS 0x000000070b000000| PB 0x000000070b000000| Complete 
|  64|0x000000070b200000, 0x000000070b400000, 0x000000070b400000|100%| E|CS|TAMS 0x000000070b200000| PB 0x000000070b200000| Complete 
|  65|0x000000070b400000, 0x000000070b600000, 0x000000070b600000|100%| E|CS|TAMS 0x000000070b400000| PB 0x000000070b400000| Complete 
| 120|0x0000000712200000, 0x0000000712400000, 0x0000000712400000|100%| E|CS|TAMS 0x0000000712200000| PB 0x0000000712200000| Complete 
| 126|0x0000000712e00000, 0x0000000713000000, 0x0000000713000000|100%| E|CS|TAMS 0x0000000712e00000| PB 0x0000000712e00000| Complete 
|2021|0x00000007ffc00000, 0x00000007ffe00000, 0x00000007ffe00000|100%| O|  |TAMS 0x00000007ffc00000| PB 0x00000007ffc00000| Untracked 
|2022|0x00000007ffe00000, 0x0000000800000000, 0x0000000800000000|100%| O|  |TAMS 0x00000007ffe00000| PB 0x00000007ffe00000| Untracked 

Card table byte_map: [0x0000022f7b2c0000,0x0000022f7bab0000] _byte_map_base: 0x0000022f77aa7000

Marking Bits: (CMBitMap*) 0x0000022f786fc3b0
 Bits: [0x0000022f7bab0000, 0x0000022f7f9e8000)

Polling page: 0x0000022f78af0000

Metaspace:

Usage:
  Non-class:     65.41 MB used.
      Class:      8.29 MB used.
       Both:     73.69 MB used.

Virtual space:
  Non-class space:      128.00 MB reserved,      65.94 MB ( 52%) committed,  2 nodes.
      Class space:        1.00 GB reserved,       8.75 MB ( <1%) committed,  1 nodes.
             Both:        1.12 GB reserved,      74.69 MB (  6%) committed. 

Chunk freelists:
   Non-Class:  13.56 MB
       Class:  7.20 MB
        Both:  20.77 MB

MaxMetaspaceSize: unlimited
CompressedClassSpaceSize: 1.00 GB
Initial GC threshold: 21.00 MB
Current GC threshold: 111.50 MB
CDS: off
 - commit_granule_bytes: 65536.
 - commit_granule_words: 8192.
 - virtual_space_node_default_size: 8388608.
 - enlarge_chunks_in_place: 1.
 - use_allocation_guard: 0.


Internal statistics:

num_allocs_failed_limit: 9.
num_arena_births: 950.
num_arena_deaths: 0.
num_vsnodes_births: 3.
num_vsnodes_deaths: 0.
num_space_committed: 1195.
num_space_uncommitted: 0.
num_chunks_returned_to_freelist: 9.
num_chunks_taken_from_freelist: 2821.
num_chunk_merges: 9.
num_chunk_splits: 1911.
num_chunks_enlarged: 1269.
num_inconsistent_stats: 0.

CodeHeap 'non-profiled nmethods': size=120000Kb used=3646Kb max_used=3646Kb free=116353Kb
 bounds [0x0000022f10ce0000, 0x0000022f11070000, 0x0000022f18210000]
CodeHeap 'profiled nmethods': size=120000Kb used=11519Kb max_used=11519Kb free=108480Kb
 bounds [0x0000022f09210000, 0x0000022f09d50000, 0x0000022f10740000]
CodeHeap 'non-nmethods': size=5760Kb used=1986Kb max_used=2048Kb free=3773Kb
 bounds [0x0000022f10740000, 0x0000022f109b0000, 0x0000022f10ce0000]
CodeCache: size=245760Kb, used=17151Kb, max_used=17213Kb, free=228606Kb
 total_blobs=7018, nmethods=6114, adapters=807, full_count=1
Compilation: disabled (not enough contiguous free space left), stopped_count=1, restarted_count=0

Compilation events (20 events):
Event: 6.166 Thread 0x0000022f1a842910 nmethod 7088 0x0000022f09d2ef90 code [0x0000022f09d2f240, 0x0000022f09d2fe68]
Event: 6.167 Thread 0x0000022f1a842910 7090       3       com.st.components.pdscmanager.xml.conditions.Condition::isCompliant (56 bytes)
Event: 6.168 Thread 0x0000022f1a842910 nmethod 7090 0x0000022f09d30190 code [0x0000022f09d30380, 0x0000022f09d308a0]
Event: 6.168 Thread 0x0000022f1a8436b0 7091       4       java.lang.StringConcatHelper::mix (27 bytes)
Event: 6.169 Thread 0x0000022f1a814150 7092       4       java.lang.invoke.LambdaForm$MH/0x0000000800182800::invoke (46 bytes)
Event: 6.169 Thread 0x0000022f1a8436b0 nmethod 7091 0x0000022f1106aa10 code [0x0000022f1106aba0, 0x0000022f1106ac80]
Event: 6.170 Thread 0x0000022f1a814150 nmethod 7092 0x0000022f1106ad90 code [0x0000022f1106af40, 0x0000022f1106b100]
Event: 6.170 Thread 0x0000022f1a814150 7093       4       java.lang.StringConcatHelper::prepend (22 bytes)
Event: 6.171 Thread 0x0000022f1a842910 7094       3       com.st.ipmodeconfigmanager.xml.FilterComponent::addAccepts (12 bytes)
Event: 6.172 Thread 0x0000022f1a842910 nmethod 7094 0x0000022f09d30a90 code [0x0000022f09d30c40, 0x0000022f09d30e20]
Event: 6.172 Thread 0x0000022f1a8436b0 7095       4       com.st.ipmodeconfigmanager.xml.FilterComponent::isEqual (316 bytes)
Event: 6.172 Thread 0x0000022f1a842910 7096       3       com.st.ipmodeconfigmanager.engine.ConditionMgr::parseConditionList (202 bytes)
Event: 6.172 Thread 0x0000022f1a842910 nmethod 7096 0x0000022f09d30f10 code [0x0000022f09d31200, 0x0000022f09d322d0]
Event: 6.173 Thread 0x0000022f1a842910 7097       3       com.st.ipmodeconfigmanager.engine.ConditionMgr::mergeFilterComponent (166 bytes)
Event: 6.174 Thread 0x0000022f1a842910 nmethod 7097 0x0000022f09d32810 code [0x0000022f09d32ba0, 0x0000022f09d347b0]
Event: 6.174 Thread 0x0000022f1a842910 7099       3       com.st.ipmodeconfigmanager.xml.FilterComponent::<init> (373 bytes)
Event: 6.174 Thread 0x0000022f1a814150 nmethod 7093 0x0000022f1106b310 code [0x0000022f1106b4e0, 0x0000022f1106baf0]
Event: 6.175 Thread 0x0000022f1a814150 7101       4       java.util.regex.Pattern$StartS::match (138 bytes)
Event: 6.175 Thread 0x0000022f1a842910 nmethod 7099 0x0000022f09d34f10 code [0x0000022f09d35340, 0x0000022f09d37ac8]
Event: 6.177 Thread 0x0000022f1a842910 7100       3       com.st.ipmodeconfigmanager.engine.ConditionMgr::getCondition (119 bytes)

GC Heap History (20 events):
Event: 3.320 GC heap before
{Heap before GC invocations=10 (full 0):
 garbage-first heap   total 59392K, used 48557K [0x0000000703200000, 0x0000000800000000)
  region size 2048K, 12 young (24576K), 2 survivors (4096K)
 Metaspace       used 58593K, committed 59584K, reserved 1114112K
  class space    used 6497K, committed 6976K, reserved 1048576K
}
Event: 3.322 GC heap after
{Heap after GC invocations=11 (full 0):
 garbage-first heap   total 59392K, used 31136K [0x0000000703200000, 0x0000000800000000)
  region size 2048K, 2 young (4096K), 2 survivors (4096K)
 Metaspace       used 58593K, committed 59584K, reserved 1114112K
  class space    used 6497K, committed 6976K, reserved 1048576K
}
Event: 3.511 GC heap before
{Heap before GC invocations=11 (full 0):
 garbage-first heap   total 59392K, used 45472K [0x0000000703200000, 0x0000000800000000)
  region size 2048K, 10 young (20480K), 2 survivors (4096K)
 Metaspace       used 58939K, committed 59904K, reserved 1114112K
  class space    used 6533K, committed 6976K, reserved 1048576K
}
Event: 3.513 GC heap after
{Heap after GC invocations=12 (full 0):
 garbage-first heap   total 59392K, used 32675K [0x0000000703200000, 0x0000000800000000)
  region size 2048K, 1 young (2048K), 1 survivors (2048K)
 Metaspace       used 58939K, committed 59904K, reserved 1114112K
  class space    used 6533K, committed 6976K, reserved 1048576K
}
Event: 3.683 GC heap before
{Heap before GC invocations=13 (full 0):
 garbage-first heap   total 59392K, used 38819K [0x0000000703200000, 0x0000000800000000)
  region size 2048K, 5 young (10240K), 1 survivors (2048K)
 Metaspace       used 60623K, committed 61632K, reserved 1114112K
  class space    used 6774K, committed 7232K, reserved 1048576K
}
Event: 3.684 GC heap after
{Heap after GC invocations=14 (full 0):
 garbage-first heap   total 59392K, used 33779K [0x0000000703200000, 0x0000000800000000)
  region size 2048K, 2 young (4096K), 2 survivors (4096K)
 Metaspace       used 60623K, committed 61632K, reserved 1114112K
  class space    used 6774K, committed 7232K, reserved 1048576K
}
Event: 3.905 GC heap before
{Heap before GC invocations=15 (full 0):
 garbage-first heap   total 65536K, used 48115K [0x0000000703200000, 0x0000000800000000)
  region size 2048K, 9 young (18432K), 2 survivors (4096K)
 Metaspace       used 63333K, committed 64320K, reserved 1114112K
  class space    used 7097K, committed 7552K, reserved 1048576K
}
Event: 3.908 GC heap after
{Heap after GC invocations=16 (full 0):
 garbage-first heap   total 65536K, used 39682K [0x0000000703200000, 0x0000000800000000)
  region size 2048K, 2 young (4096K), 2 survivors (4096K)
 Metaspace       used 63333K, committed 64320K, reserved 1114112K
  class space    used 7097K, committed 7552K, reserved 1048576K
}
Event: 4.448 GC heap before
{Heap before GC invocations=16 (full 0):
 garbage-first heap   total 65536K, used 47874K [0x0000000703200000, 0x0000000800000000)
  region size 2048K, 8 young (16384K), 2 survivors (4096K)
 Metaspace       used 67423K, committed 68416K, reserved 1114112K
  class space    used 7585K, committed 8064K, reserved 1048576K
}
Event: 4.451 GC heap after
{Heap after GC invocations=17 (full 0):
 garbage-first heap   total 79872K, used 40104K [0x0000000703200000, 0x0000000800000000)
  region size 2048K, 1 young (2048K), 1 survivors (2048K)
 Metaspace       used 67423K, committed 68416K, reserved 1114112K
  class space    used 7585K, committed 8064K, reserved 1048576K
}
Event: 4.766 GC heap before
{Heap before GC invocations=18 (full 0):
 garbage-first heap   total 88064K, used 87208K [0x0000000703200000, 0x0000000800000000)
  region size 2048K, 11 young (22528K), 1 survivors (2048K)
 Metaspace       used 67468K, committed 68480K, reserved 1114112K
  class space    used 7592K, committed 8064K, reserved 1048576K
}
Event: 4.767 GC heap after
{Heap after GC invocations=19 (full 0):
 garbage-first heap   total 90112K, used 66998K [0x0000000703200000, 0x0000000800000000)
  region size 2048K, 1 young (2048K), 1 survivors (2048K)
 Metaspace       used 67468K, committed 68480K, reserved 1114112K
  class space    used 7592K, committed 8064K, reserved 1048576K
}
Event: 4.832 GC heap before
{Heap before GC invocations=19 (full 0):
 garbage-first heap   total 90112K, used 89526K [0x0000000703200000, 0x0000000800000000)
  region size 2048K, 6 young (12288K), 1 survivors (2048K)
 Metaspace       used 67471K, committed 68544K, reserved 1114112K
  class space    used 7592K, committed 8064K, reserved 1048576K
}
Event: 4.834 GC heap after
{Heap after GC invocations=20 (full 0):
 garbage-first heap   total 96256K, used 78639K [0x0000000703200000, 0x0000000800000000)
  region size 2048K, 1 young (2048K), 1 survivors (2048K)
 Metaspace       used 67471K, committed 68544K, reserved 1114112K
  class space    used 7592K, committed 8064K, reserved 1048576K
}
Event: 4.842 GC heap before
{Heap before GC invocations=20 (full 0):
 garbage-first heap   total 96256K, used 80687K [0x0000000703200000, 0x0000000800000000)
  region size 2048K, 3 young (6144K), 1 survivors (2048K)
 Metaspace       used 67471K, committed 68544K, reserved 1114112K
  class space    used 7592K, committed 8064K, reserved 1048576K
}
Event: 4.843 GC heap after
{Heap after GC invocations=21 (full 0):
 garbage-first heap   total 96256K, used 78463K [0x0000000703200000, 0x0000000800000000)
  region size 2048K, 1 young (2048K), 1 survivors (2048K)
 Metaspace       used 67471K, committed 68544K, reserved 1114112K
  class space    used 7592K, committed 8064K, reserved 1048576K
}
Event: 5.252 GC heap before
{Heap before GC invocations=22 (full 0):
 garbage-first heap   total 143360K, used 90751K [0x0000000703200000, 0x0000000800000000)
  region size 2048K, 5 young (10240K), 1 survivors (2048K)
 Metaspace       used 67944K, committed 69056K, reserved 1114112K
  class space    used 7653K, committed 8192K, reserved 1048576K
}
Event: 5.254 GC heap after
{Heap after GC invocations=23 (full 0):
 garbage-first heap   total 143360K, used 83096K [0x0000000703200000, 0x0000000800000000)
  region size 2048K, 1 young (2048K), 1 survivors (2048K)
 Metaspace       used 67944K, committed 69056K, reserved 1114112K
  class space    used 7653K, committed 8192K, reserved 1048576K
}
Event: 6.024 GC heap before
{Heap before GC invocations=23 (full 0):
 garbage-first heap   total 143360K, used 128152K [0x0000000703200000, 0x0000000800000000)
  region size 2048K, 24 young (49152K), 1 survivors (2048K)
 Metaspace       used 74695K, committed 75776K, reserved 1179648K
  class space    used 8390K, committed 8896K, reserved 1048576K
}
Event: 6.031 GC heap after
{Heap after GC invocations=24 (full 0):
 garbage-first heap   total 143360K, used 85499K [0x0000000703200000, 0x0000000800000000)
  region size 2048K, 2 young (4096K), 2 survivors (4096K)
 Metaspace       used 74695K, committed 75776K, reserved 1179648K
  class space    used 8390K, committed 8896K, reserved 1048576K
}

Dll operation events (19 events):
Event: 0.006 Loaded shared library C:\Program Files\STMicroelectronics\STM32Cube\STM32CubeMX\jre\bin\java.dll
Event: 0.044 Loaded shared library C:\Program Files\STMicroelectronics\STM32Cube\STM32CubeMX\jre\bin\jsvml.dll
Event: 0.071 Loaded shared library C:\Program Files\STMicroelectronics\STM32Cube\STM32CubeMX\jre\bin\net.dll
Event: 0.073 Loaded shared library C:\Program Files\STMicroelectronics\STM32Cube\STM32CubeMX\jre\bin\nio.dll
Event: 0.099 Loaded shared library C:\Program Files\STMicroelectronics\STM32Cube\STM32CubeMX\jre\bin\zip.dll
Event: 0.141 Loaded shared library C:\Program Files\STMicroelectronics\STM32Cube\STM32CubeMX\jre\bin\jimage.dll
Event: 0.292 Loaded shared library C:\Program Files\STMicroelectronics\STM32Cube\STM32CubeMX\jre\bin\management.dll
Event: 0.298 Loaded shared library C:\Program Files\STMicroelectronics\STM32Cube\STM32CubeMX\jre\bin\management_ext.dll
Event: 0.800 Loaded shared library C:\Program Files\STMicroelectronics\STM32Cube\STM32CubeMX\jre\bin\verify.dll
Event: 0.891 Loaded shared library C:\Program Files\STMicroelectronics\STM32Cube\STM32CubeMX\jre\bin\prefs.dll
Event: 0.903 Loaded shared library C:\Program Files\STMicroelectronics\STM32Cube\STM32CubeMX\jre\bin\awt.dll
Event: 1.149 Loaded shared library C:\Users\William\AppData\Local\Temp\jna--1282435805\jna12521287393989747486.dll
Event: 1.740 Loaded shared library C:\Program Files\STMicroelectronics\STM32Cube\STM32CubeMX\jre\bin\freetype.dll
Event: 1.741 Loaded shared library C:\Program Files\STMicroelectronics\STM32Cube\STM32CubeMX\jre\bin\fontmanager.dll
Event: 3.824 Loaded shared library C:\Program Files\STMicroelectronics\STM32Cube\STM32CubeMX\jre\bin\sunmscapi.dll
Event: 4.046 Loaded shared library C:\Program Files\STMicroelectronics\STM32Cube\STM32CubeMX\jre\bin\extnet.dll
Event: 4.445 Loaded shared library C:\Program Files\STMicroelectronics\STM32Cube\STM32CubeMX\jre\bin\javajpeg.dll
Event: 5.499 Loaded shared library C:\Users\William\.stm32cubemx\.jxbrowser-8.15.0\Chromium\toolkit64.dll
Event: 5.717 Loaded shared library C:\Users\William\.stm32cubemx\.jxbrowser-8.15.0\Chromium\ipc64.dll

Deoptimization events (20 events):
Event: 6.096 Thread 0x0000022f202fc550 Uncommon trap: trap_request=0xffffff45 fr.pc=0x0000022f10f4bc60 relative=0x00000000000004a0
Event: 6.096 Thread 0x0000022f202fc550 Uncommon trap: reason=unstable_if action=reinterpret pc=0x0000022f10f4bc60 method=java.lang.StringConcatHelper.prepend(J[BLjava/lang/String;)J @ 13 c2
Event: 6.096 Thread 0x0000022f202fc550 DEOPT PACKING pc=0x0000022f10f4bc60 sp=0x00000075156fe8d0
Event: 6.096 Thread 0x0000022f202fc550 DEOPT UNPACKING pc=0x0000022f10797ba2 sp=0x00000075156fe810 mode 2
Event: 6.096 Thread 0x0000022f202fc550 Uncommon trap: trap_request=0xffffff45 fr.pc=0x0000022f10d93074 relative=0x0000000000000154
Event: 6.096 Thread 0x0000022f202fc550 Uncommon trap: reason=unstable_if action=reinterpret pc=0x0000022f10d93074 method=java.lang.StringConcatHelper.prepend(J[BLjava/lang/String;)J @ 13 c2
Event: 6.096 Thread 0x0000022f202fc550 DEOPT PACKING pc=0x0000022f10d93074 sp=0x00000075156fe840
Event: 6.096 Thread 0x0000022f202fc550 DEOPT UNPACKING pc=0x0000022f10797ba2 sp=0x00000075156fe810 mode 2
Event: 6.096 Thread 0x0000022f202fc550 Uncommon trap: trap_request=0xffffff45 fr.pc=0x0000022f10df8ce4 relative=0x00000000000000c4
Event: 6.096 Thread 0x0000022f202fc550 Uncommon trap: reason=unstable_if action=reinterpret pc=0x0000022f10df8ce4 method=java.lang.StringConcatHelper.newString([BJ)Ljava/lang/String; @ 3 c2
Event: 6.096 Thread 0x0000022f202fc550 DEOPT PACKING pc=0x0000022f10df8ce4 sp=0x00000075156fe9a0
Event: 6.096 Thread 0x0000022f202fc550 DEOPT UNPACKING pc=0x0000022f10797ba2 sp=0x00000075156fe928 mode 2
Event: 6.104 Thread 0x0000022f202fc550 DEOPT PACKING pc=0x0000022f09cf523e sp=0x00000075156fe600
Event: 6.104 Thread 0x0000022f202fc550 DEOPT UNPACKING pc=0x0000022f107986e2 sp=0x00000075156fdaa0 mode 0
Event: 6.126 Thread 0x0000022f202fc550 DEOPT PACKING pc=0x0000022f09a9a670 sp=0x00000075156fea40
Event: 6.126 Thread 0x0000022f202fc550 DEOPT UNPACKING pc=0x0000022f107986e2 sp=0x00000075156fdf38 mode 0
Event: 6.174 Thread 0x0000022f202fc550 Uncommon trap: trap_request=0xffffff6e fr.pc=0x0000022f1106889c relative=0x00000000000005fc
Event: 6.174 Thread 0x0000022f202fc550 Uncommon trap: reason=loop_limit_check action=maybe_recompile pc=0x0000022f1106889c method=java.util.regex.Pattern$StartS.match(Ljava/util/regex/Matcher;ILjava/lang/CharSequence;)Z @ 34 c2
Event: 6.174 Thread 0x0000022f202fc550 DEOPT PACKING pc=0x0000022f1106889c sp=0x00000075156fe9c0
Event: 6.175 Thread 0x0000022f202fc550 DEOPT UNPACKING pc=0x0000022f10797ba2 sp=0x00000075156fe970 mode 2

Classes loaded (20 events):
Event: 5.696 Loading class java/io/ObjectOutputStream$ReplaceTable
Event: 5.696 Loading class java/io/ObjectOutputStream$ReplaceTable done
Event: 5.821 Loading class java/util/zip/CheckedInputStream
Event: 5.821 Loading class java/util/zip/CheckedInputStream done
Event: 5.886 Loading class java/util/concurrent/CompletableFuture
Event: 5.887 Loading class java/util/concurrent/CompletionStage
Event: 5.887 Loading class java/util/concurrent/CompletionStage done
Event: 5.888 Loading class java/util/concurrent/CompletableFuture done
Event: 5.888 Loading class java/util/concurrent/CompletableFuture$AltResult
Event: 5.888 Loading class java/util/concurrent/CompletableFuture$AltResult done
Event: 5.888 Loading class java/util/concurrent/CompletableFuture$Completion
Event: 5.888 Loading class java/util/concurrent/CompletableFuture$AsynchronousCompletionTask
Event: 5.888 Loading class java/util/concurrent/CompletableFuture$AsynchronousCompletionTask done
Event: 5.888 Loading class java/util/concurrent/ForkJoinTask
Event: 5.889 Loading class java/util/concurrent/ForkJoinTask done
Event: 5.889 Loading class java/util/concurrent/CompletableFuture$Completion done
Event: 5.890 Loading class java/util/concurrent/CompletableFuture$Signaller
Event: 5.890 Loading class java/util/concurrent/CompletableFuture$Signaller done
Event: 5.890 Loading class java/util/concurrent/ForkJoinTask$Aux
Event: 5.890 Loading class java/util/concurrent/ForkJoinTask$Aux done

Classes unloaded (0 events):
No events

Classes redefined (0 events):
No events

Internal exceptions (20 events):
Event: 6.105 Thread 0x0000022f202fc550 Exception <a 'java/lang/ArrayIndexOutOfBoundsException'{0x000000070b0b54a0}> (0x000000070b0b54a0) 
thrown [s\src\hotspot\share\runtime\sharedRuntime.cpp, line 625]
Event: 6.105 Thread 0x0000022f202fc550 Exception <a 'java/lang/ArrayIndexOutOfBoundsException'{0x000000070b0b61a8}> (0x000000070b0b61a8) 
thrown [s\src\hotspot\share\runtime\sharedRuntime.cpp, line 625]
Event: 6.105 Thread 0x0000022f202fc550 Exception <a 'java/lang/ArrayIndexOutOfBoundsException'{0x000000070b0bb3a8}> (0x000000070b0bb3a8) 
thrown [s\src\hotspot\share\runtime\sharedRuntime.cpp, line 625]
Event: 6.105 Thread 0x0000022f202fc550 Exception <a 'java/lang/ArrayIndexOutOfBoundsException'{0x000000070b0bb870}> (0x000000070b0bb870) 
thrown [s\src\hotspot\share\runtime\sharedRuntime.cpp, line 625]
Event: 6.134 Thread 0x0000022f202fc550 Exception <a 'java/lang/ArrayIndexOutOfBoundsException'{0x000000070b1dab30}> (0x000000070b1dab30) 
thrown [s\src\hotspot\share\runtime\sharedRuntime.cpp, line 625]
Event: 6.134 Thread 0x0000022f202fc550 Exception <a 'java/lang/ArrayIndexOutOfBoundsException'{0x000000070b1db808}> (0x000000070b1db808) 
thrown [s\src\hotspot\share\runtime\sharedRuntime.cpp, line 625]
Event: 6.134 Thread 0x0000022f202fc550 Exception <a 'java/lang/ArrayIndexOutOfBoundsException'{0x000000070b1dbd18}> (0x000000070b1dbd18) 
thrown [s\src\hotspot\share\runtime\sharedRuntime.cpp, line 625]
Event: 6.134 Thread 0x0000022f202fc550 Exception <a 'java/lang/ArrayIndexOutOfBoundsException'{0x000000070b1dca20}> (0x000000070b1dca20) 
thrown [s\src\hotspot\share\runtime\sharedRuntime.cpp, line 625]
Event: 6.134 Thread 0x0000022f202fc550 Exception <a 'java/lang/ArrayIndexOutOfBoundsException'{0x000000070b1dd730}> (0x000000070b1dd730) 
thrown [s\src\hotspot\share\runtime\sharedRuntime.cpp, line 625]
Event: 6.134 Thread 0x0000022f202fc550 Exception <a 'java/lang/ArrayIndexOutOfBoundsException'{0x000000070b1de408}> (0x000000070b1de408) 
thrown [s\src\hotspot\share\runtime\sharedRuntime.cpp, line 625]
Event: 6.134 Thread 0x0000022f202fc550 Exception <a 'java/lang/ArrayIndexOutOfBoundsException'{0x000000070b1de918}> (0x000000070b1de918) 
thrown [s\src\hotspot\share\runtime\sharedRuntime.cpp, line 625]
Event: 6.134 Thread 0x0000022f202fc550 Exception <a 'java/lang/ArrayIndexOutOfBoundsException'{0x000000070b1df620}> (0x000000070b1df620) 
thrown [s\src\hotspot\share\runtime\sharedRuntime.cpp, line 625]
Event: 6.134 Thread 0x0000022f202fc550 Exception <a 'java/lang/ArrayIndexOutOfBoundsException'{0x000000070b1e02f8}> (0x000000070b1e02f8) 
thrown [s\src\hotspot\share\runtime\sharedRuntime.cpp, line 625]
Event: 6.134 Thread 0x0000022f202fc550 Exception <a 'java/lang/ArrayIndexOutOfBoundsException'{0x000000070b1e0fd0}> (0x000000070b1e0fd0) 
thrown [s\src\hotspot\share\runtime\sharedRuntime.cpp, line 625]
Event: 6.134 Thread 0x0000022f202fc550 Exception <a 'java/lang/ArrayIndexOutOfBoundsException'{0x000000070b1e14e0}> (0x000000070b1e14e0) 
thrown [s\src\hotspot\share\runtime\sharedRuntime.cpp, line 625]
Event: 6.134 Thread 0x0000022f202fc550 Exception <a 'java/lang/ArrayIndexOutOfBoundsException'{0x000000070b1e21e8}> (0x000000070b1e21e8) 
thrown [s\src\hotspot\share\runtime\sharedRuntime.cpp, line 625]
Event: 6.135 Thread 0x0000022f202fc550 Exception <a 'java/lang/ArrayIndexOutOfBoundsException'{0x000000070b1ea610}> (0x000000070b1ea610) 
thrown [s\src\hotspot\share\runtime\sharedRuntime.cpp, line 625]
Event: 6.135 Thread 0x0000022f202fc550 Exception <a 'java/lang/ArrayIndexOutOfBoundsException'{0x000000070b1eaad8}> (0x000000070b1eaad8) 
thrown [s\src\hotspot\share\runtime\sharedRuntime.cpp, line 625]
Event: 6.162 Thread 0x0000022f202fc550 Exception <a 'java/lang/ArrayIndexOutOfBoundsException'{0x000000070ac1f4b0}> (0x000000070ac1f4b0) 
thrown [s\src\hotspot\share\runtime\sharedRuntime.cpp, line 625]
Event: 6.162 Thread 0x0000022f202fc550 Exception <a 'java/lang/ArrayIndexOutOfBoundsException'{0x000000070ac1f978}> (0x000000070ac1f978) 
thrown [s\src\hotspot\share\runtime\sharedRuntime.cpp, line 625]

ZGC Phase Switch (0 events):
No events

VM Operations (20 events):
Event: 4.474 Executing VM operation: G1PauseCleanup
Event: 4.474 Executing VM operation: G1PauseCleanup done
Event: 4.766 Executing VM operation: G1CollectForAllocation (G1 Evacuation Pause)
Event: 4.767 Executing VM operation: G1CollectForAllocation (G1 Evacuation Pause) done
Event: 4.832 Executing VM operation: G1CollectForAllocation (G1 Evacuation Pause)
Event: 4.834 Executing VM operation: G1CollectForAllocation (G1 Evacuation Pause) done
Event: 4.842 Executing VM operation: G1TryInitiateConcMark (G1 Humongous Allocation)
Event: 4.843 Executing VM operation: G1TryInitiateConcMark (G1 Humongous Allocation) done
Event: 4.864 Executing VM operation: G1PauseRemark
Event: 4.866 Executing VM operation: G1PauseRemark done
Event: 4.872 Executing VM operation: G1PauseCleanup
Event: 4.872 Executing VM operation: G1PauseCleanup done
Event: 5.252 Executing VM operation: G1CollectForAllocation (G1 Evacuation Pause)
Event: 5.254 Executing VM operation: G1CollectForAllocation (G1 Evacuation Pause) done
Event: 5.527 Executing VM operation: HandshakeAllThreads (Deoptimize)
Event: 5.527 Executing VM operation: HandshakeAllThreads (Deoptimize) done
Event: 5.937 Executing VM operation: ICBufferFull
Event: 5.937 Executing VM operation: ICBufferFull done
Event: 6.024 Executing VM operation: G1CollectForAllocation (G1 Evacuation Pause)
Event: 6.031 Executing VM operation: G1CollectForAllocation (G1 Evacuation Pause) done

Memory protections (0 events):
No events

Nmethod flushes (20 events):
Event: 4.866 Thread 0x0000022f7fe81050 flushing  nmethod 0x0000022f097f1610
Event: 4.866 Thread 0x0000022f7fe81050 flushing  nmethod 0x0000022f09986610
Event: 4.866 Thread 0x0000022f7fe81050 flushing  nmethod 0x0000022f09b03090
Event: 4.866 Thread 0x0000022f7fe81050 flushing  nmethod 0x0000022f09b03990
Event: 4.866 Thread 0x0000022f7fe81050 flushing  nmethod 0x0000022f09b03d10
Event: 4.866 Thread 0x0000022f7fe81050 flushing  nmethod 0x0000022f09b04310
Event: 4.866 Thread 0x0000022f7fe81050 flushing  nmethod 0x0000022f09b04d10
Event: 4.866 Thread 0x0000022f7fe81050 flushing  nmethod 0x0000022f09b05610
Event: 4.866 Thread 0x0000022f7fe81050 flushing  nmethod 0x0000022f09b06890
Event: 4.866 Thread 0x0000022f7fe81050 flushing  nmethod 0x0000022f09b07290
Event: 4.866 Thread 0x0000022f7fe81050 flushing  nmethod 0x0000022f09b07610
Event: 4.866 Thread 0x0000022f7fe81050 flushing  nmethod 0x0000022f09b07b10
Event: 4.866 Thread 0x0000022f7fe81050 flushing  nmethod 0x0000022f095d8d10
Event: 4.866 Thread 0x0000022f7fe81050 flushing  nmethod 0x0000022f095df890
Event: 4.866 Thread 0x0000022f7fe81050 flushing  nmethod 0x0000022f09773c10
Event: 4.866 Thread 0x0000022f7fe81050 flushing  nmethod 0x0000022f09774b90
Event: 4.866 Thread 0x0000022f7fe81050 flushing  nmethod 0x0000022f097cfd10
Event: 4.866 Thread 0x0000022f7fe81050 flushing  nmethod 0x0000022f09836890
Event: 4.866 Thread 0x0000022f7fe81050 flushing  nmethod 0x0000022f09838a10
Event: 4.866 Thread 0x0000022f7fe81050 flushing  nmethod 0x0000022f09992a10

Events (20 events):
Event: 5.251 Thread 0x0000022f7852a560 Thread added: 0x0000022f202ff340
Event: 5.255 Thread 0x0000022f7852a560 Thread added: 0x0000022f202fd900
Event: 5.270 Thread 0x0000022f1a842910 Thread added: 0x0000022f1a8436b0
Event: 5.286 Thread 0x0000022f202ff340 Thread exited: 0x0000022f202ff340
Event: 5.402 Thread 0x0000022f20cbeed0 Thread added: 0x0000022f202ff340
Event: 5.403 Thread 0x0000022f202ff340 Thread exited: 0x0000022f202ff340
Event: 5.478 Thread 0x0000022f202fcbe0 Thread exited: 0x0000022f202fcbe0
Event: 5.488 Thread 0x0000022f202fdf90 Thread added: 0x0000022f202fcbe0
Event: 5.492 Thread 0x0000022f202fdf90 Thread added: 0x0000022f202fecb0
Event: 5.529 Thread 0x0000022f202fecb0 Thread added: 0x0000022f202ff340
Event: 5.541 Thread 0x0000022f20cbeed0 Thread added: 0x0000022f205ccc50
Event: 5.545 Thread 0x0000022f205ccc50 Thread exited: 0x0000022f205ccc50
Event: 5.691 Thread 0x0000022f20cbeed0 Thread added: 0x0000022f205cf3b0
Event: 5.692 Thread 0x0000022f205cf3b0 Thread exited: 0x0000022f205cf3b0
Event: 5.715 Thread 0x0000022f20cbeed0 Thread exited: 0x0000022f20cbeed0
Event: 5.718 Thread 0x0000022f2178c820 Thread added: 0x0000022f2178c820
Event: 5.721 Thread 0x0000022f202fcbe0 Thread added: 0x0000022f2178e260
Event: 5.731 Thread 0x0000022f202fcbe0 Thread added: 0x0000022f2178d540
Event: 6.103 Thread 0x0000022f202fcbe0 Thread added: 0x0000022f2178f610
Event: 6.104 Thread 0x0000022f202fcbe0 Thread added: 0x0000022f2178fca0


Dynamic libraries:
0x00007ff7d3790000 - 0x00007ff7d379e000 	C:\Program Files\STMicroelectronics\STM32Cube\STM32CubeMX\jre\bin\java.exe
0x00007ffc80ba0000 - 0x00007ffc80e07000 	C:\WINDOWS\SYSTEM32\ntdll.dll
0x00007ffc801a0000 - 0x00007ffc80269000 	C:\WINDOWS\System32\KERNEL32.DLL
0x00007ffc7d7e0000 - 0x00007ffc7dbd7000 	C:\WINDOWS\System32\KERNELBASE.dll
0x00007ffc7a9c0000 - 0x00007ffc7aa60000 	C:\WINDOWS\SYSTEM32\apphelp.dll
0x00007ffc7dbe0000 - 0x00007ffc7dd2b000 	C:\WINDOWS\System32\ucrtbase.dll
0x00007ffc6e840000 - 0x00007ffc6e858000 	C:\Program Files\STMicroelectronics\STM32Cube\STM32CubeMX\jre\bin\jli.dll
0x00007ffc80860000 - 0x00007ffc80a26000 	C:\WINDOWS\System32\USER32.dll
0x00007ffc6a1a0000 - 0x00007ffc6a1be000 	C:\Program Files\STMicroelectronics\STM32Cube\STM32CubeMX\jre\bin\VCRUNTIME140.dll
0x00007ffc7d7b0000 - 0x00007ffc7d7d7000 	C:\WINDOWS\System32\win32u.dll
0x00007ffc80b30000 - 0x00007ffc80b5b000 	C:\WINDOWS\System32\GDI32.dll
0x00007ffc61b20000 - 0x00007ffc61db2000 	C:\WINDOWS\WinSxS\amd64_microsoft.windows.common-controls_6595b64144ccf1df_6.0.26100.8457_none_3e0b2faee331e92d\COMCTL32.dll
0x00007ffc7d5d0000 - 0x00007ffc7d6fc000 	C:\WINDOWS\System32\gdi32full.dll
0x00007ffc804b0000 - 0x00007ffc80559000 	C:\WINDOWS\System32\msvcrt.dll
0x00007ffc7dd30000 - 0x00007ffc7ddd3000 	C:\WINDOWS\System32\msvcp_win.dll
0x00007ffc80a30000 - 0x00007ffc80a62000 	C:\WINDOWS\System32\IMM32.DLL
0x00007ffc78a40000 - 0x00007ffc78a4c000 	C:\Program Files\STMicroelectronics\STM32Cube\STM32CubeMX\jre\bin\vcruntime140_1.dll
0x00007ffc69d60000 - 0x00007ffc69ded000 	C:\Program Files\STMicroelectronics\STM32Cube\STM32CubeMX\jre\bin\msvcp140.dll
0x00007ffbea320000 - 0x00007ffbeb0c0000 	C:\Program Files\STMicroelectronics\STM32Cube\STM32CubeMX\jre\bin\server\jvm.dll
0x00007ffc80a70000 - 0x00007ffc80b26000 	C:\WINDOWS\System32\ADVAPI32.dll
0x00007ffc7fed0000 - 0x00007ffc7ff77000 	C:\WINDOWS\System32\sechost.dll
0x00007ffc7ff80000 - 0x00007ffc80098000 	C:\WINDOWS\System32\RPCRT4.dll
0x00007ffc7fe40000 - 0x00007ffc7fec0000 	C:\WINDOWS\System32\WS2_32.dll
0x00007ffc7d430000 - 0x00007ffc7d48e000 	C:\WINDOWS\SYSTEM32\POWRPROF.dll
0x00007ffc74bc0000 - 0x00007ffc74bf6000 	C:\WINDOWS\SYSTEM32\WINMM.dll
0x00007ffc74890000 - 0x00007ffc7489b000 	C:\WINDOWS\SYSTEM32\VERSION.dll
0x00007ffc7d410000 - 0x00007ffc7d424000 	C:\WINDOWS\SYSTEM32\UMPDC.dll
0x00007ffc7c360000 - 0x00007ffc7c37b000 	C:\WINDOWS\SYSTEM32\kernel.appcore.dll
0x00007ffc6ab00000 - 0x00007ffc6ab0a000 	C:\Program Files\STMicroelectronics\STM32Cube\STM32CubeMX\jre\bin\jimage.dll
0x00007ffc7b480000 - 0x00007ffc7b6c2000 	C:\WINDOWS\SYSTEM32\DBGHELP.DLL
0x00007ffc7fab0000 - 0x00007ffc7fe33000 	C:\WINDOWS\System32\combase.dll
0x00007ffc7e960000 - 0x00007ffc7ea39000 	C:\WINDOWS\System32\OLEAUT32.dll
0x00007ffc5e010000 - 0x00007ffc5e04b000 	C:\WINDOWS\SYSTEM32\dbgcore.DLL
0x00007ffc7d700000 - 0x00007ffc7d7a8000 	C:\WINDOWS\System32\bcryptPrimitives.dll
0x00007ffc6a040000 - 0x00007ffc6a060000 	C:\Program Files\STMicroelectronics\STM32Cube\STM32CubeMX\jre\bin\java.dll
0x00007ffc7eac0000 - 0x00007ffc7f22e000 	C:\WINDOWS\System32\SHELL32.dll
0x00007ffc7e020000 - 0x00007ffc7e88c000 	C:\WINDOWS\System32\windows.storage.dll
0x00007ffc80570000 - 0x00007ffc80666000 	C:\WINDOWS\System32\SHCORE.dll
0x00007ffc80270000 - 0x00007ffc802d6000 	C:\WINDOWS\System32\shlwapi.dll
0x00007ffc7d4f0000 - 0x00007ffc7d519000 	C:\WINDOWS\SYSTEM32\profapi.dll
0x00007ffbef520000 - 0x00007ffbef5f7000 	C:\Program Files\STMicroelectronics\STM32Cube\STM32CubeMX\jre\bin\jsvml.dll
0x00007ffc6a190000 - 0x00007ffc6a1a0000 	C:\Program Files\STMicroelectronics\STM32Cube\STM32CubeMX\jre\bin\net.dll
0x00007ffc6f740000 - 0x00007ffc6f869000 	C:\WINDOWS\SYSTEM32\WINHTTP.dll
0x00007ffc7c8d0000 - 0x00007ffc7c93c000 	C:\WINDOWS\system32\mswsock.dll
0x00007ffc6a020000 - 0x00007ffc6a036000 	C:\Program Files\STMicroelectronics\STM32Cube\STM32CubeMX\jre\bin\nio.dll
0x00007ffc69ff0000 - 0x00007ffc6a008000 	C:\Program Files\STMicroelectronics\STM32Cube\STM32CubeMX\jre\bin\zip.dll
0x00007ffc69fe0000 - 0x00007ffc69fea000 	C:\Program Files\STMicroelectronics\STM32Cube\STM32CubeMX\jre\bin\management.dll
0x00007ffc69fd0000 - 0x00007ffc69fdc000 	C:\Program Files\STMicroelectronics\STM32Cube\STM32CubeMX\jre\bin\management_ext.dll
0x00007ffc80670000 - 0x00007ffc80678000 	C:\WINDOWS\System32\PSAPI.DLL
0x00007ffc48880000 - 0x00007ffc48898000 	C:\WINDOWS\system32\napinsp.dll
0x00007ffc7be60000 - 0x00007ffc7bf92000 	C:\WINDOWS\SYSTEM32\DNSAPI.dll
0x00007ffc7bdc0000 - 0x00007ffc7bdf2000 	C:\WINDOWS\SYSTEM32\IPHLPAPI.DLL
0x00007ffc80560000 - 0x00007ffc8056a000 	C:\WINDOWS\System32\NSI.dll
0x00007ffc48860000 - 0x00007ffc48873000 	C:\WINDOWS\System32\winrnr.dll
0x00007ffc48830000 - 0x00007ffc48852000 	C:\WINDOWS\system32\nlansp_c.dll
0x00007ffc48810000 - 0x00007ffc48826000 	C:\WINDOWS\system32\wshbth.dll
0x0000000064a20000 - 0x0000000064a2b000 	C:\Program Files\National Instruments\Shared\mDNS Responder\nimdnsNSP.dll
0x0000000064a00000 - 0x0000000064a11000 	C:\WINDOWS\SYSTEM32\nimdnsResponder.dll
0x00007ffc6fc20000 - 0x00007ffc6fc2b000 	C:\Windows\System32\rasadhlp.dll
0x00007ffc76ff0000 - 0x00007ffc77076000 	C:\WINDOWS\System32\fwpuclnt.dll
0x00007ffc69ee0000 - 0x00007ffc69ef0000 	C:\Program Files\STMicroelectronics\STM32Cube\STM32CubeMX\jre\bin\verify.dll
0x00007ffc69ed0000 - 0x00007ffc69ed9000 	C:\Program Files\STMicroelectronics\STM32Cube\STM32CubeMX\jre\bin\prefs.dll
0x00007ffbec500000 - 0x00007ffbec68f000 	C:\Program Files\STMicroelectronics\STM32Cube\STM32CubeMX\jre\bin\awt.dll
0x00007ffc7aec0000 - 0x00007ffc7aeef000 	C:\WINDOWS\system32\DWMAPI.DLL
0x00007ffc7ac00000 - 0x00007ffc7acaa000 	C:\WINDOWS\system32\uxtheme.dll
0x00007ffc42920000 - 0x00007ffc42a2f000 	C:\WINDOWS\system32\opengl32.dll
0x00007ffc428b0000 - 0x00007ffc428dd000 	C:\WINDOWS\SYSTEM32\GLU32.dll
0x00007ffc7ae50000 - 0x00007ffc7ae95000 	C:\WINDOWS\SYSTEM32\dxcore.dll
0x00007ffc7f950000 - 0x00007ffc7faac000 	C:\WINDOWS\System32\MSCTF.dll
0x00007ffc7f7a0000 - 0x00007ffc7f937000 	C:\WINDOWS\System32\ole32.dll
0x00007ffc7cbb0000 - 0x00007ffc7cbcb000 	C:\WINDOWS\SYSTEM32\CRYPTSP.dll
0x00007ffc7c2c0000 - 0x00007ffc7c2f9000 	C:\WINDOWS\system32\rsaenh.dll
0x00007ffc7c980000 - 0x00007ffc7c9b3000 	C:\WINDOWS\SYSTEM32\USERENV.dll
0x00007ffc7d4c0000 - 0x00007ffc7d4ea000 	C:\WINDOWS\SYSTEM32\bcrypt.dll
0x00007ffc7cbd0000 - 0x00007ffc7cbdc000 	C:\WINDOWS\SYSTEM32\CRYPTBASE.dll
0x00007ffb30480000 - 0x00007ffb304c1000 	C:\Users\William\AppData\Local\Temp\jna--1282435805\jna12521287393989747486.dll
0x00007ffbef490000 - 0x00007ffbef517000 	C:\Program Files\STMicroelectronics\STM32Cube\STM32CubeMX\jre\bin\freetype.dll
0x00007ffbec400000 - 0x00007ffbec4f2000 	C:\Program Files\STMicroelectronics\STM32Cube\STM32CubeMX\jre\bin\fontmanager.dll
0x00007ffc69d50000 - 0x00007ffc69d5e000 	C:\Program Files\STMicroelectronics\STM32Cube\STM32CubeMX\jre\bin\sunmscapi.dll
0x00007ffc7dea0000 - 0x00007ffc7e018000 	C:\WINDOWS\System32\CRYPT32.dll
0x00007ffc7cdd0000 - 0x00007ffc7ce00000 	C:\WINDOWS\SYSTEM32\ncrypt.dll
0x00007ffc7cd80000 - 0x00007ffc7cdbf000 	C:\WINDOWS\SYSTEM32\NTASN1.dll
0x00007ffc69d40000 - 0x00007ffc69d49000 	C:\Program Files\STMicroelectronics\STM32Cube\STM32CubeMX\jre\bin\extnet.dll
0x00007ffc4f1f0000 - 0x00007ffc4f21f000 	C:\Program Files\STMicroelectronics\STM32Cube\STM32CubeMX\jre\bin\javajpeg.dll
0x00007ffc80370000 - 0x00007ffc8041e000 	C:\WINDOWS\System32\clbcatq.dll
0x00007ffc78d80000 - 0x00007ffc78fad000 	C:\WINDOWS\SYSTEM32\WindowsCodecs.dll
0x00007ffc2c6f0000 - 0x00007ffc2c74a000 	C:\WINDOWS\system32\dataexchange.dll
0x00007ffc6d3a0000 - 0x00007ffc6d5ee000 	C:\WINDOWS\system32\twinapi.appcore.dll
0x00007ffbec2d0000 - 0x00007ffbec3f6000 	C:\Users\William\.stm32cubemx\.jxbrowser-8.15.0\Chromium\toolkit64.dll
0x00007ffbebff0000 - 0x00007ffbec10e000 	C:\Users\William\.stm32cubemx\.jxbrowser-8.15.0\Chromium\ipc64.dll

JVMTI agents: none

dbghelp: loaded successfully - version: 4.0.5 - missing functions: none
symbol engine: initialized successfully - sym options: 0x614 - pdb path: .;C:\Program Files\STMicroelectronics\STM32Cube\STM32CubeMX\jre\bin;C:\WINDOWS\SYSTEM32;C:\WINDOWS\WinSxS\amd64_microsoft.windows.common-controls_6595b64144ccf1df_6.0.26100.8457_none_3e0b2faee331e92d;C:\Program Files\STMicroelectronics\STM32Cube\STM32CubeMX\jre\bin\server;C:\Program Files\National Instruments\Shared\mDNS Responder;C:\Users\William\AppData\Local\Temp\jna--1282435805;C:\Users\William\.stm32cubemx\.jxbrowser-8.15.0\Chromium

VM Arguments:
java_command: C:\Program Files\STMicroelectronics\STM32Cube\STM32CubeMX\STM32CubeMX.exe -q C:\Users\William\Downloads\SteeringWheelSTM32\STWCube3\script
java_class_path (initial): C:\Program Files\STMicroelectronics\STM32Cube\STM32CubeMX\STM32CubeMX.exe
Launcher Type: SUN_STANDARD

[Global flags]
     intx CICompilerCount                          = 4                                         {product} {ergonomic}
     uint ConcGCThreads                            = 2                                         {product} {ergonomic}
     uint G1ConcRefinementThreads                  = 8                                         {product} {ergonomic}
   size_t G1HeapRegionSize                         = 2097152                                   {product} {ergonomic}
    uintx GCDrainStackTargetSize                   = 64                                        {product} {ergonomic}
   size_t InitialHeapSize                          = 266338304                                 {product} {ergonomic}
   size_t MarkStackSize                            = 4194304                                   {product} {ergonomic}
   size_t MaxHeapSize                              = 4242538496                                {product} {ergonomic}
   size_t MaxNewSize                               = 2543845376                                {product} {ergonomic}
   size_t MinHeapDeltaBytes                        = 2097152                                   {product} {ergonomic}
   size_t MinHeapSize                              = 8388608                                   {product} {ergonomic}
    uintx NonNMethodCodeHeapSize                   = 5839372                                {pd product} {ergonomic}
    uintx NonProfiledCodeHeapSize                  = 122909434                              {pd product} {ergonomic}
    uintx ProfiledCodeHeapSize                     = 122909434                              {pd product} {ergonomic}
    uintx ReservedCodeCacheSize                    = 251658240                              {pd product} {ergonomic}
     bool SegmentedCodeCache                       = true                                      {product} {ergonomic}
   size_t SoftMaxHeapSize                          = 4242538496                             {manageable} {ergonomic}
     bool UseCompressedOops                        = true                           {product lp64_product} {ergonomic}
     bool UseG1GC                                  = true                                      {product} {ergonomic}
     bool UseLargePagesIndividualAllocation        = false                                  {pd product} {ergonomic}

Logging:
Log output configuration:
 #0: stdout all=warning uptime,level,tags foldmultilines=false
 #1: stderr all=off uptime,level,tags foldmultilines=false

Release file:
JAVA_VERSION="21.0.9" 
MODULES="java.base java.compiler java.datatransfer java.xml java.prefs java.desktop java.instrument java.logging java.management java.security.sasl java.naming java.rmi java.management.rmi java.net.http java.scripting java.security.jgss java.transaction.xa java.sql java.sql.rowset java.xml.crypto java.se java.smartcardio jdk.jfr javafx.base jdk.unsupported javafx.graphics javafx.controls javafx.fxml javafx.media jdk.unsupported.desktop javafx.swing jdk.jsobject jdk.xml.dom javafx.web jdk.accessibility jdk.internal.jvmstat jdk.attach jdk.charsets jdk.internal.opt jdk.zipfs jdk.compiler jdk.crypto.ec jdk.crypto.cryptoki jdk.crypto.mscapi jdk.dynalink jdk.internal.ed jdk.editpad jdk.httpserver jdk.incubator.vector jdk.internal.le jdk.internal.vm.ci jdk.internal.vm.compiler jdk.internal.vm.compiler.management jdk.jartool jdk.javadoc jdk.jdeps jdk.jdwp.agent jdk.jdi jdk.jlink jdk.jpackage jdk.jshell jdk.jstatd jdk.localedata jdk.management jdk.management.agent jdk.management.jfr jdk.naming.dns jdk.naming.rmi jdk.net jdk.nio.mapmode jdk.random jdk.sctp jdk.security.auth jdk.security.jgss" 

Environment Variables:
PATH=C:\Program Files\MATLAB\R2024b\bin\win64;C:\Program Files (x86)\Common Files\Oracle\Java\javapath;C:\WINDOWS\system32;C:\WINDOWS;C:\WINDOWS\System32\Wbem;C:\WINDOWS\System32\WindowsPowerShell\v1.0\;C:\WINDOWS\System32\OpenSSH\;C:\Program Files\MATLAB\R2022b\runtime\win64;C:\Program Files\MATLAB\R2022b\bin;C:\Program Files (x86)\Windows Kits\10\Windows Performance Toolkit\;C:\Program Files\dotnet\;C:\Program Files\MATLAB\R2018b\bin;C:\Program Files\MATLAB\R2024b\bin;C:\Program Files (x86)\Vector CANdb++ 3.1\Exec32;C:\Program Files\Vector SIL Kit 5.0.1\x86\bin;C:\Program Files\Vector SIL Kit 5.0.1\x86_64\bin;C:\Users\William\AppData\Local\Microsoft\WindowsApps;C:\msys64\ucrt64\bin;C:\Users\William\AppData\Local\Programs\Microsoft VS Code\bin;C:\Users\William\AppData\Local\GitHubDesktop\bin;C:\Program Files\Vector Informatik GmbH\VIO System Configuration Tool\
USERNAME=William
OS=Windows_NT
PROCESSOR_IDENTIFIER=Intel64 Family 6 Model 140 Stepping 1, GenuineIntel
TMP=C:\Users\William\AppData\Local\Temp
TEMP=C:\Users\William\AppData\Local\Temp




Periodic native trim disabled

---------------  S Y S T E M  ---------------

OS:
 Windows 11 , 64 bit Build 26100 (10.0.26100.8328)
OS uptime: 0 days 12:25 hours

CPU: total 8 (initial active 8) (4 cores per cpu, 2 threads per core) family 6 model 140 stepping 1 microcode 0x8a, cx8, cmov, fxsr, ht, mmx, 3dnowpref, sse, sse2, sse3, ssse3, sse4.1, sse4.2, popcnt, lzcnt, tsc, tscinvbit, avx, avx2, aes, erms, clmul, bmi1, bmi2, adx, avx512f, avx512dq, avx512cd, avx512bw, avx512vl, sha, fma, vzeroupper, avx512_vpopcntdq, avx512_vpclmulqdq, avx512_vaes, avx512_vnni, clflush, clflushopt, clwb, avx512_vbmi2, avx512_vbmi, rdtscp, rdpid, fsrm, gfni, avx512_bitalg, f16c, pku, cet_ibt, cet_ss, avx512_ifma
Processor Information for the first 8 processors :
  Max Mhz: 2419, Current Mhz: 2419, Mhz Limit: 2419

Memory: 4k page, system-wide physical 16183M (1988M free)
TotalPageFile size 22983M (AvailPageFile size 0M)
current process WorkingSet (physical memory assigned to process): 331M, peak: 336M
current process commit charge ("private bytes"): 361M, peak: 369M

vm_info: OpenJDK 64-Bit Server VM (21.0.9+10-LTS) for windows-amd64 JRE (21.0.9+10-LTS), built on 2025-10-21T00:00:00Z by "admin" with unknown MS VC++:1942

END.
