#
# There is insufficient memory for the Java Runtime Environment to continue.
# Native memory allocation (mmap) failed to map 236978176 bytes. Error detail: G1 virtual space
# Possible reasons:
#   The system is out of physical RAM or swap space
#   This process is running with CompressedOops enabled, and the Java Heap may be blocking the growth of the native heap
# Possible solutions:
#   Reduce memory load on the system
#   Increase physical memory or swap space
#   Check if swap backing store is full
#   Decrease Java heap size (-Xmx/-Xms)
#   Decrease number of Java threads
#   Decrease Java thread stack sizes (-Xss)
#   Set larger code cache with -XX:ReservedCodeCacheSize=
#   JVM is running with Zero Based Compressed Oops mode in which the Java heap is
#     placed in the first 32GB address space. The Java Heap base address is the
#     maximum limit for the native heap growth. Please use -XX:HeapBaseMinAddress
#     to set the Java Heap base and to place the Java Heap above 32GB virtual address.
# This output file may be truncated or incomplete.
#
#  Out of Memory Error (os_windows.cpp:3713), pid=26176, tid=27384
#
# JRE version: OpenJDK Runtime Environment Temurin-21.0.9+10 (21.0.9+10) (build 21.0.9+10-LTS)
# Java VM: OpenJDK 64-Bit Server VM Temurin-21.0.9+10 (21.0.9+10-LTS, mixed mode, tiered, compressed oops, compressed class ptrs, g1 gc, windows-amd64)
# No core dump will be written. Minidumps are not enabled by default on client versions of Windows
#

---------------  S U M M A R Y ------------

Command Line: C:\Program Files\STMicroelectronics\STM32Cube\STM32CubeMX\STM32CubeMX.exe -q C:\Users\William\Downloads\SteeringWheelSTM32\STWCube3\script

Host: 11th Gen Intel(R) Core(TM) i5-1135G7 @ 2.40GHz, 8 cores, 15G,  Windows 11 , 64 bit Build 26100 (10.0.26100.8328)
Time: Mon Jun  8 10:35:40 2026 GMT Daylight Time elapsed time: 10.220382 seconds (0d 0h 0m 10s)

---------------  T H R E A D  ---------------

Current thread (0x000001737cca84c0):  VMThread "VM Thread"          [id=27384, stack(0x00000013b2600000,0x00000013b2700000) (1024K)]

Stack: [0x00000013b2600000,0x00000013b2700000]
Native frames: (J=compiled Java code, j=interpreted, Vv=VM code, C=native code)
V  [jvm.dll+0x6d6e29]
V  [jvm.dll+0x8b4b76]
V  [jvm.dll+0x8b712e]
V  [jvm.dll+0x8b7813]
V  [jvm.dll+0x283d86]
V  [jvm.dll+0x6d3745]
V  [jvm.dll+0x6c747a]
V  [jvm.dll+0x35e7e8]
V  [jvm.dll+0x366426]
V  [jvm.dll+0x3b73fe]
V  [jvm.dll+0x3b76a8]
V  [jvm.dll+0x3329ec]
V  [jvm.dll+0x332a77]
V  [jvm.dll+0x37684c]
V  [jvm.dll+0x374fee]
V  [jvm.dll+0x332131]
V  [jvm.dll+0x37465a]
V  [jvm.dll+0x8bd500]
V  [jvm.dll+0x8be8a4]
V  [jvm.dll+0x8bede0]
V  [jvm.dll+0x8bf083]
V  [jvm.dll+0x85e9ad]
V  [jvm.dll+0x6d565d]
C  [ucrtbase.dll+0x37b0]
C  [KERNEL32.DLL+0x2e957]
C  [ntdll.dll+0x427c]

VM_Operation (0x00000013b3efdac0): G1CollectForAllocation, mode: safepoint, requested by thread 0x000001737e1e1900


---------------  P R O C E S S  ---------------

Threads class SMR info:
_java_thread_list=0x0000017313c68de0, length=37, elements={
0x0000017369969b30, 0x000001737cd28cf0, 0x000001737cd29740, 0x000001737cd3a3f0,
0x000001737cd14710, 0x000001737cd15160, 0x000001737cd1fbd0, 0x000001737cd517d0,
0x000001737cd52260, 0x000001737ceeba10, 0x000001737ceece60, 0x000001737d823010,
0x000001737d823670, 0x000001737e039f00, 0x000001737e1e1900, 0x0000017313f11b80,
0x0000017313357e90, 0x0000017313356450, 0x000001737d526700, 0x000001737e3de240,
0x0000017314934ba0, 0x0000017314933160, 0x0000017314934510, 0x0000017314935230,
0x0000017314932ad0, 0x0000017314931db0, 0x00000173149358c0, 0x0000017314935f50,
0x00000173149365e0, 0x0000017314936c70, 0x00000173149337f0, 0x0000017314937300,
0x0000017314933e80, 0x00000173149386b0, 0x00000173149393d0, 0x0000017313355dc0,
0x00000173133550a0
}

Java Threads: ( => current thread )
  0x0000017369969b30 JavaThread "main"                              [_thread_blocked, id=26928, stack(0x00000013b1f00000,0x00000013b2000000) (1024K)]
  0x000001737cd28cf0 JavaThread "Reference Handler"          daemon [_thread_blocked, id=18892, stack(0x00000013b2700000,0x00000013b2800000) (1024K)]
  0x000001737cd29740 JavaThread "Finalizer"                  daemon [_thread_blocked, id=19612, stack(0x00000013b2800000,0x00000013b2900000) (1024K)]
  0x000001737cd3a3f0 JavaThread "Signal Dispatcher"          daemon [_thread_blocked, id=6568, stack(0x00000013b2900000,0x00000013b2a00000) (1024K)]
  0x000001737cd14710 JavaThread "Attach Listener"            daemon [_thread_blocked, id=25100, stack(0x00000013b2a00000,0x00000013b2b00000) (1024K)]
  0x000001737cd15160 JavaThread "Service Thread"             daemon [_thread_blocked, id=28184, stack(0x00000013b2b00000,0x00000013b2c00000) (1024K)]
  0x000001737cd1fbd0 JavaThread "Monitor Deflation Thread"   daemon [_thread_blocked, id=29636, stack(0x00000013b2c00000,0x00000013b2d00000) (1024K)]
  0x000001737cd517d0 JavaThread "C2 CompilerThread0"         daemon [_thread_blocked, id=27544, stack(0x00000013b2d00000,0x00000013b2e00000) (1024K)]
  0x000001737cd52260 JavaThread "C1 CompilerThread0"         daemon [_thread_blocked, id=10760, stack(0x00000013b2e00000,0x00000013b2f00000) (1024K)]
  0x000001737ceeba10 JavaThread "Notification Thread"        daemon [_thread_blocked, id=28576, stack(0x00000013b2f00000,0x00000013b3000000) (1024K)]
  0x000001737ceece60 JavaThread "Common-Cleaner"             daemon [_thread_blocked, id=22976, stack(0x00000013b3000000,0x00000013b3100000) (1024K)]
  0x000001737d823010 JavaThread "Java2D Disposer"            daemon [_thread_blocked, id=26324, stack(0x00000013b3b00000,0x00000013b3c00000) (1024K)]
  0x000001737d823670 JavaThread "AWT-Shutdown"                      [_thread_blocked, id=28280, stack(0x00000013b3c00000,0x00000013b3d00000) (1024K)]
  0x000001737e039f00 JavaThread "AWT-Windows"                daemon [_thread_in_native, id=21728, stack(0x00000013b3d00000,0x00000013b3e00000) (1024K)]
  0x000001737e1e1900 JavaThread "AWT-EventQueue-0"                  [_thread_blocked, id=25036, stack(0x00000013b3e00000,0x00000013b3f00000) (1024K)]
  0x0000017313f11b80 JavaThread "Image Fetcher 0"            daemon [_thread_blocked, id=13004, stack(0x00000013b4000000,0x00000013b4100000) (1024K)]
  0x0000017313357e90 JavaThread "TimerQueue"                 daemon [_thread_blocked, id=16772, stack(0x00000013b3200000,0x00000013b3300000) (1024K)]
  0x0000017313356450 JavaThread "Keep-Alive-Timer"           daemon [_thread_blocked, id=28320, stack(0x00000013b4200000,0x00000013b4300000) (1024K)]
  0x000001737d526700 JavaThread "C2 CompilerThread1"         daemon [_thread_blocked, id=26740, stack(0x00000013b4300000,0x00000013b4400000) (1024K)]
  0x000001737e3de240 JavaThread "C2 CompilerThread2"         daemon [_thread_blocked, id=27388, stack(0x00000013b4600000,0x00000013b4700000) (1024K)]
  0x0000017314934ba0 JavaThread "CommandLineManagerThread"   daemon [_thread_blocked, id=9268, stack(0x00000013b4b00000,0x00000013b4c00000) (1024K)]
  0x0000017314933160 JavaThread "IPC Server Thread"          daemon [_thread_in_native, id=27148, stack(0x00000013b4400000,0x00000013b4500000) (1024K)]
  0x0000017314934510 JavaThread "Chromium Process Thread"           [_thread_in_native, id=21268, stack(0x00000013b4a00000,0x00000013b4b00000) (1024K)]
  0x0000017314935230 JavaThread "Chromium Process Logger"    daemon [_thread_in_native, id=28340, stack(0x00000013b4c00000,0x00000013b4d00000) (1024K)]
  0x0000017314932ad0 JavaThread "IPC Memory Reader Thread"          [_thread_in_native, id=24540, stack(0x00000013b4e00000,0x00000013b4f00000) (1024K)]
  0x0000017314931db0 JavaThread "Browser Thread: 24d61ad4-7913-4497-81aa-b6f626e4801e" daemon [_thread_blocked, id=28204, stack(0x00000013b4f00000,0x00000013b5000000) (1024K)]
  0x00000173149358c0 JavaThread "Socket Connection Checker: 24d61ad4-7913-4497-81aa-b6f626e4801e"        [_thread_in_native, id=27232, stack(0x00000013b5000000,0x00000013b5100000) (1024K)]
  0x0000017314935f50 JavaThread "Network Thread: 9bd127e4-c612-48fa-a41c-7075c5d5cf73" daemon [_thread_blocked, id=23296, stack(0x00000013b5300000,0x00000013b5400000) (1024K)]
  0x00000173149365e0 JavaThread "Socket Connection Checker: 9bd127e4-c612-48fa-a41c-7075c5d5cf73"        [_thread_in_native, id=15948, stack(0x00000013b5400000,0x00000013b5500000) (1024K)]
  0x0000017314936c70 JavaThread "IPC Memory Reader Thread"          [_thread_in_native, id=5240, stack(0x00000013b5200000,0x00000013b5300000) (1024K)]
  0x00000173149337f0 JavaThread "GPU Thread: 7b9ca845-d631-40ee-85f7-0703b790a261" daemon [_thread_blocked, id=27252, stack(0x00000013b5700000,0x00000013b5800000) (1024K)]
  0x0000017314937300 JavaThread "Socket Connection Checker: 7b9ca845-d631-40ee-85f7-0703b790a261"        [_thread_in_native, id=8272, stack(0x00000013b5800000,0x00000013b5900000) (1024K)]
  0x0000017314933e80 JavaThread "IPC Memory Reader Thread"          [_thread_in_native, id=21808, stack(0x00000013b5600000,0x00000013b5700000) (1024K)]
  0x00000173149386b0 JavaThread "Render Thread: e40a1b05-8f48-4776-9634-2422ca95f6a7" daemon [_thread_blocked, id=10100, stack(0x00000013b5d00000,0x00000013b5e00000) (1024K)]
  0x00000173149393d0 JavaThread "Socket Connection Checker: e40a1b05-8f48-4776-9634-2422ca95f6a7"        [_thread_in_native, id=24132, stack(0x00000013b5e00000,0x00000013b5f00000) (1024K)]
  0x0000017313355dc0 JavaThread "IPC Memory Reader Thread"          [_thread_in_native, id=15172, stack(0x00000013b4900000,0x00000013b4a00000) (1024K)]
  0x00000173133550a0 JavaThread "Thread-161"                        [_thread_blocked, id=12264, stack(0x00000013b5900000,0x00000013b5a00000) (1024K)]
Total: 37

Other Threads:
=>0x000001737cca84c0 VMThread "VM Thread"                           [id=27384, stack(0x00000013b2600000,0x00000013b2700000) (1024K)]
  0x000001737c7e6510 WatcherThread "VM Periodic Task Thread"        [id=13324, stack(0x00000013b2500000,0x00000013b2600000) (1024K)]
  0x000001736bd1d640 WorkerThread "GC Thread#0"                     [id=24756, stack(0x00000013b2000000,0x00000013b2100000) (1024K)]
  0x000001737d93a040 WorkerThread "GC Thread#1"                     [id=11696, stack(0x00000013b3300000,0x00000013b3400000) (1024K)]
  0x000001737dc77b60 WorkerThread "GC Thread#2"                     [id=28248, stack(0x00000013b3400000,0x00000013b3500000) (1024K)]
  0x000001737d5dcab0 WorkerThread "GC Thread#3"                     [id=21000, stack(0x00000013b3500000,0x00000013b3600000) (1024K)]
  0x000001737da9f6f0 WorkerThread "GC Thread#4"                     [id=8068, stack(0x00000013b3600000,0x00000013b3700000) (1024K)]
  0x000001737d8e1960 WorkerThread "GC Thread#5"                     [id=17040, stack(0x00000013b3700000,0x00000013b3800000) (1024K)]
  0x000001737db2aef0 WorkerThread "GC Thread#6"                     [id=9344, stack(0x00000013b3800000,0x00000013b3900000) (1024K)]
  0x000001737db2b290 WorkerThread "GC Thread#7"                     [id=13800, stack(0x00000013b3900000,0x00000013b3a00000) (1024K)]
  0x000001736bd2e2f0 ConcurrentGCThread "G1 Main Marker"            [id=13968, stack(0x00000013b2100000,0x00000013b2200000) (1024K)]
  0x000001736bd30c80 WorkerThread "G1 Conc#0"                       [id=20580, stack(0x00000013b2200000,0x00000013b2300000) (1024K)]
  0x000001737de6b600 WorkerThread "G1 Conc#1"                       [id=26696, stack(0x00000013b3a00000,0x00000013b3b00000) (1024K)]
  0x000001737c6b7f80 ConcurrentGCThread "G1 Refine#0"               [id=29516, stack(0x00000013b2300000,0x00000013b2400000) (1024K)]
  0x000001737c6b97b0 ConcurrentGCThread "G1 Service"                [id=2032, stack(0x00000013b2400000,0x00000013b2500000) (1024K)]
Total: 15

Threads with active compile tasks:
C2 CompilerThread0  10237 9008       4       jp.ac.kobe_u.cs.cream.DefaultSolver::satisfy (114 bytes)
C2 CompilerThread1  10237 9009       4       com.st.microxplorer.altova.db.IP_Modes.ConditionType$MemberAttribute_Diagnostic::getValue (22 bytes)
C2 CompilerThread2  10237 9007       4       com.st.microxplorer.mcu.PinoutRecombination::<init> (506 bytes)
Total: 3

VM state: at safepoint (normal execution)

VM Mutex/Monitor currently owned by a thread:  ([mutex/lock_event])
[0x00007ffbeafdd570] Threads_lock - owner thread: 0x000001737cca84c0
[0x00007ffbeafdd670] Heap_lock - owner thread: 0x000001737e1e1900

Heap address: 0x0000000703200000, size: 4046 MB, Compressed Oops mode: Zero based, Oop shift amount: 3

CDS archive(s) not mapped
Compressed class space mapped at: 0x0000000800000000-0x0000000840000000, reserved size: 1073741824
Narrow klass base: 0x0000000800000000, Narrow klass shift: 0, Narrow klass range: 0x40000000

GC Precious Log:
 CardTable entry size: 512
 Card Set container configuration: InlinePtr #cards 4 size 8 Array Of Cards #cards 16 size 48 Howl #buckets 8 coarsen threshold 3686 Howl Bitmap #cards 512 size 80 coarsen threshold 460 Card regions per heap region 1 cards per card region 4096
 CPUs: 8 total, 8 available
 Memory: 16183M
 Large Page Support: Disabled
 NUMA Support: Disabled
 Compressed Oops: Enabled (Zero based)
 Heap Region Size: 2M
 Heap Min Capacity: 8M
 Heap Initial Capacity: 254M
 Heap Max Capacity: 4046M
 Pre-touch: Disabled
 Parallel Workers: 8
 Concurrent Workers: 2
 Concurrent Refinement Workers: 8
 Periodic GC: Disabled

Heap:
 garbage-first heap   total 346112K, used 115776K [0x0000000703200000, 0x0000000800000000)
  region size 2048K, 7 young (14336K), 7 survivors (14336K)
 Metaspace       used 86879K, committed 88000K, reserved 1179648K
  class space    used 9791K, committed 10304K, reserved 1048576K

Heap Regions: E=young(eden), S=young(survivor), O=old, HS=humongous(starts), HC=humongous(continues), CS=collection set, F=free, TAMS=top-at-mark-start, PB=parsable bottom
|   0|0x0000000703200000, 0x0000000703400000, 0x0000000703400000|100%| O|  |TAMS 0x0000000703200000| PB 0x0000000703200000| Untracked 
|   1|0x0000000703400000, 0x0000000703600000, 0x0000000703600000|100%| O|  |TAMS 0x0000000703400000| PB 0x0000000703400000| Untracked 
|   2|0x0000000703600000, 0x0000000703800000, 0x0000000703800000|100%| O|  |TAMS 0x0000000703600000| PB 0x0000000703600000| Untracked 
|   3|0x0000000703800000, 0x0000000703a00000, 0x0000000703a00000|100%| O|  |TAMS 0x0000000703800000| PB 0x0000000703800000| Untracked 
|   4|0x0000000703a00000, 0x0000000703c00000, 0x0000000703c00000|100%|HS|  |TAMS 0x0000000703a00000| PB 0x0000000703a00000| Complete 
|   5|0x0000000703c00000, 0x0000000703e00000, 0x0000000703e00000|100%|HC|  |TAMS 0x0000000703c00000| PB 0x0000000703c00000| Complete 
|   6|0x0000000703e00000, 0x0000000704000000, 0x0000000704000000|100%|HC|  |TAMS 0x0000000703e00000| PB 0x0000000703e00000| Complete 
|   7|0x0000000704000000, 0x0000000704200000, 0x0000000704200000|100%|HC|  |TAMS 0x0000000704000000| PB 0x0000000704000000| Complete 
|   8|0x0000000704200000, 0x0000000704400000, 0x0000000704400000|100%| O|  |TAMS 0x0000000704200000| PB 0x0000000704200000| Untracked 
|   9|0x0000000704400000, 0x0000000704600000, 0x0000000704600000|100%| O|  |TAMS 0x0000000704400000| PB 0x0000000704400000| Untracked 
|  10|0x0000000704600000, 0x0000000704800000, 0x0000000704800000|100%| O|  |TAMS 0x0000000704600000| PB 0x0000000704600000| Untracked 
|  11|0x0000000704800000, 0x0000000704a00000, 0x0000000704a00000|100%| O|  |TAMS 0x0000000704800000| PB 0x0000000704800000| Untracked 
|  12|0x0000000704a00000, 0x0000000704c00000, 0x0000000704c00000|100%| O|  |TAMS 0x0000000704a00000| PB 0x0000000704a00000| Untracked 
|  13|0x0000000704c00000, 0x0000000704e00000, 0x0000000704e00000|100%| O|  |TAMS 0x0000000704c00000| PB 0x0000000704c00000| Untracked 
|  14|0x0000000704e00000, 0x0000000705000000, 0x0000000705000000|100%| O|  |TAMS 0x0000000704e00000| PB 0x0000000704e00000| Untracked 
|  15|0x0000000705000000, 0x0000000705000000, 0x0000000705200000|  0%| F|  |TAMS 0x0000000705000000| PB 0x0000000705000000| Untracked 
|  16|0x0000000705200000, 0x0000000705400000, 0x0000000705400000|100%|HS|  |TAMS 0x0000000705200000| PB 0x0000000705200000| Complete 
|  17|0x0000000705400000, 0x0000000705600000, 0x0000000705600000|100%| O|  |TAMS 0x0000000705400000| PB 0x0000000705400000| Untracked 
|  18|0x0000000705600000, 0x0000000705800000, 0x0000000705800000|100%|HS|  |TAMS 0x0000000705600000| PB 0x0000000705600000| Complete 
|  19|0x0000000705800000, 0x0000000705a00000, 0x0000000705a00000|100%| O|  |TAMS 0x0000000705800000| PB 0x0000000705800000| Untracked 
|  20|0x0000000705a00000, 0x0000000705c00000, 0x0000000705c00000|100%| O|  |TAMS 0x0000000705a00000| PB 0x0000000705a00000| Untracked 
|  21|0x0000000705c00000, 0x0000000705e00000, 0x0000000705e00000|100%| O|  |TAMS 0x0000000705c00000| PB 0x0000000705c00000| Untracked 
|  22|0x0000000705e00000, 0x0000000706000000, 0x0000000706000000|100%|HS|  |TAMS 0x0000000705e00000| PB 0x0000000705e00000| Complete 
|  23|0x0000000706000000, 0x0000000706200000, 0x0000000706200000|100%|HC|  |TAMS 0x0000000706000000| PB 0x0000000706000000| Complete 
|  24|0x0000000706200000, 0x0000000706400000, 0x0000000706400000|100%|HS|  |TAMS 0x0000000706200000| PB 0x0000000706200000| Complete 
|  25|0x0000000706400000, 0x0000000706600000, 0x0000000706600000|100%|HC|  |TAMS 0x0000000706400000| PB 0x0000000706400000| Complete 
|  26|0x0000000706600000, 0x0000000706800000, 0x0000000706800000|100%| O|  |TAMS 0x0000000706600000| PB 0x0000000706600000| Untracked 
|  27|0x0000000706800000, 0x0000000706a00000, 0x0000000706a00000|100%|HS|  |TAMS 0x0000000706800000| PB 0x0000000706800000| Complete 
|  28|0x0000000706a00000, 0x0000000706c00000, 0x0000000706c00000|100%|HC|  |TAMS 0x0000000706a00000| PB 0x0000000706a00000| Complete 
|  29|0x0000000706c00000, 0x0000000706e00000, 0x0000000706e00000|100%|HS|  |TAMS 0x0000000706c00000| PB 0x0000000706c00000| Complete 
|  30|0x0000000706e00000, 0x0000000707000000, 0x0000000707000000|100%|HC|  |TAMS 0x0000000706e00000| PB 0x0000000706e00000| Complete 
|  31|0x0000000707000000, 0x0000000707200000, 0x0000000707200000|100%|HS|  |TAMS 0x0000000707000000| PB 0x0000000707000000| Complete 
|  32|0x0000000707200000, 0x0000000707400000, 0x0000000707400000|100%|HC|  |TAMS 0x0000000707200000| PB 0x0000000707200000| Complete 
|  33|0x0000000707400000, 0x0000000707600000, 0x0000000707600000|100%|HS|  |TAMS 0x0000000707400000| PB 0x0000000707400000| Complete 
|  34|0x0000000707600000, 0x0000000707800000, 0x0000000707800000|100%|HC|  |TAMS 0x0000000707600000| PB 0x0000000707600000| Complete 
|  35|0x0000000707800000, 0x0000000707a00000, 0x0000000707a00000|100%|HS|  |TAMS 0x0000000707800000| PB 0x0000000707800000| Complete 
|  36|0x0000000707a00000, 0x0000000707c00000, 0x0000000707c00000|100%|HC|  |TAMS 0x0000000707a00000| PB 0x0000000707a00000| Complete 
|  37|0x0000000707c00000, 0x0000000707e00000, 0x0000000707e00000|100%| O|  |TAMS 0x0000000707c00000| PB 0x0000000707c00000| Untracked 
|  38|0x0000000707e00000, 0x0000000708000000, 0x0000000708000000|100%|HS|  |TAMS 0x0000000707e00000| PB 0x0000000707e00000| Complete 
|  39|0x0000000708000000, 0x0000000708200000, 0x0000000708200000|100%|HC|  |TAMS 0x0000000708000000| PB 0x0000000708000000| Complete 
|  40|0x0000000708200000, 0x0000000708400000, 0x0000000708400000|100%|HS|  |TAMS 0x0000000708200000| PB 0x0000000708200000| Complete 
|  41|0x0000000708400000, 0x0000000708600000, 0x0000000708600000|100%|HC|  |TAMS 0x0000000708400000| PB 0x0000000708400000| Complete 
|  42|0x0000000708600000, 0x0000000708800000, 0x0000000708800000|100%|HS|  |TAMS 0x0000000708600000| PB 0x0000000708600000| Complete 
|  43|0x0000000708800000, 0x0000000708a00000, 0x0000000708a00000|100%|HC|  |TAMS 0x0000000708800000| PB 0x0000000708800000| Complete 
|  44|0x0000000708a00000, 0x0000000708c00000, 0x0000000708c00000|100%| O|  |TAMS 0x0000000708a00000| PB 0x0000000708a00000| Untracked 
|  45|0x0000000708c00000, 0x0000000708e00000, 0x0000000708e00000|100%| O|  |TAMS 0x0000000708c00000| PB 0x0000000708c00000| Untracked 
|  46|0x0000000708e00000, 0x0000000709000000, 0x0000000709000000|100%| O|  |TAMS 0x0000000708e00000| PB 0x0000000708e00000| Untracked 
|  47|0x0000000709000000, 0x0000000709200000, 0x0000000709200000|100%| O|  |TAMS 0x0000000709000000| PB 0x0000000709000000| Untracked 
|  48|0x0000000709200000, 0x0000000709400000, 0x0000000709400000|100%| O|  |TAMS 0x0000000709200000| PB 0x0000000709200000| Untracked 
|  49|0x0000000709400000, 0x0000000709600000, 0x0000000709600000|100%| O|  |TAMS 0x0000000709400000| PB 0x0000000709400000| Untracked 
|  50|0x0000000709600000, 0x0000000709800000, 0x0000000709800000|100%| O|  |TAMS 0x0000000709600000| PB 0x0000000709600000| Untracked 
|  51|0x0000000709800000, 0x000000070984d2e0, 0x0000000709a00000| 15%| O|  |TAMS 0x0000000709800000| PB 0x0000000709800000| Untracked 
|  52|0x0000000709a00000, 0x0000000709a00000, 0x0000000709c00000|  0%| F|  |TAMS 0x0000000709a00000| PB 0x0000000709a00000| Untracked 
|  53|0x0000000709c00000, 0x0000000709c00000, 0x0000000709e00000|  0%| F|  |TAMS 0x0000000709c00000| PB 0x0000000709c00000| Untracked 
|  54|0x0000000709e00000, 0x0000000709e00000, 0x000000070a000000|  0%| F|  |TAMS 0x0000000709e00000| PB 0x0000000709e00000| Untracked 
|  55|0x000000070a000000, 0x000000070a000000, 0x000000070a200000|  0%| F|  |TAMS 0x000000070a000000| PB 0x000000070a000000| Untracked 
|  56|0x000000070a200000, 0x000000070a200000, 0x000000070a400000|  0%| F|  |TAMS 0x000000070a200000| PB 0x000000070a200000| Untracked 
|  57|0x000000070a400000, 0x000000070a400000, 0x000000070a600000|  0%| F|  |TAMS 0x000000070a400000| PB 0x000000070a400000| Untracked 
|  58|0x000000070a600000, 0x000000070a600000, 0x000000070a800000|  0%| F|  |TAMS 0x000000070a600000| PB 0x000000070a600000| Untracked 
|  59|0x000000070a800000, 0x000000070a800000, 0x000000070aa00000|  0%| F|  |TAMS 0x000000070a800000| PB 0x000000070a800000| Untracked 
|  60|0x000000070aa00000, 0x000000070aa00000, 0x000000070ac00000|  0%| F|  |TAMS 0x000000070aa00000| PB 0x000000070aa00000| Untracked 
|  61|0x000000070ac00000, 0x000000070acc2e08, 0x000000070ae00000| 38%| S|CS|TAMS 0x000000070ac00000| PB 0x000000070ac00000| Complete 
|  62|0x000000070ae00000, 0x000000070b000000, 0x000000070b000000|100%| S|CS|TAMS 0x000000070ae00000| PB 0x000000070ae00000| Complete 
|  63|0x000000070b000000, 0x000000070b000000, 0x000000070b200000|  0%| F|  |TAMS 0x000000070b000000| PB 0x000000070b000000| Untracked 
|  64|0x000000070b200000, 0x000000070b200000, 0x000000070b400000|  0%| F|  |TAMS 0x000000070b200000| PB 0x000000070b200000| Untracked 
|  65|0x000000070b400000, 0x000000070b400000, 0x000000070b600000|  0%| F|  |TAMS 0x000000070b400000| PB 0x000000070b400000| Untracked 
|  66|0x000000070b600000, 0x000000070b600000, 0x000000070b800000|  0%| F|  |TAMS 0x000000070b600000| PB 0x000000070b600000| Untracked 
|  67|0x000000070b800000, 0x000000070b800000, 0x000000070ba00000|  0%| F|  |TAMS 0x000000070b800000| PB 0x000000070b800000| Untracked 
|  68|0x000000070ba00000, 0x000000070bc00000, 0x000000070bc00000|100%| S|CS|TAMS 0x000000070ba00000| PB 0x000000070ba00000| Complete 
|  69|0x000000070bc00000, 0x000000070be00000, 0x000000070be00000|100%| S|CS|TAMS 0x000000070bc00000| PB 0x000000070bc00000| Complete 
|  70|0x000000070be00000, 0x000000070c000000, 0x000000070c000000|100%| S|CS|TAMS 0x000000070be00000| PB 0x000000070be00000| Complete 
|  71|0x000000070c000000, 0x000000070c200000, 0x000000070c200000|100%| S|CS|TAMS 0x000000070c000000| PB 0x000000070c000000| Complete 
|  72|0x000000070c200000, 0x000000070c400000, 0x000000070c400000|100%| S|CS|TAMS 0x000000070c200000| PB 0x000000070c200000| Complete 
|  73|0x000000070c400000, 0x000000070c400000, 0x000000070c600000|  0%| F|  |TAMS 0x000000070c400000| PB 0x000000070c400000| Untracked 
|  74|0x000000070c600000, 0x000000070c600000, 0x000000070c800000|  0%| F|  |TAMS 0x000000070c600000| PB 0x000000070c600000| Untracked 
|  75|0x000000070c800000, 0x000000070c800000, 0x000000070ca00000|  0%| F|  |TAMS 0x000000070c800000| PB 0x000000070c800000| Untracked 
|  76|0x000000070ca00000, 0x000000070ca00000, 0x000000070cc00000|  0%| F|  |TAMS 0x000000070ca00000| PB 0x000000070ca00000| Untracked 
|  77|0x000000070cc00000, 0x000000070cc00000, 0x000000070ce00000|  0%| F|  |TAMS 0x000000070cc00000| PB 0x000000070cc00000| Untracked 
|  78|0x000000070ce00000, 0x000000070ce00000, 0x000000070d000000|  0%| F|  |TAMS 0x000000070ce00000| PB 0x000000070ce00000| Untracked 
|  79|0x000000070d000000, 0x000000070d000000, 0x000000070d200000|  0%| F|  |TAMS 0x000000070d000000| PB 0x000000070d000000| Untracked 
|  80|0x000000070d200000, 0x000000070d200000, 0x000000070d400000|  0%| F|  |TAMS 0x000000070d200000| PB 0x000000070d200000| Untracked 
|  81|0x000000070d400000, 0x000000070d400000, 0x000000070d600000|  0%| F|  |TAMS 0x000000070d400000| PB 0x000000070d400000| Untracked 
|  82|0x000000070d600000, 0x000000070d600000, 0x000000070d800000|  0%| F|  |TAMS 0x000000070d600000| PB 0x000000070d600000| Untracked 
|  83|0x000000070d800000, 0x000000070d800000, 0x000000070da00000|  0%| F|  |TAMS 0x000000070d800000| PB 0x000000070d800000| Untracked 
|  84|0x000000070da00000, 0x000000070da00000, 0x000000070dc00000|  0%| F|  |TAMS 0x000000070da00000| PB 0x000000070da00000| Untracked 
|  85|0x000000070dc00000, 0x000000070dc00000, 0x000000070de00000|  0%| F|  |TAMS 0x000000070dc00000| PB 0x000000070dc00000| Untracked 
|  86|0x000000070de00000, 0x000000070de00000, 0x000000070e000000|  0%| F|  |TAMS 0x000000070de00000| PB 0x000000070de00000| Untracked 
|  87|0x000000070e000000, 0x000000070e000000, 0x000000070e200000|  0%| F|  |TAMS 0x000000070e000000| PB 0x000000070e000000| Untracked 
|  88|0x000000070e200000, 0x000000070e200000, 0x000000070e400000|  0%| F|  |TAMS 0x000000070e200000| PB 0x000000070e200000| Untracked 
|  89|0x000000070e400000, 0x000000070e400000, 0x000000070e600000|  0%| F|  |TAMS 0x000000070e400000| PB 0x000000070e400000| Untracked 
|  90|0x000000070e600000, 0x000000070e600000, 0x000000070e800000|  0%| F|  |TAMS 0x000000070e600000| PB 0x000000070e600000| Untracked 
|  91|0x000000070e800000, 0x000000070e800000, 0x000000070ea00000|  0%| F|  |TAMS 0x000000070e800000| PB 0x000000070e800000| Untracked 
|  92|0x000000070ea00000, 0x000000070ea00000, 0x000000070ec00000|  0%| F|  |TAMS 0x000000070ea00000| PB 0x000000070ea00000| Untracked 
|  93|0x000000070ec00000, 0x000000070ec00000, 0x000000070ee00000|  0%| F|  |TAMS 0x000000070ec00000| PB 0x000000070ec00000| Untracked 
|  94|0x000000070ee00000, 0x000000070ee00000, 0x000000070f000000|  0%| F|  |TAMS 0x000000070ee00000| PB 0x000000070ee00000| Untracked 
|  95|0x000000070f000000, 0x000000070f000000, 0x000000070f200000|  0%| F|  |TAMS 0x000000070f000000| PB 0x000000070f000000| Untracked 
|  96|0x000000070f200000, 0x000000070f200000, 0x000000070f400000|  0%| F|  |TAMS 0x000000070f200000| PB 0x000000070f200000| Untracked 
|  97|0x000000070f400000, 0x000000070f400000, 0x000000070f600000|  0%| F|  |TAMS 0x000000070f400000| PB 0x000000070f400000| Untracked 
|  98|0x000000070f600000, 0x000000070f600000, 0x000000070f800000|  0%| F|  |TAMS 0x000000070f600000| PB 0x000000070f600000| Untracked 
|  99|0x000000070f800000, 0x000000070f800000, 0x000000070fa00000|  0%| F|  |TAMS 0x000000070f800000| PB 0x000000070f800000| Untracked 
| 100|0x000000070fa00000, 0x000000070fa00000, 0x000000070fc00000|  0%| F|  |TAMS 0x000000070fa00000| PB 0x000000070fa00000| Untracked 
| 101|0x000000070fc00000, 0x000000070fc00000, 0x000000070fe00000|  0%| F|  |TAMS 0x000000070fc00000| PB 0x000000070fc00000| Untracked 
| 102|0x000000070fe00000, 0x000000070fe00000, 0x0000000710000000|  0%| F|  |TAMS 0x000000070fe00000| PB 0x000000070fe00000| Untracked 
| 103|0x0000000710000000, 0x0000000710000000, 0x0000000710200000|  0%| F|  |TAMS 0x0000000710000000| PB 0x0000000710000000| Untracked 
| 104|0x0000000710200000, 0x0000000710200000, 0x0000000710400000|  0%| F|  |TAMS 0x0000000710200000| PB 0x0000000710200000| Untracked 
| 105|0x0000000710400000, 0x0000000710400000, 0x0000000710600000|  0%| F|  |TAMS 0x0000000710400000| PB 0x0000000710400000| Untracked 
| 106|0x0000000710600000, 0x0000000710600000, 0x0000000710800000|  0%| F|  |TAMS 0x0000000710600000| PB 0x0000000710600000| Untracked 
| 107|0x0000000710800000, 0x0000000710800000, 0x0000000710a00000|  0%| F|  |TAMS 0x0000000710800000| PB 0x0000000710800000| Untracked 
| 108|0x0000000710a00000, 0x0000000710a00000, 0x0000000710c00000|  0%| F|  |TAMS 0x0000000710a00000| PB 0x0000000710a00000| Untracked 
| 109|0x0000000710c00000, 0x0000000710c00000, 0x0000000710e00000|  0%| F|  |TAMS 0x0000000710c00000| PB 0x0000000710c00000| Untracked 
| 110|0x0000000710e00000, 0x0000000710e00000, 0x0000000711000000|  0%| F|  |TAMS 0x0000000710e00000| PB 0x0000000710e00000| Untracked 
| 111|0x0000000711000000, 0x0000000711000000, 0x0000000711200000|  0%| F|  |TAMS 0x0000000711000000| PB 0x0000000711000000| Untracked 
| 112|0x0000000711200000, 0x0000000711200000, 0x0000000711400000|  0%| F|  |TAMS 0x0000000711200000| PB 0x0000000711200000| Untracked 
| 113|0x0000000711400000, 0x0000000711400000, 0x0000000711600000|  0%| F|  |TAMS 0x0000000711400000| PB 0x0000000711400000| Untracked 
| 114|0x0000000711600000, 0x0000000711600000, 0x0000000711800000|  0%| F|  |TAMS 0x0000000711600000| PB 0x0000000711600000| Untracked 
| 115|0x0000000711800000, 0x0000000711800000, 0x0000000711a00000|  0%| F|  |TAMS 0x0000000711800000| PB 0x0000000711800000| Untracked 
| 116|0x0000000711a00000, 0x0000000711a00000, 0x0000000711c00000|  0%| F|  |TAMS 0x0000000711a00000| PB 0x0000000711a00000| Untracked 
| 117|0x0000000711c00000, 0x0000000711c00000, 0x0000000711e00000|  0%| F|  |TAMS 0x0000000711c00000| PB 0x0000000711c00000| Untracked 
| 118|0x0000000711e00000, 0x0000000711e00000, 0x0000000712000000|  0%| F|  |TAMS 0x0000000711e00000| PB 0x0000000711e00000| Untracked 
| 119|0x0000000712000000, 0x0000000712000000, 0x0000000712200000|  0%| F|  |TAMS 0x0000000712000000| PB 0x0000000712000000| Untracked 
| 120|0x0000000712200000, 0x0000000712200000, 0x0000000712400000|  0%| F|  |TAMS 0x0000000712200000| PB 0x0000000712200000| Untracked 
| 121|0x0000000712400000, 0x0000000712400000, 0x0000000712600000|  0%| F|  |TAMS 0x0000000712400000| PB 0x0000000712400000| Untracked 
| 122|0x0000000712600000, 0x0000000712600000, 0x0000000712800000|  0%| F|  |TAMS 0x0000000712600000| PB 0x0000000712600000| Untracked 
| 123|0x0000000712800000, 0x0000000712800000, 0x0000000712a00000|  0%| F|  |TAMS 0x0000000712800000| PB 0x0000000712800000| Untracked 
| 124|0x0000000712a00000, 0x0000000712a00000, 0x0000000712c00000|  0%| F|  |TAMS 0x0000000712a00000| PB 0x0000000712a00000| Untracked 
| 125|0x0000000712c00000, 0x0000000712c00000, 0x0000000712e00000|  0%| F|  |TAMS 0x0000000712c00000| PB 0x0000000712c00000| Untracked 
| 126|0x0000000712e00000, 0x0000000712e00000, 0x0000000713000000|  0%| F|  |TAMS 0x0000000712e00000| PB 0x0000000712e00000| Untracked 
| 127|0x0000000713000000, 0x0000000713000000, 0x0000000713200000|  0%| F|  |TAMS 0x0000000713000000| PB 0x0000000713000000| Untracked 
| 128|0x0000000713200000, 0x0000000713200000, 0x0000000713400000|  0%| F|  |TAMS 0x0000000713200000| PB 0x0000000713200000| Untracked 
| 129|0x0000000713400000, 0x0000000713400000, 0x0000000713600000|  0%| F|  |TAMS 0x0000000713400000| PB 0x0000000713400000| Untracked 
| 130|0x0000000713600000, 0x0000000713600000, 0x0000000713800000|  0%| F|  |TAMS 0x0000000713600000| PB 0x0000000713600000| Untracked 
| 131|0x0000000713800000, 0x0000000713800000, 0x0000000713a00000|  0%| F|  |TAMS 0x0000000713800000| PB 0x0000000713800000| Untracked 
| 132|0x0000000713a00000, 0x0000000713a00000, 0x0000000713c00000|  0%| F|  |TAMS 0x0000000713a00000| PB 0x0000000713a00000| Untracked 
| 133|0x0000000713c00000, 0x0000000713c00000, 0x0000000713e00000|  0%| F|  |TAMS 0x0000000713c00000| PB 0x0000000713c00000| Untracked 
| 134|0x0000000713e00000, 0x0000000713e00000, 0x0000000714000000|  0%| F|  |TAMS 0x0000000713e00000| PB 0x0000000713e00000| Untracked 
| 135|0x0000000714000000, 0x0000000714000000, 0x0000000714200000|  0%| F|  |TAMS 0x0000000714000000| PB 0x0000000714000000| Untracked 
| 136|0x0000000714200000, 0x0000000714200000, 0x0000000714400000|  0%| F|  |TAMS 0x0000000714200000| PB 0x0000000714200000| Untracked 
| 137|0x0000000714400000, 0x0000000714400000, 0x0000000714600000|  0%| F|  |TAMS 0x0000000714400000| PB 0x0000000714400000| Untracked 
| 138|0x0000000714600000, 0x0000000714600000, 0x0000000714800000|  0%| F|  |TAMS 0x0000000714600000| PB 0x0000000714600000| Untracked 
| 139|0x0000000714800000, 0x0000000714800000, 0x0000000714a00000|  0%| F|  |TAMS 0x0000000714800000| PB 0x0000000714800000| Untracked 
| 140|0x0000000714a00000, 0x0000000714a00000, 0x0000000714c00000|  0%| F|  |TAMS 0x0000000714a00000| PB 0x0000000714a00000| Untracked 
| 141|0x0000000714c00000, 0x0000000714c00000, 0x0000000714e00000|  0%| F|  |TAMS 0x0000000714c00000| PB 0x0000000714c00000| Untracked 
| 142|0x0000000714e00000, 0x0000000714e00000, 0x0000000715000000|  0%| F|  |TAMS 0x0000000714e00000| PB 0x0000000714e00000| Untracked 
| 143|0x0000000715000000, 0x0000000715000000, 0x0000000715200000|  0%| F|  |TAMS 0x0000000715000000| PB 0x0000000715000000| Untracked 
| 144|0x0000000715200000, 0x0000000715200000, 0x0000000715400000|  0%| F|  |TAMS 0x0000000715200000| PB 0x0000000715200000| Untracked 
| 145|0x0000000715400000, 0x0000000715400000, 0x0000000715600000|  0%| F|  |TAMS 0x0000000715400000| PB 0x0000000715400000| Untracked 
| 146|0x0000000715600000, 0x0000000715600000, 0x0000000715800000|  0%| F|  |TAMS 0x0000000715600000| PB 0x0000000715600000| Untracked 
| 147|0x0000000715800000, 0x0000000715800000, 0x0000000715a00000|  0%| F|  |TAMS 0x0000000715800000| PB 0x0000000715800000| Untracked 
| 148|0x0000000715a00000, 0x0000000715a00000, 0x0000000715c00000|  0%| F|  |TAMS 0x0000000715a00000| PB 0x0000000715a00000| Untracked 
| 149|0x0000000715c00000, 0x0000000715c00000, 0x0000000715e00000|  0%| F|  |TAMS 0x0000000715c00000| PB 0x0000000715c00000| Untracked 
| 150|0x0000000715e00000, 0x0000000715e00000, 0x0000000716000000|  0%| F|  |TAMS 0x0000000715e00000| PB 0x0000000715e00000| Untracked 
| 151|0x0000000716000000, 0x0000000716000000, 0x0000000716200000|  0%| F|  |TAMS 0x0000000716000000| PB 0x0000000716000000| Untracked 
| 152|0x0000000716200000, 0x0000000716200000, 0x0000000716400000|  0%| F|  |TAMS 0x0000000716200000| PB 0x0000000716200000| Untracked 
| 153|0x0000000716400000, 0x0000000716400000, 0x0000000716600000|  0%| F|  |TAMS 0x0000000716400000| PB 0x0000000716400000| Untracked 
| 154|0x0000000716600000, 0x0000000716600000, 0x0000000716800000|  0%| F|  |TAMS 0x0000000716600000| PB 0x0000000716600000| Untracked 
| 155|0x0000000716800000, 0x0000000716800000, 0x0000000716a00000|  0%| F|  |TAMS 0x0000000716800000| PB 0x0000000716800000| Untracked 
| 156|0x0000000716a00000, 0x0000000716a00000, 0x0000000716c00000|  0%| F|  |TAMS 0x0000000716a00000| PB 0x0000000716a00000| Untracked 
| 157|0x0000000716c00000, 0x0000000716c00000, 0x0000000716e00000|  0%| F|  |TAMS 0x0000000716c00000| PB 0x0000000716c00000| Untracked 
| 158|0x0000000716e00000, 0x0000000716e00000, 0x0000000717000000|  0%| F|  |TAMS 0x0000000716e00000| PB 0x0000000716e00000| Untracked 
| 159|0x0000000717000000, 0x0000000717000000, 0x0000000717200000|  0%| F|  |TAMS 0x0000000717000000| PB 0x0000000717000000| Untracked 
| 160|0x0000000717200000, 0x0000000717200000, 0x0000000717400000|  0%| F|  |TAMS 0x0000000717200000| PB 0x0000000717200000| Untracked 
| 161|0x0000000717400000, 0x0000000717400000, 0x0000000717600000|  0%| F|  |TAMS 0x0000000717400000| PB 0x0000000717400000| Untracked 
| 162|0x0000000717600000, 0x0000000717600000, 0x0000000717800000|  0%| F|  |TAMS 0x0000000717600000| PB 0x0000000717600000| Untracked 
| 163|0x0000000717800000, 0x0000000717800000, 0x0000000717a00000|  0%| F|  |TAMS 0x0000000717800000| PB 0x0000000717800000| Untracked 
| 164|0x0000000717a00000, 0x0000000717a00000, 0x0000000717c00000|  0%| F|  |TAMS 0x0000000717a00000| PB 0x0000000717a00000| Untracked 
| 165|0x0000000717c00000, 0x0000000717c00000, 0x0000000717e00000|  0%| F|  |TAMS 0x0000000717c00000| PB 0x0000000717c00000| Untracked 
|2020|0x00000007ffa00000, 0x00000007ffa00000, 0x00000007ffc00000|  0%| F|  |TAMS 0x00000007ffa00000| PB 0x00000007ffa00000| Untracked 
|2021|0x00000007ffc00000, 0x00000007ffc00000, 0x00000007ffe00000|  0%| F|  |TAMS 0x00000007ffc00000| PB 0x00000007ffc00000| Untracked 
|2022|0x00000007ffe00000, 0x00000007ffe00000, 0x0000000800000000|  0%| F|  |TAMS 0x00000007ffe00000| PB 0x00000007ffe00000| Untracked 

Card table byte_map: [0x0000017375ab0000,0x00000173762a0000] _byte_map_base: 0x0000017372297000

Marking Bits: (CMBitMap*) 0x000001736bd1dd40
 Bits: [0x00000173762a0000, 0x000001737a1d8000)

Polling page: 0x0000017369b40000

Metaspace:

Usage:
  Non-class:     75.28 MB used.
      Class:      9.56 MB used.
       Both:     84.84 MB used.

Virtual space:
  Non-class space:      128.00 MB reserved,      75.88 MB ( 59%) committed,  2 nodes.
      Class space:        1.00 GB reserved,      10.06 MB ( <1%) committed,  1 nodes.
             Both:        1.12 GB reserved,      85.94 MB (  7%) committed. 

Chunk freelists:
   Non-Class:  3.45 MB
       Class:  5.94 MB
        Both:  9.40 MB

MaxMetaspaceSize: unlimited
CompressedClassSpaceSize: 1.00 GB
Initial GC threshold: 21.00 MB
Current GC threshold: 143.12 MB
CDS: off
 - commit_granule_bytes: 65536.
 - commit_granule_words: 8192.
 - virtual_space_node_default_size: 8388608.
 - enlarge_chunks_in_place: 1.
 - use_allocation_guard: 0.


Internal statistics:

num_allocs_failed_limit: 9.
num_arena_births: 964.
num_arena_deaths: 0.
num_vsnodes_births: 3.
num_vsnodes_deaths: 0.
num_space_committed: 1375.
num_space_uncommitted: 0.
num_chunks_returned_to_freelist: 9.
num_chunks_taken_from_freelist: 3222.
num_chunk_merges: 9.
num_chunk_splits: 2259.
num_chunks_enlarged: 1586.
num_inconsistent_stats: 0.

CodeHeap 'non-profiled nmethods': size=120000Kb used=5607Kb max_used=5803Kb free=114392Kb
 bounds [0x0000017307ad0000, 0x0000017308080000, 0x000001730f000000]
CodeHeap 'profiled nmethods': size=120000Kb used=13864Kb max_used=15218Kb free=106136Kb
 bounds [0x0000017300000000, 0x0000017300ee0000, 0x0000017307530000]
CodeHeap 'non-nmethods': size=5760Kb used=1994Kb max_used=2056Kb free=3765Kb
 bounds [0x0000017307530000, 0x00000173077a0000, 0x0000017307ad0000]
CodeCache: size=245760Kb, used=21465Kb, max_used=23077Kb, free=224293Kb
 total_blobs=8157, nmethods=7248, adapters=812, full_count=0
Compilation: enabled, stopped_count=0, restarted_count=0

Compilation events (20 events):
Event: 10.125 Thread 0x000001737d526700 nmethod 8996 0x0000017307ff0590 code [0x0000017307ff07a0, 0x0000017307ff0f58]
Event: 10.125 Thread 0x000001737d526700 9000       4       com.st.microxplorer.altova.db.IP_Modes.RefParameterType$MemberAttribute_Mode::exists (20 bytes)
Event: 10.132 Thread 0x000001737cd517d0 nmethod 8999 0x0000017307fef710 code [0x0000017307fef900, 0x0000017307ff0010]
Event: 10.132 Thread 0x000001737cd517d0 9001       4       com.st.microxplorer.altova.db.IP_Modes.RefParameterType$MemberAttribute_Display::exists (20 bytes)
Event: 10.133 Thread 0x000001737d526700 nmethod 9000 0x0000017307fee710 code [0x0000017307fee900, 0x0000017307fef010]
Event: 10.133 Thread 0x000001737d526700 9002       4       java.util.HashMap::prepareArray (38 bytes)
Event: 10.133 Thread 0x000001737d526700 nmethod 9002 0x0000017307ee1d10 code [0x0000017307ee1ea0, 0x0000017307ee1f88]
Event: 10.134 Thread 0x000001737e3de240 nmethod 8998 0x0000017308044110 code [0x0000017308044340, 0x0000017308045380]
Event: 10.138 Thread 0x000001737cd517d0 nmethod 9001 0x0000017308043290 code [0x0000017308043480, 0x0000017308043b90]
Event: 10.139 Thread 0x000001737e3de240 9003       4       org.apache.xerces.util.XMLStringBuffer::append (102 bytes)
Event: 10.143 Thread 0x000001737e3de240 nmethod 9003 0x0000017307f21010 code [0x0000017307f211e0, 0x0000017307f21a78]
Event: 10.143 Thread 0x000001737cd52260 9004       3       com.st.microxplorer.mcu.Mcu::getSharedSignal (54 bytes)
Event: 10.143 Thread 0x000001737cd52260 nmethod 9004 0x000001730018fa10 code [0x000001730018fc20, 0x0000017300190310]
Event: 10.143 Thread 0x000001737cd517d0 9005       4       com.st.microxplorer.mcu.Mcu::getVirtualPin (47 bytes)
Event: 10.150 Thread 0x000001737e3de240 9006       4       java.lang.StringConcatHelper::prepend (22 bytes)
Event: 10.150 Thread 0x000001737cd517d0 nmethod 9005 0x0000017307f1f910 code [0x0000017307f1fae0, 0x0000017307f20c48]
Event: 10.158 Thread 0x000001737e3de240 nmethod 9006 0x0000017307d16510 code [0x0000017307d166e0, 0x0000017307d16d70]
Event: 10.159 Thread 0x000001737e3de240 9007       4       com.st.microxplorer.mcu.PinoutRecombination::<init> (506 bytes)
Event: 10.160 Thread 0x000001737cd517d0 9008       4       jp.ac.kobe_u.cs.cream.DefaultSolver::satisfy (114 bytes)
Event: 10.206 Thread 0x000001737d526700 9009       4       com.st.microxplorer.altova.db.IP_Modes.ConditionType$MemberAttribute_Diagnostic::getValue (22 bytes)

GC Heap History (20 events):
Event: 9.223 GC heap after
{Heap after GC invocations=36 (full 0):
 garbage-first heap   total 264192K, used 105048K [0x0000000703200000, 0x0000000800000000)
  region size 2048K, 3 young (6144K), 3 survivors (6144K)
 Metaspace       used 86804K, committed 87936K, reserved 1179648K
  class space    used 9788K, committed 10304K, reserved 1048576K
}
Event: 9.362 GC heap before
{Heap before GC invocations=36 (full 0):
 garbage-first heap   total 264192K, used 244312K [0x0000000703200000, 0x0000000800000000)
  region size 2048K, 71 young (145408K), 3 survivors (6144K)
 Metaspace       used 86814K, committed 87936K, reserved 1179648K
  class space    used 9788K, committed 10304K, reserved 1048576K
}
Event: 9.364 GC heap after
{Heap after GC invocations=37 (full 0):
 garbage-first heap   total 264192K, used 106990K [0x0000000703200000, 0x0000000800000000)
  region size 2048K, 4 young (8192K), 4 survivors (8192K)
 Metaspace       used 86814K, committed 87936K, reserved 1179648K
  class space    used 9788K, committed 10304K, reserved 1048576K
}
Event: 9.483 GC heap before
{Heap before GC invocations=37 (full 0):
 garbage-first heap   total 264192K, used 242158K [0x0000000703200000, 0x0000000800000000)
  region size 2048K, 70 young (143360K), 4 survivors (8192K)
 Metaspace       used 86834K, committed 87936K, reserved 1179648K
  class space    used 9788K, committed 10304K, reserved 1048576K
}
Event: 9.487 GC heap after
{Heap after GC invocations=38 (full 0):
 garbage-first heap   total 264192K, used 111411K [0x0000000703200000, 0x0000000800000000)
  region size 2048K, 6 young (12288K), 6 survivors (12288K)
 Metaspace       used 86834K, committed 87936K, reserved 1179648K
  class space    used 9788K, committed 10304K, reserved 1048576K
}
Event: 9.674 GC heap before
{Heap before GC invocations=38 (full 0):
 garbage-first heap   total 264192K, used 242483K [0x0000000703200000, 0x0000000800000000)
  region size 2048K, 70 young (143360K), 6 survivors (12288K)
 Metaspace       used 86853K, committed 87936K, reserved 1179648K
  class space    used 9788K, committed 10304K, reserved 1048576K
}
Event: 9.677 GC heap after
{Heap after GC invocations=39 (full 0):
 garbage-first heap   total 264192K, used 110728K [0x0000000703200000, 0x0000000800000000)
  region size 2048K, 5 young (10240K), 5 survivors (10240K)
 Metaspace       used 86853K, committed 87936K, reserved 1179648K
  class space    used 9788K, committed 10304K, reserved 1048576K
}
Event: 9.775 GC heap before
{Heap before GC invocations=40 (full 0):
 garbage-first heap   total 264192K, used 245896K [0x0000000703200000, 0x0000000800000000)
  region size 2048K, 71 young (145408K), 5 survivors (10240K)
 Metaspace       used 86853K, committed 87936K, reserved 1179648K
  class space    used 9788K, committed 10304K, reserved 1048576K
}
Event: 9.778 GC heap after
{Heap after GC invocations=41 (full 0):
 garbage-first heap   total 264192K, used 112340K [0x0000000703200000, 0x0000000800000000)
  region size 2048K, 5 young (10240K), 5 survivors (10240K)
 Metaspace       used 86853K, committed 87936K, reserved 1179648K
  class space    used 9788K, committed 10304K, reserved 1048576K
}
Event: 9.847 GC heap before
{Heap before GC invocations=41 (full 0):
 garbage-first heap   total 264192K, used 249556K [0x0000000703200000, 0x0000000800000000)
  region size 2048K, 72 young (147456K), 5 survivors (10240K)
 Metaspace       used 86877K, committed 88000K, reserved 1179648K
  class space    used 9791K, committed 10304K, reserved 1048576K
}
Event: 9.852 GC heap after
{Heap after GC invocations=42 (full 0):
 garbage-first heap   total 346112K, used 111843K [0x0000000703200000, 0x0000000800000000)
  region size 2048K, 5 young (10240K), 5 survivors (10240K)
 Metaspace       used 86877K, committed 88000K, reserved 1179648K
  class space    used 9791K, committed 10304K, reserved 1048576K
}
Event: 9.914 GC heap before
{Heap before GC invocations=42 (full 0):
 garbage-first heap   total 346112K, used 308451K [0x0000000703200000, 0x0000000800000000)
  region size 2048K, 101 young (206848K), 5 survivors (10240K)
 Metaspace       used 86877K, committed 88000K, reserved 1179648K
  class space    used 9791K, committed 10304K, reserved 1048576K
}
Event: 9.917 GC heap after
{Heap after GC invocations=43 (full 0):
 garbage-first heap   total 346112K, used 111985K [0x0000000703200000, 0x0000000800000000)
  region size 2048K, 5 young (10240K), 5 survivors (10240K)
 Metaspace       used 86877K, committed 88000K, reserved 1179648K
  class space    used 9791K, committed 10304K, reserved 1048576K
}
Event: 9.998 GC heap before
{Heap before GC invocations=43 (full 0):
 garbage-first heap   total 346112K, used 308593K [0x0000000703200000, 0x0000000800000000)
  region size 2048K, 101 young (206848K), 5 survivors (10240K)
 Metaspace       used 86878K, committed 88000K, reserved 1179648K
  class space    used 9791K, committed 10304K, reserved 1048576K
}
Event: 10.001 GC heap after
{Heap after GC invocations=44 (full 0):
 garbage-first heap   total 346112K, used 113207K [0x0000000703200000, 0x0000000800000000)
  region size 2048K, 5 young (10240K), 5 survivors (10240K)
 Metaspace       used 86878K, committed 88000K, reserved 1179648K
  class space    used 9791K, committed 10304K, reserved 1048576K
}
Event: 10.070 GC heap before
{Heap before GC invocations=44 (full 0):
 garbage-first heap   total 346112K, used 309815K [0x0000000703200000, 0x0000000800000000)
  region size 2048K, 101 young (206848K), 5 survivors (10240K)
 Metaspace       used 86878K, committed 88000K, reserved 1179648K
  class space    used 9791K, committed 10304K, reserved 1048576K
}
Event: 10.073 GC heap after
{Heap after GC invocations=45 (full 0):
 garbage-first heap   total 346112K, used 113428K [0x0000000703200000, 0x0000000800000000)
  region size 2048K, 6 young (12288K), 6 survivors (12288K)
 Metaspace       used 86878K, committed 88000K, reserved 1179648K
  class space    used 9791K, committed 10304K, reserved 1048576K
}
Event: 10.153 GC heap before
{Heap before GC invocations=46 (full 0):
 garbage-first heap   total 346112K, used 307988K [0x0000000703200000, 0x0000000800000000)
  region size 2048K, 101 young (206848K), 6 survivors (12288K)
 Metaspace       used 86879K, committed 88000K, reserved 1179648K
  class space    used 9791K, committed 10304K, reserved 1048576K
}
Event: 10.157 GC heap after
{Heap after GC invocations=47 (full 0):
 garbage-first heap   total 346112K, used 114646K [0x0000000703200000, 0x0000000800000000)
  region size 2048K, 6 young (12288K), 6 survivors (12288K)
 Metaspace       used 86879K, committed 88000K, reserved 1179648K
  class space    used 9791K, committed 10304K, reserved 1048576K
}
Event: 10.212 GC heap before
{Heap before GC invocations=47 (full 0):
 garbage-first heap   total 346112K, used 309206K [0x0000000703200000, 0x0000000800000000)
  region size 2048K, 101 young (206848K), 6 survivors (12288K)
 Metaspace       used 86879K, committed 88000K, reserved 1179648K
  class space    used 9791K, committed 10304K, reserved 1048576K
}

Dll operation events (19 events):
Event: 0.008 Loaded shared library C:\Program Files\STMicroelectronics\STM32Cube\STM32CubeMX\jre\bin\java.dll
Event: 0.046 Loaded shared library C:\Program Files\STMicroelectronics\STM32Cube\STM32CubeMX\jre\bin\jsvml.dll
Event: 0.075 Loaded shared library C:\Program Files\STMicroelectronics\STM32Cube\STM32CubeMX\jre\bin\net.dll
Event: 0.077 Loaded shared library C:\Program Files\STMicroelectronics\STM32Cube\STM32CubeMX\jre\bin\nio.dll
Event: 0.104 Loaded shared library C:\Program Files\STMicroelectronics\STM32Cube\STM32CubeMX\jre\bin\zip.dll
Event: 0.145 Loaded shared library C:\Program Files\STMicroelectronics\STM32Cube\STM32CubeMX\jre\bin\jimage.dll
Event: 0.300 Loaded shared library C:\Program Files\STMicroelectronics\STM32Cube\STM32CubeMX\jre\bin\management.dll
Event: 0.305 Loaded shared library C:\Program Files\STMicroelectronics\STM32Cube\STM32CubeMX\jre\bin\management_ext.dll
Event: 0.816 Loaded shared library C:\Program Files\STMicroelectronics\STM32Cube\STM32CubeMX\jre\bin\verify.dll
Event: 0.903 Loaded shared library C:\Program Files\STMicroelectronics\STM32Cube\STM32CubeMX\jre\bin\prefs.dll
Event: 0.914 Loaded shared library C:\Program Files\STMicroelectronics\STM32Cube\STM32CubeMX\jre\bin\awt.dll
Event: 1.155 Loaded shared library C:\Users\William\AppData\Local\Temp\jna--1282435805\jna17134789058856670825.dll
Event: 1.937 Loaded shared library C:\Program Files\STMicroelectronics\STM32Cube\STM32CubeMX\jre\bin\freetype.dll
Event: 1.938 Loaded shared library C:\Program Files\STMicroelectronics\STM32Cube\STM32CubeMX\jre\bin\fontmanager.dll
Event: 3.978 Loaded shared library C:\Program Files\STMicroelectronics\STM32Cube\STM32CubeMX\jre\bin\sunmscapi.dll
Event: 4.272 Loaded shared library C:\Program Files\STMicroelectronics\STM32Cube\STM32CubeMX\jre\bin\extnet.dll
Event: 4.838 Loaded shared library C:\Program Files\STMicroelectronics\STM32Cube\STM32CubeMX\jre\bin\javajpeg.dll
Event: 5.839 Loaded shared library C:\Users\William\.stm32cubemx\.jxbrowser-8.15.0\Chromium\toolkit64.dll
Event: 6.168 Loaded shared library C:\Users\William\.stm32cubemx\.jxbrowser-8.15.0\Chromium\ipc64.dll

Deoptimization events (20 events):
Event: 9.536 Thread 0x000001737e1e1900 DEOPT PACKING pc=0x0000017300ebc0d9 sp=0x00000013b3efd8d0
Event: 9.536 Thread 0x000001737e1e1900 DEOPT UNPACKING pc=0x00000173075886e2 sp=0x00000013b3efcd80 mode 0
Event: 9.537 Thread 0x000001737e1e1900 DEOPT PACKING pc=0x0000017300ebc0d9 sp=0x00000013b3efd8d0
Event: 9.537 Thread 0x000001737e1e1900 DEOPT UNPACKING pc=0x00000173075886e2 sp=0x00000013b3efcd80 mode 0
Event: 9.537 Thread 0x000001737e1e1900 DEOPT PACKING pc=0x0000017300d8952b sp=0x00000013b3efdba0
Event: 9.537 Thread 0x000001737e1e1900 DEOPT UNPACKING pc=0x00000173075886e2 sp=0x00000013b3efd0f0 mode 0
Event: 9.564 Thread 0x000001737e1e1900 Uncommon trap: trap_request=0xffffff45 fr.pc=0x0000017307ffcc2c relative=0x00000000000005ec
Event: 9.564 Thread 0x000001737e1e1900 Uncommon trap: reason=unstable_if action=reinterpret pc=0x0000017307ffcc2c method=com.altova.xml.TypeBase.getElementAt(Lcom/altova/typeinfo/MemberInfo;I)Lorg/w3c/dom/Node; @ 26 c2
Event: 9.564 Thread 0x000001737e1e1900 DEOPT PACKING pc=0x0000017307ffcc2c sp=0x00000013b3efdf00
Event: 9.564 Thread 0x000001737e1e1900 DEOPT UNPACKING pc=0x0000017307587ba2 sp=0x00000013b3efdec8 mode 2
Event: 9.620 Thread 0x000001737e1e1900 DEOPT PACKING pc=0x0000017300d8952b sp=0x00000013b3efdba0
Event: 9.620 Thread 0x000001737e1e1900 DEOPT UNPACKING pc=0x00000173075886e2 sp=0x00000013b3efd0f0 mode 0
Event: 9.750 Thread 0x000001737e1e1900 Uncommon trap: trap_request=0xffffff6e fr.pc=0x0000017307fbe73c relative=0x0000000000003e9c
Event: 9.750 Thread 0x000001737e1e1900 Uncommon trap: reason=loop_limit_check action=maybe_recompile pc=0x0000017307fbe73c method=com.st.microxplorer.util.ConstraintSolver.<init>([[IZ)V @ 233 c2
Event: 9.750 Thread 0x000001737e1e1900 DEOPT PACKING pc=0x0000017307fbe73c sp=0x00000013b3efd340
Event: 9.750 Thread 0x000001737e1e1900 DEOPT UNPACKING pc=0x0000017307587ba2 sp=0x00000013b3efd330 mode 2
Event: 10.143 Thread 0x000001737e1e1900 DEOPT PACKING pc=0x0000017300e997a4 sp=0x00000013b3efdf80
Event: 10.143 Thread 0x000001737e1e1900 DEOPT UNPACKING pc=0x00000173075886e2 sp=0x00000013b3efd438 mode 0
Event: 10.144 Thread 0x000001737e1e1900 DEOPT PACKING pc=0x0000017300e997a4 sp=0x00000013b3efdf80
Event: 10.144 Thread 0x000001737e1e1900 DEOPT UNPACKING pc=0x00000173075886e2 sp=0x00000013b3efd438 mode 0

Classes loaded (20 events):
Event: 6.962 Loading class java/util/concurrent/RejectedExecutionException
Event: 6.963 Loading class java/util/concurrent/RejectedExecutionException done
Event: 6.963 Loading class java/util/concurrent/Executors$AutoShutdownDelegatedExecutorService
Event: 6.964 Loading class java/util/concurrent/Executors$DelegatedExecutorService
Event: 6.964 Loading class java/util/concurrent/Executors$DelegatedExecutorService done
Event: 6.964 Loading class java/util/concurrent/Executors$AutoShutdownDelegatedExecutorService done
Event: 8.104 Loading class java/awt/SentEvent
Event: 8.104 Loading class java/awt/SentEvent done
Event: 8.157 Loading class javax/swing/text/AbstractDocument$UndoRedoDocumentEvent
Event: 8.158 Loading class javax/swing/text/AbstractDocument$UndoRedoDocumentEvent done
Event: 8.158 Loading class javax/swing/event/UndoableEditListener
Event: 8.158 Loading class javax/swing/event/UndoableEditListener done
Event: 8.158 Loading class javax/swing/text/DefaultCaret$1
Event: 8.159 Loading class javax/swing/text/DefaultCaret$1 done
Event: 9.785 Loading class sun/security/ssl/Alert
Event: 9.785 Loading class sun/security/ssl/Alert done
Event: 9.785 Loading class sun/security/ssl/Alert$AlertConsumer
Event: 9.786 Loading class sun/security/ssl/Alert$AlertConsumer done
Event: 9.786 Loading class sun/security/ssl/Alert$Level
Event: 9.786 Loading class sun/security/ssl/Alert$Level done

Classes unloaded (0 events):
No events

Classes redefined (0 events):
No events

Internal exceptions (20 events):
Event: 9.406 Thread 0x000001737e1e1900 Implicit null exception at 0x0000017300e1299b to 0x0000017300e13353
Event: 9.406 Thread 0x000001737e1e1900 Exception <a 'java/lang/NullPointerException'{0x000000070f43ba50}> (0x000000070f43ba50) 
thrown [s\src\hotspot\share\runtime\sharedRuntime.cpp, line 625]
Event: 9.406 Thread 0x000001737e1e1900 Implicit null exception at 0x0000017300e1299b to 0x0000017300e13353
Event: 9.406 Thread 0x000001737e1e1900 Exception <a 'java/lang/NullPointerException'{0x000000070f43c3c8}> (0x000000070f43c3c8) 
thrown [s\src\hotspot\share\runtime\sharedRuntime.cpp, line 625]
Event: 9.423 Thread 0x000001737e1e1900 Implicit null exception at 0x0000017300e1299b to 0x0000017300e13353
Event: 9.423 Thread 0x000001737e1e1900 Exception <a 'java/lang/NullPointerException'{0x000000070e5cb9a0}> (0x000000070e5cb9a0) 
thrown [s\src\hotspot\share\runtime\sharedRuntime.cpp, line 625]
Event: 9.423 Thread 0x000001737e1e1900 Implicit null exception at 0x0000017300e1299b to 0x0000017300e13353
Event: 9.423 Thread 0x000001737e1e1900 Exception <a 'java/lang/NullPointerException'{0x000000070e5cc318}> (0x000000070e5cc318) 
thrown [s\src\hotspot\share\runtime\sharedRuntime.cpp, line 625]
Event: 9.424 Thread 0x000001737e1e1900 Implicit null exception at 0x0000017300e1299b to 0x0000017300e13353
Event: 9.424 Thread 0x000001737e1e1900 Exception <a 'java/lang/NullPointerException'{0x000000070e5cdac0}> (0x000000070e5cdac0) 
thrown [s\src\hotspot\share\runtime\sharedRuntime.cpp, line 625]
Event: 9.424 Thread 0x000001737e1e1900 Implicit null exception at 0x0000017300e1299b to 0x0000017300e13353
Event: 9.424 Thread 0x000001737e1e1900 Exception <a 'java/lang/NullPointerException'{0x000000070e5ce438}> (0x000000070e5ce438) 
thrown [s\src\hotspot\share\runtime\sharedRuntime.cpp, line 625]
Event: 9.426 Thread 0x000001737e1e1900 Implicit null exception at 0x0000017300e1299b to 0x0000017300e13353
Event: 9.426 Thread 0x000001737e1e1900 Exception <a 'java/lang/NullPointerException'{0x000000070e5dada8}> (0x000000070e5dada8) 
thrown [s\src\hotspot\share\runtime\sharedRuntime.cpp, line 625]
Event: 9.426 Thread 0x000001737e1e1900 Implicit null exception at 0x0000017300e1299b to 0x0000017300e13353
Event: 9.426 Thread 0x000001737e1e1900 Exception <a 'java/lang/NullPointerException'{0x000000070e5db720}> (0x000000070e5db720) 
thrown [s\src\hotspot\share\runtime\sharedRuntime.cpp, line 625]
Event: 9.427 Thread 0x000001737e1e1900 Implicit null exception at 0x0000017300e1299b to 0x0000017300e13353
Event: 9.427 Thread 0x000001737e1e1900 Exception <a 'java/lang/NullPointerException'{0x000000070e5dcdf0}> (0x000000070e5dcdf0) 
thrown [s\src\hotspot\share\runtime\sharedRuntime.cpp, line 625]
Event: 9.427 Thread 0x000001737e1e1900 Implicit null exception at 0x0000017300e1299b to 0x0000017300e13353
Event: 9.427 Thread 0x000001737e1e1900 Exception <a 'java/lang/NullPointerException'{0x000000070e5dd768}> (0x000000070e5dd768) 
thrown [s\src\hotspot\share\runtime\sharedRuntime.cpp, line 625]

ZGC Phase Switch (0 events):
No events

VM Operations (20 events):
Event: 9.725 Executing VM operation: G1PauseRemark done
Event: 9.737 Executing VM operation: G1PauseCleanup
Event: 9.737 Executing VM operation: G1PauseCleanup done
Event: 9.775 Executing VM operation: G1CollectForAllocation (G1 Evacuation Pause)
Event: 9.778 Executing VM operation: G1CollectForAllocation (G1 Evacuation Pause) done
Event: 9.847 Executing VM operation: G1CollectForAllocation (G1 Evacuation Pause)
Event: 9.852 Executing VM operation: G1CollectForAllocation (G1 Evacuation Pause) done
Event: 9.914 Executing VM operation: G1CollectForAllocation (G1 Evacuation Pause)
Event: 9.917 Executing VM operation: G1CollectForAllocation (G1 Evacuation Pause) done
Event: 9.998 Executing VM operation: G1CollectForAllocation (G1 Evacuation Pause)
Event: 10.001 Executing VM operation: G1CollectForAllocation (G1 Evacuation Pause) done
Event: 10.070 Executing VM operation: G1CollectForAllocation (G1 Evacuation Pause)
Event: 10.073 Executing VM operation: G1CollectForAllocation (G1 Evacuation Pause) done
Event: 10.108 Executing VM operation: G1PauseRemark
Event: 10.112 Executing VM operation: G1PauseRemark done
Event: 10.124 Executing VM operation: G1PauseCleanup
Event: 10.124 Executing VM operation: G1PauseCleanup done
Event: 10.153 Executing VM operation: G1CollectForAllocation (G1 Evacuation Pause)
Event: 10.157 Executing VM operation: G1CollectForAllocation (G1 Evacuation Pause) done
Event: 10.212 Executing VM operation: G1CollectForAllocation (G1 Evacuation Pause)

Memory protections (0 events):
No events

Nmethod flushes (20 events):
Event: 10.111 Thread 0x000001737cca84c0 flushing  nmethod 0x0000017300df9a10
Event: 10.111 Thread 0x000001737cca84c0 flushing  nmethod 0x0000017300df9f10
Event: 10.111 Thread 0x000001737cca84c0 flushing  nmethod 0x0000017300e8d590
Event: 10.111 Thread 0x000001737cca84c0 flushing  nmethod 0x0000017300e8de10
Event: 10.111 Thread 0x000001737cca84c0 flushing  nmethod 0x0000017300e8ff10
Event: 10.111 Thread 0x000001737cca84c0 flushing  nmethod 0x0000017300e97e90
Event: 10.111 Thread 0x000001737cca84c0 flushing  nmethod 0x0000017300e98410
Event: 10.111 Thread 0x000001737cca84c0 flushing  nmethod 0x0000017300eb0a10
Event: 10.111 Thread 0x000001737cca84c0 flushing  nmethod 0x0000017307fea110
Event: 10.111 Thread 0x000001737cca84c0 flushing  nmethod 0x0000017307fee710
Event: 10.111 Thread 0x000001737cca84c0 flushing  nmethod 0x0000017307ff6590
Event: 10.111 Thread 0x000001737cca84c0 flushing  nmethod 0x00000173001ff990
Event: 10.111 Thread 0x000001737cca84c0 flushing  nmethod 0x0000017300284110
Event: 10.111 Thread 0x000001737cca84c0 flushing  nmethod 0x0000017300461310
Event: 10.111 Thread 0x000001737cca84c0 flushing  nmethod 0x0000017300572790
Event: 10.111 Thread 0x000001737cca84c0 flushing  nmethod 0x00000173006c0d10
Event: 10.111 Thread 0x000001737cca84c0 flushing  nmethod 0x0000017300dbf390
Event: 10.111 Thread 0x000001737cca84c0 flushing  nmethod 0x0000017300eba590
Event: 10.111 Thread 0x000001737cca84c0 flushing  nmethod 0x0000017300ebae10
Event: 10.111 Thread 0x000001737cca84c0 flushing  nmethod 0x0000017300ebc910

Events (20 events):
Event: 10.203 Thread 0x000001737e1e1900 Thread added: 0x0000017313355730
Event: 10.203 Thread 0x0000017313355730 Thread exited: 0x0000017313355730
Event: 10.203 Thread 0x000001737e1e1900 Thread added: 0x0000017313355730
Event: 10.203 Thread 0x0000017313355730 Thread exited: 0x0000017313355730
Event: 10.203 Thread 0x000001737e1e1900 Thread added: 0x0000017313355730
Event: 10.203 Thread 0x0000017313355730 Thread exited: 0x0000017313355730
Event: 10.203 Thread 0x000001737e1e1900 Thread added: 0x0000017313357170
Event: 10.203 Thread 0x0000017313357170 Thread exited: 0x0000017313357170
Event: 10.203 Thread 0x000001737e1e1900 Thread added: 0x0000017313357800
Event: 10.203 Thread 0x0000017313357800 Thread exited: 0x0000017313357800
Event: 10.203 Thread 0x000001737e1e1900 Thread added: 0x0000017313357800
Event: 10.204 Thread 0x0000017313357800 Thread exited: 0x0000017313357800
Event: 10.204 Thread 0x000001737e1e1900 Thread added: 0x0000017313355730
Event: 10.204 Thread 0x0000017313355730 Thread exited: 0x0000017313355730
Event: 10.204 Thread 0x000001737e1e1900 Thread added: 0x0000017313357170
Event: 10.204 Thread 0x0000017313357170 Thread exited: 0x0000017313357170
Event: 10.204 Thread 0x000001737e1e1900 Thread added: 0x0000017313357170
Event: 10.204 Thread 0x0000017313357170 Thread exited: 0x0000017313357170
Event: 10.204 Thread 0x000001737e1e1900 Thread added: 0x0000017313355730
Event: 10.205 Thread 0x0000017313355730 Thread exited: 0x0000017313355730


Dynamic libraries:
0x00007ff7d3790000 - 0x00007ff7d379e000 	C:\Program Files\STMicroelectronics\STM32Cube\STM32CubeMX\jre\bin\java.exe
0x00007ffc80ba0000 - 0x00007ffc80e07000 	C:\WINDOWS\SYSTEM32\ntdll.dll
0x00007ffc801a0000 - 0x00007ffc80269000 	C:\WINDOWS\System32\KERNEL32.DLL
0x00007ffc7d7e0000 - 0x00007ffc7dbd7000 	C:\WINDOWS\System32\KERNELBASE.dll
0x00007ffc7a9c0000 - 0x00007ffc7aa60000 	C:\WINDOWS\SYSTEM32\apphelp.dll
0x00007ffc7dbe0000 - 0x00007ffc7dd2b000 	C:\WINDOWS\System32\ucrtbase.dll
0x00007ffc6e840000 - 0x00007ffc6e858000 	C:\Program Files\STMicroelectronics\STM32Cube\STM32CubeMX\jre\bin\jli.dll
0x00007ffc6a1a0000 - 0x00007ffc6a1be000 	C:\Program Files\STMicroelectronics\STM32Cube\STM32CubeMX\jre\bin\VCRUNTIME140.dll
0x00007ffc80860000 - 0x00007ffc80a26000 	C:\WINDOWS\System32\USER32.dll
0x00007ffc7d7b0000 - 0x00007ffc7d7d7000 	C:\WINDOWS\System32\win32u.dll
0x00007ffc80b30000 - 0x00007ffc80b5b000 	C:\WINDOWS\System32\GDI32.dll
0x00007ffc7d5d0000 - 0x00007ffc7d6fc000 	C:\WINDOWS\System32\gdi32full.dll
0x00007ffc7dd30000 - 0x00007ffc7ddd3000 	C:\WINDOWS\System32\msvcp_win.dll
0x00007ffc61b20000 - 0x00007ffc61db2000 	C:\WINDOWS\WinSxS\amd64_microsoft.windows.common-controls_6595b64144ccf1df_6.0.26100.8457_none_3e0b2faee331e92d\COMCTL32.dll
0x00007ffc804b0000 - 0x00007ffc80559000 	C:\WINDOWS\System32\msvcrt.dll
0x00007ffc80a30000 - 0x00007ffc80a62000 	C:\WINDOWS\System32\IMM32.DLL
0x00007ffc78a40000 - 0x00007ffc78a4c000 	C:\Program Files\STMicroelectronics\STM32Cube\STM32CubeMX\jre\bin\vcruntime140_1.dll
0x00007ffc69d60000 - 0x00007ffc69ded000 	C:\Program Files\STMicroelectronics\STM32Cube\STM32CubeMX\jre\bin\msvcp140.dll
0x00007ffbea320000 - 0x00007ffbeb0c0000 	C:\Program Files\STMicroelectronics\STM32Cube\STM32CubeMX\jre\bin\server\jvm.dll
0x00007ffc80a70000 - 0x00007ffc80b26000 	C:\WINDOWS\System32\ADVAPI32.dll
0x00007ffc7fed0000 - 0x00007ffc7ff77000 	C:\WINDOWS\System32\sechost.dll
0x00007ffc7ff80000 - 0x00007ffc80098000 	C:\WINDOWS\System32\RPCRT4.dll
0x00007ffc7fe40000 - 0x00007ffc7fec0000 	C:\WINDOWS\System32\WS2_32.dll
0x00007ffc7d430000 - 0x00007ffc7d48e000 	C:\WINDOWS\SYSTEM32\POWRPROF.dll
0x00007ffc74bc0000 - 0x00007ffc74bf6000 	C:\WINDOWS\SYSTEM32\WINMM.dll
0x00007ffc74890000 - 0x00007ffc7489b000 	C:\WINDOWS\SYSTEM32\VERSION.dll
0x00007ffc7d410000 - 0x00007ffc7d424000 	C:\WINDOWS\SYSTEM32\UMPDC.dll
0x00007ffc7c360000 - 0x00007ffc7c37b000 	C:\WINDOWS\SYSTEM32\kernel.appcore.dll
0x00007ffc6ab00000 - 0x00007ffc6ab0a000 	C:\Program Files\STMicroelectronics\STM32Cube\STM32CubeMX\jre\bin\jimage.dll
0x00007ffc7b480000 - 0x00007ffc7b6c2000 	C:\WINDOWS\SYSTEM32\DBGHELP.DLL
0x00007ffc7fab0000 - 0x00007ffc7fe33000 	C:\WINDOWS\System32\combase.dll
0x00007ffc7e960000 - 0x00007ffc7ea39000 	C:\WINDOWS\System32\OLEAUT32.dll
0x00007ffc5e010000 - 0x00007ffc5e04b000 	C:\WINDOWS\SYSTEM32\dbgcore.DLL
0x00007ffc7d700000 - 0x00007ffc7d7a8000 	C:\WINDOWS\System32\bcryptPrimitives.dll
0x00007ffc6a040000 - 0x00007ffc6a060000 	C:\Program Files\STMicroelectronics\STM32Cube\STM32CubeMX\jre\bin\java.dll
0x00007ffc7eac0000 - 0x00007ffc7f22e000 	C:\WINDOWS\System32\SHELL32.dll
0x00007ffc7e020000 - 0x00007ffc7e88c000 	C:\WINDOWS\System32\windows.storage.dll
0x00007ffc80570000 - 0x00007ffc80666000 	C:\WINDOWS\System32\SHCORE.dll
0x00007ffc80270000 - 0x00007ffc802d6000 	C:\WINDOWS\System32\shlwapi.dll
0x00007ffc7d4f0000 - 0x00007ffc7d519000 	C:\WINDOWS\SYSTEM32\profapi.dll
0x00007ffbef520000 - 0x00007ffbef5f7000 	C:\Program Files\STMicroelectronics\STM32Cube\STM32CubeMX\jre\bin\jsvml.dll
0x00007ffc6a190000 - 0x00007ffc6a1a0000 	C:\Program Files\STMicroelectronics\STM32Cube\STM32CubeMX\jre\bin\net.dll
0x00007ffc6f740000 - 0x00007ffc6f869000 	C:\WINDOWS\SYSTEM32\WINHTTP.dll
0x00007ffc7c8d0000 - 0x00007ffc7c93c000 	C:\WINDOWS\system32\mswsock.dll
0x00007ffc6a020000 - 0x00007ffc6a036000 	C:\Program Files\STMicroelectronics\STM32Cube\STM32CubeMX\jre\bin\nio.dll
0x00007ffc69ff0000 - 0x00007ffc6a008000 	C:\Program Files\STMicroelectronics\STM32Cube\STM32CubeMX\jre\bin\zip.dll
0x00007ffc69fe0000 - 0x00007ffc69fea000 	C:\Program Files\STMicroelectronics\STM32Cube\STM32CubeMX\jre\bin\management.dll
0x00007ffc69fd0000 - 0x00007ffc69fdc000 	C:\Program Files\STMicroelectronics\STM32Cube\STM32CubeMX\jre\bin\management_ext.dll
0x00007ffc80670000 - 0x00007ffc80678000 	C:\WINDOWS\System32\PSAPI.DLL
0x00007ffc48880000 - 0x00007ffc48898000 	C:\WINDOWS\system32\napinsp.dll
0x00007ffc7be60000 - 0x00007ffc7bf92000 	C:\WINDOWS\SYSTEM32\DNSAPI.dll
0x00007ffc7bdc0000 - 0x00007ffc7bdf2000 	C:\WINDOWS\SYSTEM32\IPHLPAPI.DLL
0x00007ffc80560000 - 0x00007ffc8056a000 	C:\WINDOWS\System32\NSI.dll
0x00007ffc48860000 - 0x00007ffc48873000 	C:\WINDOWS\System32\winrnr.dll
0x00007ffc48830000 - 0x00007ffc48852000 	C:\WINDOWS\system32\nlansp_c.dll
0x00007ffc48810000 - 0x00007ffc48826000 	C:\WINDOWS\system32\wshbth.dll
0x0000000064a20000 - 0x0000000064a2b000 	C:\Program Files\National Instruments\Shared\mDNS Responder\nimdnsNSP.dll
0x0000000064a00000 - 0x0000000064a11000 	C:\WINDOWS\SYSTEM32\nimdnsResponder.dll
0x00007ffc6fc20000 - 0x00007ffc6fc2b000 	C:\Windows\System32\rasadhlp.dll
0x00007ffc76ff0000 - 0x00007ffc77076000 	C:\WINDOWS\System32\fwpuclnt.dll
0x00007ffc69ee0000 - 0x00007ffc69ef0000 	C:\Program Files\STMicroelectronics\STM32Cube\STM32CubeMX\jre\bin\verify.dll
0x00007ffc69ed0000 - 0x00007ffc69ed9000 	C:\Program Files\STMicroelectronics\STM32Cube\STM32CubeMX\jre\bin\prefs.dll
0x00007ffbec500000 - 0x00007ffbec68f000 	C:\Program Files\STMicroelectronics\STM32Cube\STM32CubeMX\jre\bin\awt.dll
0x00007ffc7aec0000 - 0x00007ffc7aeef000 	C:\WINDOWS\system32\DWMAPI.DLL
0x00007ffc7ac00000 - 0x00007ffc7acaa000 	C:\WINDOWS\system32\uxtheme.dll
0x00007ffc42920000 - 0x00007ffc42a2f000 	C:\WINDOWS\system32\opengl32.dll
0x00007ffc428b0000 - 0x00007ffc428dd000 	C:\WINDOWS\SYSTEM32\GLU32.dll
0x00007ffc7ae50000 - 0x00007ffc7ae95000 	C:\WINDOWS\SYSTEM32\dxcore.dll
0x00007ffc7f950000 - 0x00007ffc7faac000 	C:\WINDOWS\System32\MSCTF.dll
0x00007ffc7f7a0000 - 0x00007ffc7f937000 	C:\WINDOWS\System32\ole32.dll
0x00007ffc7cbb0000 - 0x00007ffc7cbcb000 	C:\WINDOWS\SYSTEM32\CRYPTSP.dll
0x00007ffc7c2c0000 - 0x00007ffc7c2f9000 	C:\WINDOWS\system32\rsaenh.dll
0x00007ffc7c980000 - 0x00007ffc7c9b3000 	C:\WINDOWS\SYSTEM32\USERENV.dll
0x00007ffc7d4c0000 - 0x00007ffc7d4ea000 	C:\WINDOWS\SYSTEM32\bcrypt.dll
0x00007ffc7cbd0000 - 0x00007ffc7cbdc000 	C:\WINDOWS\SYSTEM32\CRYPTBASE.dll
0x00007ffb25140000 - 0x00007ffb25181000 	C:\Users\William\AppData\Local\Temp\jna--1282435805\jna17134789058856670825.dll
0x00007ffbef490000 - 0x00007ffbef517000 	C:\Program Files\STMicroelectronics\STM32Cube\STM32CubeMX\jre\bin\freetype.dll
0x00007ffbec400000 - 0x00007ffbec4f2000 	C:\Program Files\STMicroelectronics\STM32Cube\STM32CubeMX\jre\bin\fontmanager.dll
0x00007ffc69d50000 - 0x00007ffc69d5e000 	C:\Program Files\STMicroelectronics\STM32Cube\STM32CubeMX\jre\bin\sunmscapi.dll
0x00007ffc7dea0000 - 0x00007ffc7e018000 	C:\WINDOWS\System32\CRYPT32.dll
0x00007ffc7cdd0000 - 0x00007ffc7ce00000 	C:\WINDOWS\SYSTEM32\ncrypt.dll
0x00007ffc7cd80000 - 0x00007ffc7cdbf000 	C:\WINDOWS\SYSTEM32\NTASN1.dll
0x00007ffc69d40000 - 0x00007ffc69d49000 	C:\Program Files\STMicroelectronics\STM32Cube\STM32CubeMX\jre\bin\extnet.dll
0x00007ffc4f1f0000 - 0x00007ffc4f21f000 	C:\Program Files\STMicroelectronics\STM32Cube\STM32CubeMX\jre\bin\javajpeg.dll
0x00007ffc80370000 - 0x00007ffc8041e000 	C:\WINDOWS\System32\clbcatq.dll
0x00007ffc78d80000 - 0x00007ffc78fad000 	C:\WINDOWS\SYSTEM32\WindowsCodecs.dll
0x00007ffc2c6f0000 - 0x00007ffc2c74a000 	C:\WINDOWS\system32\dataexchange.dll
0x00007ffc6d3a0000 - 0x00007ffc6d5ee000 	C:\WINDOWS\system32\twinapi.appcore.dll
0x00007ffbec2d0000 - 0x00007ffbec3f6000 	C:\Users\William\.stm32cubemx\.jxbrowser-8.15.0\Chromium\toolkit64.dll
0x00007ffbebff0000 - 0x00007ffbec10e000 	C:\Users\William\.stm32cubemx\.jxbrowser-8.15.0\Chromium\ipc64.dll

JVMTI agents: none

dbghelp: loaded successfully - version: 4.0.5 - missing functions: none
symbol engine: initialized successfully - sym options: 0x614 - pdb path: .;C:\Program Files\STMicroelectronics\STM32Cube\STM32CubeMX\jre\bin;C:\WINDOWS\SYSTEM32;C:\WINDOWS\WinSxS\amd64_microsoft.windows.common-controls_6595b64144ccf1df_6.0.26100.8457_none_3e0b2faee331e92d;C:\Program Files\STMicroelectronics\STM32Cube\STM32CubeMX\jre\bin\server;C:\Program Files\National Instruments\Shared\mDNS Responder;C:\Users\William\AppData\Local\Temp\jna--1282435805;C:\Users\William\.stm32cubemx\.jxbrowser-8.15.0\Chromium

VM Arguments:
java_command: C:\Program Files\STMicroelectronics\STM32Cube\STM32CubeMX\STM32CubeMX.exe -q C:\Users\William\Downloads\SteeringWheelSTM32\STWCube3\script
java_class_path (initial): C:\Program Files\STMicroelectronics\STM32Cube\STM32CubeMX\STM32CubeMX.exe
Launcher Type: SUN_STANDARD

[Global flags]
     intx CICompilerCount                          = 4                                         {product} {ergonomic}
     uint ConcGCThreads                            = 2                                         {product} {ergonomic}
     uint G1ConcRefinementThreads                  = 8                                         {product} {ergonomic}
   size_t G1HeapRegionSize                         = 2097152                                   {product} {ergonomic}
    uintx GCDrainStackTargetSize                   = 64                                        {product} {ergonomic}
   size_t InitialHeapSize                          = 266338304                                 {product} {ergonomic}
   size_t MarkStackSize                            = 4194304                                   {product} {ergonomic}
   size_t MaxHeapSize                              = 4242538496                                {product} {ergonomic}
   size_t MaxNewSize                               = 2543845376                                {product} {ergonomic}
   size_t MinHeapDeltaBytes                        = 2097152                                   {product} {ergonomic}
   size_t MinHeapSize                              = 8388608                                   {product} {ergonomic}
    uintx NonNMethodCodeHeapSize                   = 5839372                                {pd product} {ergonomic}
    uintx NonProfiledCodeHeapSize                  = 122909434                              {pd product} {ergonomic}
    uintx ProfiledCodeHeapSize                     = 122909434                              {pd product} {ergonomic}
    uintx ReservedCodeCacheSize                    = 251658240                              {pd product} {ergonomic}
     bool SegmentedCodeCache                       = true                                      {product} {ergonomic}
   size_t SoftMaxHeapSize                          = 4242538496                             {manageable} {ergonomic}
     bool UseCompressedOops                        = true                           {product lp64_product} {ergonomic}
     bool UseG1GC                                  = true                                      {product} {ergonomic}
     bool UseLargePagesIndividualAllocation        = false                                  {pd product} {ergonomic}

Logging:
Log output configuration:
 #0: stdout all=warning uptime,level,tags foldmultilines=false
 #1: stderr all=off uptime,level,tags foldmultilines=false

Release file:
JAVA_VERSION="21.0.9" 
MODULES="java.base java.compiler java.datatransfer java.xml java.prefs java.desktop java.instrument java.logging java.management java.security.sasl java.naming java.rmi java.management.rmi java.net.http java.scripting java.security.jgss java.transaction.xa java.sql java.sql.rowset java.xml.crypto java.se java.smartcardio jdk.jfr javafx.base jdk.unsupported javafx.graphics javafx.controls javafx.fxml javafx.media jdk.unsupported.desktop javafx.swing jdk.jsobject jdk.xml.dom javafx.web jdk.accessibility jdk.internal.jvmstat jdk.attach jdk.charsets jdk.internal.opt jdk.zipfs jdk.compiler jdk.crypto.ec jdk.crypto.cryptoki jdk.crypto.mscapi jdk.dynalink jdk.internal.ed jdk.editpad jdk.httpserver jdk.incubator.vector jdk.internal.le jdk.internal.vm.ci jdk.internal.vm.compiler jdk.internal.vm.compiler.management jdk.jartool jdk.javadoc jdk.jdeps jdk.jdwp.agent jdk.jdi jdk.jlink jdk.jpackage jdk.jshell jdk.jstatd jdk.localedata jdk.management jdk.management.agent jdk.management.jfr jdk.naming.dns jdk.naming.rmi jdk.net jdk.nio.mapmode jdk.random jdk.sctp jdk.security.auth jdk.security.jgss" 

Environment Variables:
PATH=C:\Program Files\MATLAB\R2024b\bin\win64;C:\Program Files (x86)\Common Files\Oracle\Java\javapath;C:\WINDOWS\system32;C:\WINDOWS;C:\WINDOWS\System32\Wbem;C:\WINDOWS\System32\WindowsPowerShell\v1.0\;C:\WINDOWS\System32\OpenSSH\;C:\Program Files\MATLAB\R2022b\runtime\win64;C:\Program Files\MATLAB\R2022b\bin;C:\Program Files (x86)\Windows Kits\10\Windows Performance Toolkit\;C:\Program Files\dotnet\;C:\Program Files\MATLAB\R2018b\bin;C:\Program Files\MATLAB\R2024b\bin;C:\Program Files (x86)\Vector CANdb++ 3.1\Exec32;C:\Program Files\Vector SIL Kit 5.0.1\x86\bin;C:\Program Files\Vector SIL Kit 5.0.1\x86_64\bin;C:\Users\William\AppData\Local\Microsoft\WindowsApps;C:\msys64\ucrt64\bin;C:\Users\William\AppData\Local\Programs\Microsoft VS Code\bin;C:\Users\William\AppData\Local\GitHubDesktop\bin;C:\Program Files\Vector Informatik GmbH\VIO System Configuration Tool\
USERNAME=William
OS=Windows_NT
PROCESSOR_IDENTIFIER=Intel64 Family 6 Model 140 Stepping 1, GenuineIntel
TMP=C:\Users\William\AppData\Local\Temp
TEMP=C:\Users\William\AppData\Local\Temp




Periodic native trim disabled

---------------  S Y S T E M  ---------------

OS:
 Windows 11 , 64 bit Build 26100 (10.0.26100.8328)
OS uptime: 0 days 12:12 hours

CPU: total 8 (initial active 8) (4 cores per cpu, 2 threads per core) family 6 model 140 stepping 1 microcode 0x8a, cx8, cmov, fxsr, ht, mmx, 3dnowpref, sse, sse2, sse3, ssse3, sse4.1, sse4.2, popcnt, lzcnt, tsc, tscinvbit, avx, avx2, aes, erms, clmul, bmi1, bmi2, adx, avx512f, avx512dq, avx512cd, avx512bw, avx512vl, sha, fma, vzeroupper, avx512_vpopcntdq, avx512_vpclmulqdq, avx512_vaes, avx512_vnni, clflush, clflushopt, clwb, avx512_vbmi2, avx512_vbmi, rdtscp, rdpid, fsrm, gfni, avx512_bitalg, f16c, pku, cet_ibt, cet_ss, avx512_ifma
Processor Information for the first 8 processors :
  Max Mhz: 2419, Current Mhz: 2419, Mhz Limit: 2419

Memory: 4k page, system-wide physical 16183M (1760M free)
TotalPageFile size 22983M (AvailPageFile size 52M)
current process WorkingSet (physical memory assigned to process): 492M, peak: 510M
current process commit charge ("private bytes"): 583M, peak: 809M

vm_info: OpenJDK 64-Bit Server VM (21.0.9+10-LTS) for windows-amd64 JRE (21.0.9+10-LTS), built on 2025-10-21T00:00:00Z by "admin" with unknown MS VC++:1942

END.
