#
# There is insufficient memory for the Java Runtime Environment to continue.
# Native memory allocation (mmap) failed to map 404750336 bytes. Error detail: G1 virtual space
# Possible reasons:
#   The system is out of physical RAM or swap space
#   This process is running with CompressedOops enabled, and the Java Heap may be blocking the growth of the native heap
# Possible solutions:
#   Reduce memory load on the system
#   Increase physical memory or swap space
#   Check if swap backing store is full
#   Decrease Java heap size (-Xmx/-Xms)
#   Decrease number of Java threads
#   Decrease Java thread stack sizes (-Xss)
#   Set larger code cache with -XX:ReservedCodeCacheSize=
#   JVM is running with Zero Based Compressed Oops mode in which the Java heap is
#     placed in the first 32GB address space. The Java Heap base address is the
#     maximum limit for the native heap growth. Please use -XX:HeapBaseMinAddress
#     to set the Java Heap base and to place the Java Heap above 32GB virtual address.
# This output file may be truncated or incomplete.
#
#  Out of Memory Error (os_windows.cpp:3713), pid=18700, tid=4288
#
# JRE version: OpenJDK Runtime Environment Temurin-21.0.9+10 (21.0.9+10) (build 21.0.9+10-LTS)
# Java VM: OpenJDK 64-Bit Server VM Temurin-21.0.9+10 (21.0.9+10-LTS, mixed mode, tiered, compressed oops, compressed class ptrs, g1 gc, windows-amd64)
# No core dump will be written. Minidumps are not enabled by default on client versions of Windows
#

---------------  S U M M A R Y ------------

Command Line: C:\Program Files\STMicroelectronics\STM32Cube\STM32CubeMX\STM32CubeMX.exe -q C:\Users\William\Downloads\SteeringWheelSTM32\STWCube3\script

Host: 11th Gen Intel(R) Core(TM) i5-1135G7 @ 2.40GHz, 8 cores, 15G,  Windows 11 , 64 bit Build 26100 (10.0.26100.8328)
Time: Mon Jun  8 10:24:30 2026 GMT Daylight Time elapsed time: 73.049390 seconds (0d 0h 1m 13s)

---------------  T H R E A D  ---------------

Current thread (0x00000259cf671080):  VMThread "VM Thread"          [id=4288, stack(0x000000bd33100000,0x000000bd33200000) (1024K)]

Stack: [0x000000bd33100000,0x000000bd33200000]
Native frames: (J=compiled Java code, j=interpreted, Vv=VM code, C=native code)
V  [jvm.dll+0x6d6e29]
V  [jvm.dll+0x8b4b76]
V  [jvm.dll+0x8b712e]
V  [jvm.dll+0x8b7813]
V  [jvm.dll+0x283d86]
V  [jvm.dll+0x6d3745]
V  [jvm.dll+0x6c747a]
V  [jvm.dll+0x35e7e8]
V  [jvm.dll+0x366426]
V  [jvm.dll+0x3b73fe]
V  [jvm.dll+0x3b76a8]
V  [jvm.dll+0x3329ec]
V  [jvm.dll+0x332a77]
V  [jvm.dll+0x37684c]
V  [jvm.dll+0x374fee]
V  [jvm.dll+0x332131]
V  [jvm.dll+0x37465a]
V  [jvm.dll+0x8bd500]
V  [jvm.dll+0x8be8a4]
V  [jvm.dll+0x8bede0]
V  [jvm.dll+0x8bf083]
V  [jvm.dll+0x85e9ad]
V  [jvm.dll+0x6d565d]
C  [ucrtbase.dll+0x37b0]
C  [KERNEL32.DLL+0x2e957]
C  [ntdll.dll+0x427c]

VM_Operation (0x000000bd360ff010): G1CollectForAllocation, mode: safepoint, requested by thread 0x00000259d8bc1330


---------------  P R O C E S S  ---------------

Threads class SMR info:
_java_thread_list=0x00000259d78332f0, length=38, elements={
0x00000259af6ab830, 0x00000259cf6ac810, 0x00000259cf6ad260, 0x00000259cf6df490,
0x00000259cf6dfee0, 0x00000259cf6e0930, 0x00000259cf6e1380, 0x00000259cf705440,
0x00000259cf6e3440, 0x00000259cf8dcce0, 0x00000259cf8e6340, 0x00000259d4f66af0,
0x00000259d4f67150, 0x00000259d4f677b0, 0x00000259d5085ea0, 0x00000259d95df3c0,
0x00000259cf95bc80, 0x00000259d95dfa50, 0x00000259d95de010, 0x00000259d49e77d0,
0x00000259d49e9210, 0x00000259d49e98a0, 0x00000259cf95aee0, 0x00000259d49e9f30,
0x00000259d49ea5c0, 0x00000259d49e7e60, 0x00000259d49e84f0, 0x00000259d49e8b80,
0x00000259d95de6a0, 0x00000259d95ded30, 0x00000259d95dd2f0, 0x00000259d95dcc60,
0x00000259d8bbd820, 0x00000259d8bbcb00, 0x00000259d8bc0610, 0x00000259d8bbd190,
0x00000259d8bbf260, 0x00000259d8bc1330
}

Java Threads: ( => current thread )
  0x00000259af6ab830 JavaThread "main"                              [_thread_blocked, id=23448, stack(0x000000bd32a00000,0x000000bd32b00000) (1024K)]
  0x00000259cf6ac810 JavaThread "Reference Handler"          daemon [_thread_blocked, id=23872, stack(0x000000bd33200000,0x000000bd33300000) (1024K)]
  0x00000259cf6ad260 JavaThread "Finalizer"                  daemon [_thread_blocked, id=21852, stack(0x000000bd33300000,0x000000bd33400000) (1024K)]
  0x00000259cf6df490 JavaThread "Signal Dispatcher"          daemon [_thread_blocked, id=17672, stack(0x000000bd33400000,0x000000bd33500000) (1024K)]
  0x00000259cf6dfee0 JavaThread "Attach Listener"            daemon [_thread_blocked, id=19324, stack(0x000000bd33500000,0x000000bd33600000) (1024K)]
  0x00000259cf6e0930 JavaThread "Service Thread"             daemon [_thread_blocked, id=8492, stack(0x000000bd33600000,0x000000bd33700000) (1024K)]
  0x00000259cf6e1380 JavaThread "Monitor Deflation Thread"   daemon [_thread_blocked, id=21092, stack(0x000000bd33700000,0x000000bd33800000) (1024K)]
  0x00000259cf705440 JavaThread "C2 CompilerThread0"         daemon [_thread_blocked, id=8272, stack(0x000000bd33800000,0x000000bd33900000) (1024K)]
  0x00000259cf6e3440 JavaThread "C1 CompilerThread0"         daemon [_thread_blocked, id=18184, stack(0x000000bd33900000,0x000000bd33a00000) (1024K)]
  0x00000259cf8dcce0 JavaThread "Notification Thread"        daemon [_thread_blocked, id=21588, stack(0x000000bd33a00000,0x000000bd33b00000) (1024K)]
  0x00000259cf8e6340 JavaThread "Common-Cleaner"             daemon [_thread_blocked, id=10896, stack(0x000000bd33b00000,0x000000bd33c00000) (1024K)]
  0x00000259d4f66af0 JavaThread "Java2D Disposer"            daemon [_thread_blocked, id=25484, stack(0x000000bd33d00000,0x000000bd33e00000) (1024K)]
  0x00000259d4f67150 JavaThread "AWT-Shutdown"                      [_thread_blocked, id=20648, stack(0x000000bd34600000,0x000000bd34700000) (1024K)]
  0x00000259d4f677b0 JavaThread "AWT-Windows"                daemon [_thread_in_native, id=6644, stack(0x000000bd34700000,0x000000bd34800000) (1024K)]
  0x00000259d5085ea0 JavaThread "AWT-EventQueue-0"                  [_thread_blocked, id=21396, stack(0x000000bd34800000,0x000000bd34900000) (1024K)]
  0x00000259d95df3c0 JavaThread "TimerQueue"                 daemon [_thread_blocked, id=9020, stack(0x000000bd34e00000,0x000000bd34f00000) (1024K)]
  0x00000259cf95bc80 JavaThread "C2 CompilerThread1"         daemon [_thread_blocked, id=6880, stack(0x000000bd32700000,0x000000bd32800000) (1024K)]
  0x00000259d95dfa50 JavaThread "CommandLineManagerThread"   daemon [_thread_blocked, id=16532, stack(0x000000bd34c00000,0x000000bd34d00000) (1024K)]
  0x00000259d95de010 JavaThread "Image Fetcher 0"            daemon [_thread_blocked, id=29032, stack(0x000000bd34d00000,0x000000bd34e00000) (1024K)]
  0x00000259d49e77d0 JavaThread "IPC Server Thread"          daemon [_thread_in_native, id=13020, stack(0x000000bd34b00000,0x000000bd34c00000) (1024K)]
  0x00000259d49e9210 JavaThread "Chromium Process Thread"           [_thread_in_native, id=28532, stack(0x000000bd35000000,0x000000bd35100000) (1024K)]
  0x00000259d49e98a0 JavaThread "Chromium Process Logger"    daemon [_thread_in_native, id=18868, stack(0x000000bd35100000,0x000000bd35200000) (1024K)]
  0x00000259cf95aee0 JavaThread "C2 CompilerThread2"         daemon [_thread_blocked, id=25304, stack(0x000000bd35200000,0x000000bd35300000) (1024K)]
  0x00000259d49e9f30 JavaThread "IPC Memory Reader Thread"          [_thread_in_native, id=20324, stack(0x000000bd35400000,0x000000bd35500000) (1024K)]
  0x00000259d49ea5c0 JavaThread "Browser Thread: 336b7e39-db43-4195-a062-068943fa2356" daemon [_thread_blocked, id=26140, stack(0x000000bd35500000,0x000000bd35600000) (1024K)]
  0x00000259d49e7e60 JavaThread "Socket Connection Checker: 336b7e39-db43-4195-a062-068943fa2356"        [_thread_in_native, id=19688, stack(0x000000bd35600000,0x000000bd35700000) (1024K)]
  0x00000259d49e84f0 JavaThread "Network Thread: 82bd31e4-892c-4696-bab8-c2d147dcdaee" daemon [_thread_blocked, id=19484, stack(0x000000bd35900000,0x000000bd35a00000) (1024K)]
  0x00000259d49e8b80 JavaThread "Socket Connection Checker: 82bd31e4-892c-4696-bab8-c2d147dcdaee"        [_thread_in_native, id=21812, stack(0x000000bd35a00000,0x000000bd35b00000) (1024K)]
  0x00000259d95de6a0 JavaThread "IPC Memory Reader Thread"          [_thread_in_native, id=25200, stack(0x000000bd35800000,0x000000bd35900000) (1024K)]
  0x00000259d95ded30 JavaThread "GPU Thread: 45dbce56-7069-4229-93d8-9c83d8540f3f" daemon [_thread_blocked, id=28216, stack(0x000000bd35d00000,0x000000bd35e00000) (1024K)]
  0x00000259d95dd2f0 JavaThread "Socket Connection Checker: 45dbce56-7069-4229-93d8-9c83d8540f3f"        [_thread_in_native, id=5288, stack(0x000000bd35e00000,0x000000bd35f00000) (1024K)]
  0x00000259d95dcc60 JavaThread "IPC Memory Reader Thread"          [_thread_in_native, id=18776, stack(0x000000bd35c00000,0x000000bd35d00000) (1024K)]
  0x00000259d8bbd820 JavaThread "Render Thread: 10d5c3c8-9a97-44b1-ba65-79c74ac1802e" daemon [_thread_blocked, id=29584, stack(0x000000bd36400000,0x000000bd36500000) (1024K)]
  0x00000259d8bbcb00 JavaThread "Socket Connection Checker: 10d5c3c8-9a97-44b1-ba65-79c74ac1802e"        [_thread_in_native, id=10388, stack(0x000000bd36500000,0x000000bd36600000) (1024K)]
  0x00000259d8bc0610 JavaThread "IPC Memory Reader Thread"          [_thread_in_native, id=5564, stack(0x000000bd36300000,0x000000bd36400000) (1024K)]
  0x00000259d8bbd190 JavaThread "Thread-12"                         [_thread_blocked, id=19988, stack(0x000000bd36600000,0x000000bd36700000) (1024K)]
  0x00000259d8bbf260 JavaThread "Thread-910"                        [_thread_blocked, id=12888, stack(0x000000bd35f00000,0x000000bd36000000) (1024K)]
  0x00000259d8bc1330 JavaThread "Thread-3101"                       [_thread_blocked, id=6228, stack(0x000000bd36000000,0x000000bd36100000) (1024K)]
Total: 38

Other Threads:
=>0x00000259cf671080 VMThread "VM Thread"                           [id=4288, stack(0x000000bd33100000,0x000000bd33200000) (1024K)]
  0x00000259cf5e9160 WatcherThread "VM Periodic Task Thread"        [id=22780, stack(0x000000bd33000000,0x000000bd33100000) (1024K)]
  0x00000259af70d100 WorkerThread "GC Thread#0"                     [id=24252, stack(0x000000bd32b00000,0x000000bd32c00000) (1024K)]
  0x00000259d49b6d70 WorkerThread "GC Thread#1"                     [id=12764, stack(0x000000bd33e00000,0x000000bd33f00000) (1024K)]
  0x00000259d49b7110 WorkerThread "GC Thread#2"                     [id=25216, stack(0x000000bd33f00000,0x000000bd34000000) (1024K)]
  0x00000259d4972600 WorkerThread "GC Thread#3"                     [id=2104, stack(0x000000bd34000000,0x000000bd34100000) (1024K)]
  0x00000259d49729a0 WorkerThread "GC Thread#4"                     [id=16000, stack(0x000000bd34100000,0x000000bd34200000) (1024K)]
  0x00000259d4b0d400 WorkerThread "GC Thread#5"                     [id=21268, stack(0x000000bd34200000,0x000000bd34300000) (1024K)]
  0x00000259d4937020 WorkerThread "GC Thread#6"                     [id=10720, stack(0x000000bd34300000,0x000000bd34400000) (1024K)]
  0x00000259d49373c0 WorkerThread "GC Thread#7"                     [id=10836, stack(0x000000bd34400000,0x000000bd34500000) (1024K)]
  0x00000259af71ddb0 ConcurrentGCThread "G1 Main Marker"            [id=184, stack(0x000000bd32c00000,0x000000bd32d00000) (1024K)]
  0x00000259af71f8c0 WorkerThread "G1 Conc#0"                       [id=24756, stack(0x000000bd32d00000,0x000000bd32e00000) (1024K)]
  0x00000259d45c5f70 WorkerThread "G1 Conc#1"                       [id=22644, stack(0x000000bd34500000,0x000000bd34600000) (1024K)]
  0x00000259cf4bcea0 ConcurrentGCThread "G1 Refine#0"               [id=20012, stack(0x000000bd32e00000,0x000000bd32f00000) (1024K)]
  0x00000259cf4be8c0 ConcurrentGCThread "G1 Service"                [id=4428, stack(0x000000bd32f00000,0x000000bd33000000) (1024K)]
Total: 15

Threads with active compile tasks:
Total: 0

VM state: at safepoint (normal execution)

VM Mutex/Monitor currently owned by a thread:  ([mutex/lock_event])
[0x00007ffbeafdd570] Threads_lock - owner thread: 0x00000259cf671080
[0x00007ffbeafdd670] Heap_lock - owner thread: 0x00000259d8bc1330

Heap address: 0x0000000703200000, size: 4046 MB, Compressed Oops mode: Zero based, Oop shift amount: 3

CDS archive(s) not mapped
Compressed class space mapped at: 0x0000000800000000-0x0000000840000000, reserved size: 1073741824
Narrow klass base: 0x0000000800000000, Narrow klass shift: 0, Narrow klass range: 0x40000000

GC Precious Log:
 CardTable entry size: 512
 Card Set container configuration: InlinePtr #cards 4 size 8 Array Of Cards #cards 16 size 48 Howl #buckets 8 coarsen threshold 3686 Howl Bitmap #cards 512 size 80 coarsen threshold 460 Card regions per heap region 1 cards per card region 4096
 CPUs: 8 total, 8 available
 Memory: 16183M
 Large Page Support: Disabled
 NUMA Support: Disabled
 Compressed Oops: Enabled (Zero based)
 Heap Region Size: 2M
 Heap Min Capacity: 8M
 Heap Initial Capacity: 254M
 Heap Max Capacity: 4046M
 Pre-touch: Disabled
 Parallel Workers: 8
 Concurrent Workers: 2
 Concurrent Refinement Workers: 8
 Periodic GC: Disabled

Heap:
 garbage-first heap   total 559104K, used 119781K [0x0000000703200000, 0x0000000800000000)
  region size 2048K, 8 young (16384K), 8 survivors (16384K)
 Metaspace       used 86805K, committed 88000K, reserved 1179648K
  class space    used 9781K, committed 10304K, reserved 1048576K

Heap Regions: E=young(eden), S=young(survivor), O=old, HS=humongous(starts), HC=humongous(continues), CS=collection set, F=free, TAMS=top-at-mark-start, PB=parsable bottom
|   0|0x0000000703200000, 0x0000000703400000, 0x0000000703400000|100%| O|  |TAMS 0x0000000703200000| PB 0x0000000703200000| Untracked 
|   1|0x0000000703400000, 0x0000000703600000, 0x0000000703600000|100%| O|  |TAMS 0x0000000703400000| PB 0x0000000703400000| Untracked 
|   2|0x0000000703600000, 0x0000000703800000, 0x0000000703800000|100%| O|  |TAMS 0x0000000703600000| PB 0x0000000703600000| Untracked 
|   3|0x0000000703800000, 0x0000000703a00000, 0x0000000703a00000|100%| O|  |TAMS 0x0000000703800000| PB 0x0000000703800000| Untracked 
|   4|0x0000000703a00000, 0x0000000703c00000, 0x0000000703c00000|100%|HS|  |TAMS 0x0000000703a00000| PB 0x0000000703a00000| Complete 
|   5|0x0000000703c00000, 0x0000000703e00000, 0x0000000703e00000|100%|HC|  |TAMS 0x0000000703c00000| PB 0x0000000703c00000| Complete 
|   6|0x0000000703e00000, 0x0000000704000000, 0x0000000704000000|100%|HC|  |TAMS 0x0000000703e00000| PB 0x0000000703e00000| Complete 
|   7|0x0000000704000000, 0x0000000704200000, 0x0000000704200000|100%|HC|  |TAMS 0x0000000704000000| PB 0x0000000704000000| Complete 
|   8|0x0000000704200000, 0x0000000704400000, 0x0000000704400000|100%| O|  |TAMS 0x0000000704200000| PB 0x0000000704200000| Untracked 
|   9|0x0000000704400000, 0x0000000704600000, 0x0000000704600000|100%| O|  |TAMS 0x0000000704400000| PB 0x0000000704400000| Untracked 
|  10|0x0000000704600000, 0x0000000704800000, 0x0000000704800000|100%| O|  |TAMS 0x0000000704600000| PB 0x0000000704600000| Untracked 
|  11|0x0000000704800000, 0x0000000704a00000, 0x0000000704a00000|100%| O|  |TAMS 0x0000000704800000| PB 0x0000000704800000| Untracked 
|  12|0x0000000704a00000, 0x0000000704c00000, 0x0000000704c00000|100%| O|  |TAMS 0x0000000704a00000| PB 0x0000000704a00000| Untracked 
|  13|0x0000000704c00000, 0x0000000704e00000, 0x0000000704e00000|100%| O|  |TAMS 0x0000000704c00000| PB 0x0000000704c00000| Untracked 
|  14|0x0000000704e00000, 0x0000000705000000, 0x0000000705000000|100%| O|  |TAMS 0x0000000704e00000| PB 0x0000000704e00000| Untracked 
|  15|0x0000000705000000, 0x0000000705200000, 0x0000000705200000|100%| O|  |TAMS 0x0000000705000000| PB 0x0000000705000000| Untracked 
|  16|0x0000000705200000, 0x0000000705400000, 0x0000000705400000|100%|HS|  |TAMS 0x0000000705200000| PB 0x0000000705200000| Complete 
|  17|0x0000000705400000, 0x0000000705600000, 0x0000000705600000|100%| O|  |TAMS 0x0000000705400000| PB 0x0000000705400000| Untracked 
|  18|0x0000000705600000, 0x0000000705800000, 0x0000000705800000|100%| O|  |TAMS 0x0000000705600000| PB 0x0000000705600000| Untracked 
|  19|0x0000000705800000, 0x0000000705a00000, 0x0000000705a00000|100%|HS|  |TAMS 0x0000000705800000| PB 0x0000000705800000| Complete 
|  20|0x0000000705a00000, 0x0000000705c00000, 0x0000000705c00000|100%|HS|  |TAMS 0x0000000705a00000| PB 0x0000000705a00000| Complete 
|  21|0x0000000705c00000, 0x0000000705e00000, 0x0000000705e00000|100%|HC|  |TAMS 0x0000000705c00000| PB 0x0000000705c00000| Complete 
|  22|0x0000000705e00000, 0x0000000706000000, 0x0000000706000000|100%|HS|  |TAMS 0x0000000705e00000| PB 0x0000000705e00000| Complete 
|  23|0x0000000706000000, 0x0000000706200000, 0x0000000706200000|100%|HC|  |TAMS 0x0000000706000000| PB 0x0000000706000000| Complete 
|  24|0x0000000706200000, 0x0000000706400000, 0x0000000706400000|100%|HS|  |TAMS 0x0000000706200000| PB 0x0000000706200000| Complete 
|  25|0x0000000706400000, 0x0000000706600000, 0x0000000706600000|100%|HC|  |TAMS 0x0000000706400000| PB 0x0000000706400000| Complete 
|  26|0x0000000706600000, 0x0000000706800000, 0x0000000706800000|100%| O|  |TAMS 0x0000000706600000| PB 0x0000000706600000| Untracked 
|  27|0x0000000706800000, 0x0000000706a00000, 0x0000000706a00000|100%|HS|  |TAMS 0x0000000706800000| PB 0x0000000706800000| Complete 
|  28|0x0000000706a00000, 0x0000000706c00000, 0x0000000706c00000|100%|HC|  |TAMS 0x0000000706a00000| PB 0x0000000706a00000| Complete 
|  29|0x0000000706c00000, 0x0000000706e00000, 0x0000000706e00000|100%|HS|  |TAMS 0x0000000706c00000| PB 0x0000000706c00000| Complete 
|  30|0x0000000706e00000, 0x0000000707000000, 0x0000000707000000|100%|HC|  |TAMS 0x0000000706e00000| PB 0x0000000706e00000| Complete 
|  31|0x0000000707000000, 0x0000000707200000, 0x0000000707200000|100%|HS|  |TAMS 0x0000000707000000| PB 0x0000000707000000| Complete 
|  32|0x0000000707200000, 0x0000000707400000, 0x0000000707400000|100%|HC|  |TAMS 0x0000000707200000| PB 0x0000000707200000| Complete 
|  33|0x0000000707400000, 0x0000000707600000, 0x0000000707600000|100%|HS|  |TAMS 0x0000000707400000| PB 0x0000000707400000| Complete 
|  34|0x0000000707600000, 0x0000000707800000, 0x0000000707800000|100%|HC|  |TAMS 0x0000000707600000| PB 0x0000000707600000| Complete 
|  35|0x0000000707800000, 0x0000000707a00000, 0x0000000707a00000|100%|HS|  |TAMS 0x0000000707800000| PB 0x0000000707800000| Complete 
|  36|0x0000000707a00000, 0x0000000707c00000, 0x0000000707c00000|100%|HC|  |TAMS 0x0000000707a00000| PB 0x0000000707a00000| Complete 
|  37|0x0000000707c00000, 0x0000000707e00000, 0x0000000707e00000|100%|HS|  |TAMS 0x0000000707c00000| PB 0x0000000707c00000| Complete 
|  38|0x0000000707e00000, 0x0000000708000000, 0x0000000708000000|100%|HC|  |TAMS 0x0000000707e00000| PB 0x0000000707e00000| Complete 
|  39|0x0000000708000000, 0x0000000708200000, 0x0000000708200000|100%|HS|  |TAMS 0x0000000708000000| PB 0x0000000708000000| Complete 
|  40|0x0000000708200000, 0x0000000708400000, 0x0000000708400000|100%|HC|  |TAMS 0x0000000708200000| PB 0x0000000708200000| Complete 
|  41|0x0000000708400000, 0x0000000708600000, 0x0000000708600000|100%| O|  |TAMS 0x0000000708400000| PB 0x0000000708400000| Untracked 
|  42|0x0000000708600000, 0x0000000708800000, 0x0000000708800000|100%| O|  |TAMS 0x0000000708600000| PB 0x0000000708600000| Untracked 
|  43|0x0000000708800000, 0x0000000708800000, 0x0000000708a00000|  0%| F|  |TAMS 0x0000000708800000| PB 0x0000000708800000| Untracked 
|  44|0x0000000708a00000, 0x0000000708c00000, 0x0000000708c00000|100%| O|  |TAMS 0x0000000708a00000| PB 0x0000000708a00000| Untracked 
|  45|0x0000000708c00000, 0x0000000708e00000, 0x0000000708e00000|100%| O|  |TAMS 0x0000000708c00000| PB 0x0000000708c00000| Untracked 
|  46|0x0000000708e00000, 0x0000000709000000, 0x0000000709000000|100%| O|  |TAMS 0x0000000708e00000| PB 0x0000000708e00000| Untracked 
|  47|0x0000000709000000, 0x0000000709200000, 0x0000000709200000|100%| O|  |TAMS 0x0000000709000000| PB 0x0000000709000000| Untracked 
|  48|0x0000000709200000, 0x0000000709400000, 0x0000000709400000|100%| O|  |TAMS 0x0000000709200000| PB 0x0000000709200000| Untracked 
|  49|0x0000000709400000, 0x0000000709400000, 0x0000000709600000|  0%| F|  |TAMS 0x0000000709400000| PB 0x0000000709400000| Untracked 
|  50|0x0000000709600000, 0x0000000709800000, 0x0000000709800000|100%| O|  |TAMS 0x0000000709600000| PB 0x0000000709600000| Untracked 
|  51|0x0000000709800000, 0x00000007099b2358, 0x0000000709a00000| 84%| O|  |TAMS 0x0000000709800000| PB 0x0000000709800000| Untracked 
|  52|0x0000000709a00000, 0x0000000709a00000, 0x0000000709c00000|  0%| F|  |TAMS 0x0000000709a00000| PB 0x0000000709a00000| Untracked 
|  53|0x0000000709c00000, 0x0000000709c00000, 0x0000000709e00000|  0%| F|  |TAMS 0x0000000709c00000| PB 0x0000000709c00000| Untracked 
|  54|0x0000000709e00000, 0x000000070a000000, 0x000000070a000000|100%| O|  |TAMS 0x0000000709e00000| PB 0x0000000709e00000| Untracked 
|  55|0x000000070a000000, 0x000000070a000000, 0x000000070a200000|  0%| F|  |TAMS 0x000000070a000000| PB 0x000000070a000000| Untracked 
|  56|0x000000070a200000, 0x000000070a200000, 0x000000070a400000|  0%| F|  |TAMS 0x000000070a200000| PB 0x000000070a200000| Untracked 
|  57|0x000000070a400000, 0x000000070a400000, 0x000000070a600000|  0%| F|  |TAMS 0x000000070a400000| PB 0x000000070a400000| Untracked 
|  58|0x000000070a600000, 0x000000070a600000, 0x000000070a800000|  0%| F|  |TAMS 0x000000070a600000| PB 0x000000070a600000| Untracked 
|  59|0x000000070a800000, 0x000000070a800000, 0x000000070aa00000|  0%| F|  |TAMS 0x000000070a800000| PB 0x000000070a800000| Untracked 
|  60|0x000000070aa00000, 0x000000070aa00000, 0x000000070ac00000|  0%| F|  |TAMS 0x000000070aa00000| PB 0x000000070aa00000| Untracked 
|  61|0x000000070ac00000, 0x000000070ac00000, 0x000000070ae00000|  0%| F|  |TAMS 0x000000070ac00000| PB 0x000000070ac00000| Untracked 
|  62|0x000000070ae00000, 0x000000070ae00000, 0x000000070b000000|  0%| F|  |TAMS 0x000000070ae00000| PB 0x000000070ae00000| Untracked 
|  63|0x000000070b000000, 0x000000070b000000, 0x000000070b200000|  0%| F|  |TAMS 0x000000070b000000| PB 0x000000070b000000| Untracked 
|  64|0x000000070b200000, 0x000000070b200000, 0x000000070b400000|  0%| F|  |TAMS 0x000000070b200000| PB 0x000000070b200000| Untracked 
|  65|0x000000070b400000, 0x000000070b400000, 0x000000070b600000|  0%| F|  |TAMS 0x000000070b400000| PB 0x000000070b400000| Untracked 
|  66|0x000000070b600000, 0x000000070b600000, 0x000000070b800000|  0%| F|  |TAMS 0x000000070b600000| PB 0x000000070b600000| Untracked 
|  67|0x000000070b800000, 0x000000070b800000, 0x000000070ba00000|  0%| F|  |TAMS 0x000000070b800000| PB 0x000000070b800000| Untracked 
|  68|0x000000070ba00000, 0x000000070ba00000, 0x000000070bc00000|  0%| F|  |TAMS 0x000000070ba00000| PB 0x000000070ba00000| Untracked 
|  69|0x000000070bc00000, 0x000000070bc00000, 0x000000070be00000|  0%| F|  |TAMS 0x000000070bc00000| PB 0x000000070bc00000| Untracked 
|  70|0x000000070be00000, 0x000000070be00000, 0x000000070c000000|  0%| F|  |TAMS 0x000000070be00000| PB 0x000000070be00000| Untracked 
|  71|0x000000070c000000, 0x000000070c000000, 0x000000070c200000|  0%| F|  |TAMS 0x000000070c000000| PB 0x000000070c000000| Untracked 
|  72|0x000000070c200000, 0x000000070c200000, 0x000000070c400000|  0%| F|  |TAMS 0x000000070c200000| PB 0x000000070c200000| Untracked 
|  73|0x000000070c400000, 0x000000070c400000, 0x000000070c600000|  0%| F|  |TAMS 0x000000070c400000| PB 0x000000070c400000| Untracked 
|  74|0x000000070c600000, 0x000000070c600000, 0x000000070c800000|  0%| F|  |TAMS 0x000000070c600000| PB 0x000000070c600000| Untracked 
|  75|0x000000070c800000, 0x000000070c800000, 0x000000070ca00000|  0%| F|  |TAMS 0x000000070c800000| PB 0x000000070c800000| Untracked 
|  76|0x000000070ca00000, 0x000000070ca00000, 0x000000070cc00000|  0%| F|  |TAMS 0x000000070ca00000| PB 0x000000070ca00000| Untracked 
|  77|0x000000070cc00000, 0x000000070cc00000, 0x000000070ce00000|  0%| F|  |TAMS 0x000000070cc00000| PB 0x000000070cc00000| Untracked 
|  78|0x000000070ce00000, 0x000000070ce00000, 0x000000070d000000|  0%| F|  |TAMS 0x000000070ce00000| PB 0x000000070ce00000| Untracked 
|  79|0x000000070d000000, 0x000000070d000000, 0x000000070d200000|  0%| F|  |TAMS 0x000000070d000000| PB 0x000000070d000000| Untracked 
|  80|0x000000070d200000, 0x000000070d200000, 0x000000070d400000|  0%| F|  |TAMS 0x000000070d200000| PB 0x000000070d200000| Untracked 
|  81|0x000000070d400000, 0x000000070d400000, 0x000000070d600000|  0%| F|  |TAMS 0x000000070d400000| PB 0x000000070d400000| Untracked 
|  82|0x000000070d600000, 0x000000070d600000, 0x000000070d800000|  0%| F|  |TAMS 0x000000070d600000| PB 0x000000070d600000| Untracked 
|  83|0x000000070d800000, 0x000000070d800000, 0x000000070da00000|  0%| F|  |TAMS 0x000000070d800000| PB 0x000000070d800000| Untracked 
|  84|0x000000070da00000, 0x000000070da00000, 0x000000070dc00000|  0%| F|  |TAMS 0x000000070da00000| PB 0x000000070da00000| Untracked 
|  85|0x000000070dc00000, 0x000000070dc00000, 0x000000070de00000|  0%| F|  |TAMS 0x000000070dc00000| PB 0x000000070dc00000| Untracked 
|  86|0x000000070de00000, 0x000000070de00000, 0x000000070e000000|  0%| F|  |TAMS 0x000000070de00000| PB 0x000000070de00000| Untracked 
|  87|0x000000070e000000, 0x000000070e000000, 0x000000070e200000|  0%| F|  |TAMS 0x000000070e000000| PB 0x000000070e000000| Untracked 
|  88|0x000000070e200000, 0x000000070e200000, 0x000000070e400000|  0%| F|  |TAMS 0x000000070e200000| PB 0x000000070e200000| Untracked 
|  89|0x000000070e400000, 0x000000070e400000, 0x000000070e600000|  0%| F|  |TAMS 0x000000070e400000| PB 0x000000070e400000| Untracked 
|  90|0x000000070e600000, 0x000000070e600000, 0x000000070e800000|  0%| F|  |TAMS 0x000000070e600000| PB 0x000000070e600000| Untracked 
|  91|0x000000070e800000, 0x000000070e800000, 0x000000070ea00000|  0%| F|  |TAMS 0x000000070e800000| PB 0x000000070e800000| Untracked 
|  92|0x000000070ea00000, 0x000000070ea00000, 0x000000070ec00000|  0%| F|  |TAMS 0x000000070ea00000| PB 0x000000070ea00000| Untracked 
|  93|0x000000070ec00000, 0x000000070ec00000, 0x000000070ee00000|  0%| F|  |TAMS 0x000000070ec00000| PB 0x000000070ec00000| Untracked 
|  94|0x000000070ee00000, 0x000000070ee00000, 0x000000070f000000|  0%| F|  |TAMS 0x000000070ee00000| PB 0x000000070ee00000| Untracked 
|  95|0x000000070f000000, 0x000000070f000000, 0x000000070f200000|  0%| F|  |TAMS 0x000000070f000000| PB 0x000000070f000000| Untracked 
|  96|0x000000070f200000, 0x000000070f200000, 0x000000070f400000|  0%| F|  |TAMS 0x000000070f200000| PB 0x000000070f200000| Untracked 
|  97|0x000000070f400000, 0x000000070f400000, 0x000000070f600000|  0%| F|  |TAMS 0x000000070f400000| PB 0x000000070f400000| Untracked 
|  98|0x000000070f600000, 0x000000070f600000, 0x000000070f800000|  0%| F|  |TAMS 0x000000070f600000| PB 0x000000070f600000| Untracked 
|  99|0x000000070f800000, 0x000000070f800000, 0x000000070fa00000|  0%| F|  |TAMS 0x000000070f800000| PB 0x000000070f800000| Untracked 
| 100|0x000000070fa00000, 0x000000070fa00000, 0x000000070fc00000|  0%| F|  |TAMS 0x000000070fa00000| PB 0x000000070fa00000| Untracked 
| 101|0x000000070fc00000, 0x000000070fc00000, 0x000000070fe00000|  0%| F|  |TAMS 0x000000070fc00000| PB 0x000000070fc00000| Untracked 
| 102|0x000000070fe00000, 0x000000070fe00000, 0x0000000710000000|  0%| F|  |TAMS 0x000000070fe00000| PB 0x000000070fe00000| Untracked 
| 103|0x0000000710000000, 0x0000000710147100, 0x0000000710200000| 63%| S|CS|TAMS 0x0000000710000000| PB 0x0000000710000000| Complete 
| 104|0x0000000710200000, 0x0000000710400000, 0x0000000710400000|100%| S|CS|TAMS 0x0000000710200000| PB 0x0000000710200000| Complete 
| 105|0x0000000710400000, 0x0000000710600000, 0x0000000710600000|100%| S|CS|TAMS 0x0000000710400000| PB 0x0000000710400000| Complete 
| 106|0x0000000710600000, 0x0000000710800000, 0x0000000710800000|100%| S|CS|TAMS 0x0000000710600000| PB 0x0000000710600000| Complete 
| 107|0x0000000710800000, 0x0000000710a00000, 0x0000000710a00000|100%| S|CS|TAMS 0x0000000710800000| PB 0x0000000710800000| Complete 
| 108|0x0000000710a00000, 0x0000000710c00000, 0x0000000710c00000|100%| S|CS|TAMS 0x0000000710a00000| PB 0x0000000710a00000| Complete 
| 109|0x0000000710c00000, 0x0000000710c00000, 0x0000000710e00000|  0%| F|  |TAMS 0x0000000710c00000| PB 0x0000000710c00000| Untracked 
| 110|0x0000000710e00000, 0x0000000710e00000, 0x0000000711000000|  0%| F|  |TAMS 0x0000000710e00000| PB 0x0000000710e00000| Untracked 
| 111|0x0000000711000000, 0x0000000711000000, 0x0000000711200000|  0%| F|  |TAMS 0x0000000711000000| PB 0x0000000711000000| Untracked 
| 112|0x0000000711200000, 0x0000000711200000, 0x0000000711400000|  0%| F|  |TAMS 0x0000000711200000| PB 0x0000000711200000| Untracked 
| 113|0x0000000711400000, 0x0000000711400000, 0x0000000711600000|  0%| F|  |TAMS 0x0000000711400000| PB 0x0000000711400000| Untracked 
| 114|0x0000000711600000, 0x0000000711600000, 0x0000000711800000|  0%| F|  |TAMS 0x0000000711600000| PB 0x0000000711600000| Untracked 
| 115|0x0000000711800000, 0x0000000711a00000, 0x0000000711a00000|100%| S|CS|TAMS 0x0000000711800000| PB 0x0000000711800000| Complete 
| 116|0x0000000711a00000, 0x0000000711a00000, 0x0000000711c00000|  0%| F|  |TAMS 0x0000000711a00000| PB 0x0000000711a00000| Untracked 
| 117|0x0000000711c00000, 0x0000000711e00000, 0x0000000711e00000|100%| S|CS|TAMS 0x0000000711c00000| PB 0x0000000711c00000| Complete 
| 118|0x0000000711e00000, 0x0000000711e00000, 0x0000000712000000|  0%| F|  |TAMS 0x0000000711e00000| PB 0x0000000711e00000| Untracked 
| 119|0x0000000712000000, 0x0000000712000000, 0x0000000712200000|  0%| F|  |TAMS 0x0000000712000000| PB 0x0000000712000000| Untracked 
| 120|0x0000000712200000, 0x0000000712200000, 0x0000000712400000|  0%| F|  |TAMS 0x0000000712200000| PB 0x0000000712200000| Untracked 
| 121|0x0000000712400000, 0x0000000712400000, 0x0000000712600000|  0%| F|  |TAMS 0x0000000712400000| PB 0x0000000712400000| Untracked 
| 122|0x0000000712600000, 0x0000000712600000, 0x0000000712800000|  0%| F|  |TAMS 0x0000000712600000| PB 0x0000000712600000| Untracked 
| 123|0x0000000712800000, 0x0000000712800000, 0x0000000712a00000|  0%| F|  |TAMS 0x0000000712800000| PB 0x0000000712800000| Untracked 
| 124|0x0000000712a00000, 0x0000000712a00000, 0x0000000712c00000|  0%| F|  |TAMS 0x0000000712a00000| PB 0x0000000712a00000| Untracked 
| 125|0x0000000712c00000, 0x0000000712c00000, 0x0000000712e00000|  0%| F|  |TAMS 0x0000000712c00000| PB 0x0000000712c00000| Untracked 
| 126|0x0000000712e00000, 0x0000000712e00000, 0x0000000713000000|  0%| F|  |TAMS 0x0000000712e00000| PB 0x0000000712e00000| Untracked 
| 127|0x0000000713000000, 0x0000000713000000, 0x0000000713200000|  0%| F|  |TAMS 0x0000000713000000| PB 0x0000000713000000| Untracked 
| 128|0x0000000713200000, 0x0000000713200000, 0x0000000713400000|  0%| F|  |TAMS 0x0000000713200000| PB 0x0000000713200000| Untracked 
| 129|0x0000000713400000, 0x0000000713400000, 0x0000000713600000|  0%| F|  |TAMS 0x0000000713400000| PB 0x0000000713400000| Untracked 
| 130|0x0000000713600000, 0x0000000713600000, 0x0000000713800000|  0%| F|  |TAMS 0x0000000713600000| PB 0x0000000713600000| Untracked 
| 131|0x0000000713800000, 0x0000000713800000, 0x0000000713a00000|  0%| F|  |TAMS 0x0000000713800000| PB 0x0000000713800000| Untracked 
| 132|0x0000000713a00000, 0x0000000713a00000, 0x0000000713c00000|  0%| F|  |TAMS 0x0000000713a00000| PB 0x0000000713a00000| Untracked 
| 133|0x0000000713c00000, 0x0000000713c00000, 0x0000000713e00000|  0%| F|  |TAMS 0x0000000713c00000| PB 0x0000000713c00000| Untracked 
| 134|0x0000000713e00000, 0x0000000713e00000, 0x0000000714000000|  0%| F|  |TAMS 0x0000000713e00000| PB 0x0000000713e00000| Untracked 
| 135|0x0000000714000000, 0x0000000714000000, 0x0000000714200000|  0%| F|  |TAMS 0x0000000714000000| PB 0x0000000714000000| Untracked 
| 136|0x0000000714200000, 0x0000000714200000, 0x0000000714400000|  0%| F|  |TAMS 0x0000000714200000| PB 0x0000000714200000| Untracked 
| 137|0x0000000714400000, 0x0000000714400000, 0x0000000714600000|  0%| F|  |TAMS 0x0000000714400000| PB 0x0000000714400000| Untracked 
| 138|0x0000000714600000, 0x0000000714600000, 0x0000000714800000|  0%| F|  |TAMS 0x0000000714600000| PB 0x0000000714600000| Untracked 
| 139|0x0000000714800000, 0x0000000714800000, 0x0000000714a00000|  0%| F|  |TAMS 0x0000000714800000| PB 0x0000000714800000| Untracked 
| 140|0x0000000714a00000, 0x0000000714a00000, 0x0000000714c00000|  0%| F|  |TAMS 0x0000000714a00000| PB 0x0000000714a00000| Untracked 
| 141|0x0000000714c00000, 0x0000000714c00000, 0x0000000714e00000|  0%| F|  |TAMS 0x0000000714c00000| PB 0x0000000714c00000| Untracked 
| 142|0x0000000714e00000, 0x0000000714e00000, 0x0000000715000000|  0%| F|  |TAMS 0x0000000714e00000| PB 0x0000000714e00000| Untracked 
| 143|0x0000000715000000, 0x0000000715000000, 0x0000000715200000|  0%| F|  |TAMS 0x0000000715000000| PB 0x0000000715000000| Untracked 
| 144|0x0000000715200000, 0x0000000715200000, 0x0000000715400000|  0%| F|  |TAMS 0x0000000715200000| PB 0x0000000715200000| Untracked 
| 145|0x0000000715400000, 0x0000000715400000, 0x0000000715600000|  0%| F|  |TAMS 0x0000000715400000| PB 0x0000000715400000| Untracked 
| 146|0x0000000715600000, 0x0000000715600000, 0x0000000715800000|  0%| F|  |TAMS 0x0000000715600000| PB 0x0000000715600000| Untracked 
| 147|0x0000000715800000, 0x0000000715800000, 0x0000000715a00000|  0%| F|  |TAMS 0x0000000715800000| PB 0x0000000715800000| Untracked 
| 148|0x0000000715a00000, 0x0000000715a00000, 0x0000000715c00000|  0%| F|  |TAMS 0x0000000715a00000| PB 0x0000000715a00000| Untracked 
| 149|0x0000000715c00000, 0x0000000715c00000, 0x0000000715e00000|  0%| F|  |TAMS 0x0000000715c00000| PB 0x0000000715c00000| Untracked 
| 150|0x0000000715e00000, 0x0000000715e00000, 0x0000000716000000|  0%| F|  |TAMS 0x0000000715e00000| PB 0x0000000715e00000| Untracked 
| 151|0x0000000716000000, 0x0000000716000000, 0x0000000716200000|  0%| F|  |TAMS 0x0000000716000000| PB 0x0000000716000000| Untracked 
| 152|0x0000000716200000, 0x0000000716200000, 0x0000000716400000|  0%| F|  |TAMS 0x0000000716200000| PB 0x0000000716200000| Untracked 
| 153|0x0000000716400000, 0x0000000716400000, 0x0000000716600000|  0%| F|  |TAMS 0x0000000716400000| PB 0x0000000716400000| Untracked 
| 154|0x0000000716600000, 0x0000000716600000, 0x0000000716800000|  0%| F|  |TAMS 0x0000000716600000| PB 0x0000000716600000| Untracked 
| 155|0x0000000716800000, 0x0000000716800000, 0x0000000716a00000|  0%| F|  |TAMS 0x0000000716800000| PB 0x0000000716800000| Untracked 
| 156|0x0000000716a00000, 0x0000000716a00000, 0x0000000716c00000|  0%| F|  |TAMS 0x0000000716a00000| PB 0x0000000716a00000| Untracked 
| 157|0x0000000716c00000, 0x0000000716c00000, 0x0000000716e00000|  0%| F|  |TAMS 0x0000000716c00000| PB 0x0000000716c00000| Untracked 
| 158|0x0000000716e00000, 0x0000000716e00000, 0x0000000717000000|  0%| F|  |TAMS 0x0000000716e00000| PB 0x0000000716e00000| Untracked 
| 159|0x0000000717000000, 0x0000000717000000, 0x0000000717200000|  0%| F|  |TAMS 0x0000000717000000| PB 0x0000000717000000| Untracked 
| 160|0x0000000717200000, 0x0000000717200000, 0x0000000717400000|  0%| F|  |TAMS 0x0000000717200000| PB 0x0000000717200000| Untracked 
| 161|0x0000000717400000, 0x0000000717400000, 0x0000000717600000|  0%| F|  |TAMS 0x0000000717400000| PB 0x0000000717400000| Untracked 
| 162|0x0000000717600000, 0x0000000717600000, 0x0000000717800000|  0%| F|  |TAMS 0x0000000717600000| PB 0x0000000717600000| Untracked 
| 163|0x0000000717800000, 0x0000000717800000, 0x0000000717a00000|  0%| F|  |TAMS 0x0000000717800000| PB 0x0000000717800000| Untracked 
| 164|0x0000000717a00000, 0x0000000717a00000, 0x0000000717c00000|  0%| F|  |TAMS 0x0000000717a00000| PB 0x0000000717a00000| Untracked 
| 165|0x0000000717c00000, 0x0000000717c00000, 0x0000000717e00000|  0%| F|  |TAMS 0x0000000717c00000| PB 0x0000000717c00000| Untracked 
| 166|0x0000000717e00000, 0x0000000717e00000, 0x0000000718000000|  0%| F|  |TAMS 0x0000000717e00000| PB 0x0000000717e00000| Untracked 
| 167|0x0000000718000000, 0x0000000718000000, 0x0000000718200000|  0%| F|  |TAMS 0x0000000718000000| PB 0x0000000718000000| Untracked 
| 168|0x0000000718200000, 0x0000000718200000, 0x0000000718400000|  0%| F|  |TAMS 0x0000000718200000| PB 0x0000000718200000| Untracked 
| 169|0x0000000718400000, 0x0000000718400000, 0x0000000718600000|  0%| F|  |TAMS 0x0000000718400000| PB 0x0000000718400000| Untracked 
| 170|0x0000000718600000, 0x0000000718600000, 0x0000000718800000|  0%| F|  |TAMS 0x0000000718600000| PB 0x0000000718600000| Untracked 
| 171|0x0000000718800000, 0x0000000718800000, 0x0000000718a00000|  0%| F|  |TAMS 0x0000000718800000| PB 0x0000000718800000| Untracked 
| 172|0x0000000718a00000, 0x0000000718a00000, 0x0000000718c00000|  0%| F|  |TAMS 0x0000000718a00000| PB 0x0000000718a00000| Untracked 
| 173|0x0000000718c00000, 0x0000000718c00000, 0x0000000718e00000|  0%| F|  |TAMS 0x0000000718c00000| PB 0x0000000718c00000| Untracked 
| 174|0x0000000718e00000, 0x0000000718e00000, 0x0000000719000000|  0%| F|  |TAMS 0x0000000718e00000| PB 0x0000000718e00000| Untracked 
| 175|0x0000000719000000, 0x0000000719000000, 0x0000000719200000|  0%| F|  |TAMS 0x0000000719000000| PB 0x0000000719000000| Untracked 
| 176|0x0000000719200000, 0x0000000719200000, 0x0000000719400000|  0%| F|  |TAMS 0x0000000719200000| PB 0x0000000719200000| Untracked 
| 177|0x0000000719400000, 0x0000000719400000, 0x0000000719600000|  0%| F|  |TAMS 0x0000000719400000| PB 0x0000000719400000| Untracked 
| 178|0x0000000719600000, 0x0000000719600000, 0x0000000719800000|  0%| F|  |TAMS 0x0000000719600000| PB 0x0000000719600000| Untracked 
| 179|0x0000000719800000, 0x0000000719800000, 0x0000000719a00000|  0%| F|  |TAMS 0x0000000719800000| PB 0x0000000719800000| Untracked 
| 180|0x0000000719a00000, 0x0000000719a00000, 0x0000000719c00000|  0%| F|  |TAMS 0x0000000719a00000| PB 0x0000000719a00000| Untracked 
| 181|0x0000000719c00000, 0x0000000719c00000, 0x0000000719e00000|  0%| F|  |TAMS 0x0000000719c00000| PB 0x0000000719c00000| Untracked 
| 182|0x0000000719e00000, 0x0000000719e00000, 0x000000071a000000|  0%| F|  |TAMS 0x0000000719e00000| PB 0x0000000719e00000| Untracked 
| 183|0x000000071a000000, 0x000000071a000000, 0x000000071a200000|  0%| F|  |TAMS 0x000000071a000000| PB 0x000000071a000000| Untracked 
| 184|0x000000071a200000, 0x000000071a200000, 0x000000071a400000|  0%| F|  |TAMS 0x000000071a200000| PB 0x000000071a200000| Untracked 
| 185|0x000000071a400000, 0x000000071a400000, 0x000000071a600000|  0%| F|  |TAMS 0x000000071a400000| PB 0x000000071a400000| Untracked 
| 186|0x000000071a600000, 0x000000071a600000, 0x000000071a800000|  0%| F|  |TAMS 0x000000071a600000| PB 0x000000071a600000| Untracked 
| 187|0x000000071a800000, 0x000000071a800000, 0x000000071aa00000|  0%| F|  |TAMS 0x000000071a800000| PB 0x000000071a800000| Untracked 
| 188|0x000000071aa00000, 0x000000071aa00000, 0x000000071ac00000|  0%| F|  |TAMS 0x000000071aa00000| PB 0x000000071aa00000| Untracked 
| 189|0x000000071ac00000, 0x000000071ac00000, 0x000000071ae00000|  0%| F|  |TAMS 0x000000071ac00000| PB 0x000000071ac00000| Untracked 
| 190|0x000000071ae00000, 0x000000071ae00000, 0x000000071b000000|  0%| F|  |TAMS 0x000000071ae00000| PB 0x000000071ae00000| Untracked 
| 191|0x000000071b000000, 0x000000071b000000, 0x000000071b200000|  0%| F|  |TAMS 0x000000071b000000| PB 0x000000071b000000| Untracked 
| 192|0x000000071b200000, 0x000000071b200000, 0x000000071b400000|  0%| F|  |TAMS 0x000000071b200000| PB 0x000000071b200000| Untracked 
| 193|0x000000071b400000, 0x000000071b400000, 0x000000071b600000|  0%| F|  |TAMS 0x000000071b400000| PB 0x000000071b400000| Untracked 
| 194|0x000000071b600000, 0x000000071b600000, 0x000000071b800000|  0%| F|  |TAMS 0x000000071b600000| PB 0x000000071b600000| Untracked 
| 195|0x000000071b800000, 0x000000071b800000, 0x000000071ba00000|  0%| F|  |TAMS 0x000000071b800000| PB 0x000000071b800000| Untracked 
| 196|0x000000071ba00000, 0x000000071ba00000, 0x000000071bc00000|  0%| F|  |TAMS 0x000000071ba00000| PB 0x000000071ba00000| Untracked 
| 197|0x000000071bc00000, 0x000000071bc00000, 0x000000071be00000|  0%| F|  |TAMS 0x000000071bc00000| PB 0x000000071bc00000| Untracked 
| 198|0x000000071be00000, 0x000000071be00000, 0x000000071c000000|  0%| F|  |TAMS 0x000000071be00000| PB 0x000000071be00000| Untracked 
| 199|0x000000071c000000, 0x000000071c000000, 0x000000071c200000|  0%| F|  |TAMS 0x000000071c000000| PB 0x000000071c000000| Untracked 
| 200|0x000000071c200000, 0x000000071c200000, 0x000000071c400000|  0%| F|  |TAMS 0x000000071c200000| PB 0x000000071c200000| Untracked 
| 201|0x000000071c400000, 0x000000071c400000, 0x000000071c600000|  0%| F|  |TAMS 0x000000071c400000| PB 0x000000071c400000| Untracked 
| 202|0x000000071c600000, 0x000000071c600000, 0x000000071c800000|  0%| F|  |TAMS 0x000000071c600000| PB 0x000000071c600000| Untracked 
| 203|0x000000071c800000, 0x000000071c800000, 0x000000071ca00000|  0%| F|  |TAMS 0x000000071c800000| PB 0x000000071c800000| Untracked 
| 204|0x000000071ca00000, 0x000000071ca00000, 0x000000071cc00000|  0%| F|  |TAMS 0x000000071ca00000| PB 0x000000071ca00000| Untracked 
| 205|0x000000071cc00000, 0x000000071cc00000, 0x000000071ce00000|  0%| F|  |TAMS 0x000000071cc00000| PB 0x000000071cc00000| Untracked 
| 206|0x000000071ce00000, 0x000000071ce00000, 0x000000071d000000|  0%| F|  |TAMS 0x000000071ce00000| PB 0x000000071ce00000| Untracked 
| 207|0x000000071d000000, 0x000000071d000000, 0x000000071d200000|  0%| F|  |TAMS 0x000000071d000000| PB 0x000000071d000000| Untracked 
| 208|0x000000071d200000, 0x000000071d200000, 0x000000071d400000|  0%| F|  |TAMS 0x000000071d200000| PB 0x000000071d200000| Untracked 
| 209|0x000000071d400000, 0x000000071d400000, 0x000000071d600000|  0%| F|  |TAMS 0x000000071d400000| PB 0x000000071d400000| Untracked 
| 210|0x000000071d600000, 0x000000071d600000, 0x000000071d800000|  0%| F|  |TAMS 0x000000071d600000| PB 0x000000071d600000| Untracked 
| 211|0x000000071d800000, 0x000000071d800000, 0x000000071da00000|  0%| F|  |TAMS 0x000000071d800000| PB 0x000000071d800000| Untracked 
| 212|0x000000071da00000, 0x000000071da00000, 0x000000071dc00000|  0%| F|  |TAMS 0x000000071da00000| PB 0x000000071da00000| Untracked 
| 213|0x000000071dc00000, 0x000000071dc00000, 0x000000071de00000|  0%| F|  |TAMS 0x000000071dc00000| PB 0x000000071dc00000| Untracked 
| 214|0x000000071de00000, 0x000000071de00000, 0x000000071e000000|  0%| F|  |TAMS 0x000000071de00000| PB 0x000000071de00000| Untracked 
| 215|0x000000071e000000, 0x000000071e000000, 0x000000071e200000|  0%| F|  |TAMS 0x000000071e000000| PB 0x000000071e000000| Untracked 
| 216|0x000000071e200000, 0x000000071e200000, 0x000000071e400000|  0%| F|  |TAMS 0x000000071e200000| PB 0x000000071e200000| Untracked 
| 217|0x000000071e400000, 0x000000071e400000, 0x000000071e600000|  0%| F|  |TAMS 0x000000071e400000| PB 0x000000071e400000| Untracked 
| 218|0x000000071e600000, 0x000000071e600000, 0x000000071e800000|  0%| F|  |TAMS 0x000000071e600000| PB 0x000000071e600000| Untracked 
| 219|0x000000071e800000, 0x000000071e800000, 0x000000071ea00000|  0%| F|  |TAMS 0x000000071e800000| PB 0x000000071e800000| Untracked 
| 220|0x000000071ea00000, 0x000000071ea00000, 0x000000071ec00000|  0%| F|  |TAMS 0x000000071ea00000| PB 0x000000071ea00000| Untracked 
| 221|0x000000071ec00000, 0x000000071ec00000, 0x000000071ee00000|  0%| F|  |TAMS 0x000000071ec00000| PB 0x000000071ec00000| Untracked 
| 222|0x000000071ee00000, 0x000000071ee00000, 0x000000071f000000|  0%| F|  |TAMS 0x000000071ee00000| PB 0x000000071ee00000| Untracked 
| 223|0x000000071f000000, 0x000000071f000000, 0x000000071f200000|  0%| F|  |TAMS 0x000000071f000000| PB 0x000000071f000000| Untracked 
| 224|0x000000071f200000, 0x000000071f200000, 0x000000071f400000|  0%| F|  |TAMS 0x000000071f200000| PB 0x000000071f200000| Untracked 
| 225|0x000000071f400000, 0x000000071f400000, 0x000000071f600000|  0%| F|  |TAMS 0x000000071f400000| PB 0x000000071f400000| Untracked 
| 226|0x000000071f600000, 0x000000071f600000, 0x000000071f800000|  0%| F|  |TAMS 0x000000071f600000| PB 0x000000071f600000| Untracked 
| 227|0x000000071f800000, 0x000000071f800000, 0x000000071fa00000|  0%| F|  |TAMS 0x000000071f800000| PB 0x000000071f800000| Untracked 
| 228|0x000000071fa00000, 0x000000071fa00000, 0x000000071fc00000|  0%| F|  |TAMS 0x000000071fa00000| PB 0x000000071fa00000| Untracked 
| 229|0x000000071fc00000, 0x000000071fc00000, 0x000000071fe00000|  0%| F|  |TAMS 0x000000071fc00000| PB 0x000000071fc00000| Untracked 
| 230|0x000000071fe00000, 0x000000071fe00000, 0x0000000720000000|  0%| F|  |TAMS 0x000000071fe00000| PB 0x000000071fe00000| Untracked 
| 231|0x0000000720000000, 0x0000000720000000, 0x0000000720200000|  0%| F|  |TAMS 0x0000000720000000| PB 0x0000000720000000| Untracked 
| 232|0x0000000720200000, 0x0000000720200000, 0x0000000720400000|  0%| F|  |TAMS 0x0000000720200000| PB 0x0000000720200000| Untracked 
| 233|0x0000000720400000, 0x0000000720400000, 0x0000000720600000|  0%| F|  |TAMS 0x0000000720400000| PB 0x0000000720400000| Untracked 
| 234|0x0000000720600000, 0x0000000720600000, 0x0000000720800000|  0%| F|  |TAMS 0x0000000720600000| PB 0x0000000720600000| Untracked 
| 235|0x0000000720800000, 0x0000000720800000, 0x0000000720a00000|  0%| F|  |TAMS 0x0000000720800000| PB 0x0000000720800000| Untracked 
| 236|0x0000000720a00000, 0x0000000720a00000, 0x0000000720c00000|  0%| F|  |TAMS 0x0000000720a00000| PB 0x0000000720a00000| Untracked 
| 237|0x0000000720c00000, 0x0000000720c00000, 0x0000000720e00000|  0%| F|  |TAMS 0x0000000720c00000| PB 0x0000000720c00000| Untracked 
| 238|0x0000000720e00000, 0x0000000720e00000, 0x0000000721000000|  0%| F|  |TAMS 0x0000000720e00000| PB 0x0000000720e00000| Untracked 
| 239|0x0000000721000000, 0x0000000721000000, 0x0000000721200000|  0%| F|  |TAMS 0x0000000721000000| PB 0x0000000721000000| Untracked 
| 240|0x0000000721200000, 0x0000000721200000, 0x0000000721400000|  0%| F|  |TAMS 0x0000000721200000| PB 0x0000000721200000| Untracked 
| 241|0x0000000721400000, 0x0000000721400000, 0x0000000721600000|  0%| F|  |TAMS 0x0000000721400000| PB 0x0000000721400000| Untracked 
| 242|0x0000000721600000, 0x0000000721600000, 0x0000000721800000|  0%| F|  |TAMS 0x0000000721600000| PB 0x0000000721600000| Untracked 
| 243|0x0000000721800000, 0x0000000721800000, 0x0000000721a00000|  0%| F|  |TAMS 0x0000000721800000| PB 0x0000000721800000| Untracked 
| 244|0x0000000721a00000, 0x0000000721a00000, 0x0000000721c00000|  0%| F|  |TAMS 0x0000000721a00000| PB 0x0000000721a00000| Untracked 
| 245|0x0000000721c00000, 0x0000000721c00000, 0x0000000721e00000|  0%| F|  |TAMS 0x0000000721c00000| PB 0x0000000721c00000| Untracked 
| 246|0x0000000721e00000, 0x0000000721e00000, 0x0000000722000000|  0%| F|  |TAMS 0x0000000721e00000| PB 0x0000000721e00000| Untracked 
| 247|0x0000000722000000, 0x0000000722000000, 0x0000000722200000|  0%| F|  |TAMS 0x0000000722000000| PB 0x0000000722000000| Untracked 
| 248|0x0000000722200000, 0x0000000722200000, 0x0000000722400000|  0%| F|  |TAMS 0x0000000722200000| PB 0x0000000722200000| Untracked 
| 249|0x0000000722400000, 0x0000000722400000, 0x0000000722600000|  0%| F|  |TAMS 0x0000000722400000| PB 0x0000000722400000| Untracked 
| 250|0x0000000722600000, 0x0000000722600000, 0x0000000722800000|  0%| F|  |TAMS 0x0000000722600000| PB 0x0000000722600000| Untracked 
| 251|0x0000000722800000, 0x0000000722800000, 0x0000000722a00000|  0%| F|  |TAMS 0x0000000722800000| PB 0x0000000722800000| Untracked 
| 252|0x0000000722a00000, 0x0000000722a00000, 0x0000000722c00000|  0%| F|  |TAMS 0x0000000722a00000| PB 0x0000000722a00000| Untracked 
| 253|0x0000000722c00000, 0x0000000722c00000, 0x0000000722e00000|  0%| F|  |TAMS 0x0000000722c00000| PB 0x0000000722c00000| Untracked 
| 254|0x0000000722e00000, 0x0000000722e00000, 0x0000000723000000|  0%| F|  |TAMS 0x0000000722e00000| PB 0x0000000722e00000| Untracked 
| 255|0x0000000723000000, 0x0000000723000000, 0x0000000723200000|  0%| F|  |TAMS 0x0000000723000000| PB 0x0000000723000000| Untracked 
| 256|0x0000000723200000, 0x0000000723200000, 0x0000000723400000|  0%| F|  |TAMS 0x0000000723200000| PB 0x0000000723200000| Untracked 
| 257|0x0000000723400000, 0x0000000723400000, 0x0000000723600000|  0%| F|  |TAMS 0x0000000723400000| PB 0x0000000723400000| Untracked 
| 258|0x0000000723600000, 0x0000000723600000, 0x0000000723800000|  0%| F|  |TAMS 0x0000000723600000| PB 0x0000000723600000| Untracked 
| 259|0x0000000723800000, 0x0000000723800000, 0x0000000723a00000|  0%| F|  |TAMS 0x0000000723800000| PB 0x0000000723800000| Untracked 
| 260|0x0000000723a00000, 0x0000000723a00000, 0x0000000723c00000|  0%| F|  |TAMS 0x0000000723a00000| PB 0x0000000723a00000| Untracked 
| 261|0x0000000723c00000, 0x0000000723c00000, 0x0000000723e00000|  0%| F|  |TAMS 0x0000000723c00000| PB 0x0000000723c00000| Untracked 
| 262|0x0000000723e00000, 0x0000000723e00000, 0x0000000724000000|  0%| F|  |TAMS 0x0000000723e00000| PB 0x0000000723e00000| Untracked 
| 263|0x0000000724000000, 0x0000000724000000, 0x0000000724200000|  0%| F|  |TAMS 0x0000000724000000| PB 0x0000000724000000| Untracked 
| 264|0x0000000724200000, 0x0000000724200000, 0x0000000724400000|  0%| F|  |TAMS 0x0000000724200000| PB 0x0000000724200000| Untracked 
| 265|0x0000000724400000, 0x0000000724400000, 0x0000000724600000|  0%| F|  |TAMS 0x0000000724400000| PB 0x0000000724400000| Untracked 
| 266|0x0000000724600000, 0x0000000724600000, 0x0000000724800000|  0%| F|  |TAMS 0x0000000724600000| PB 0x0000000724600000| Untracked 
| 267|0x0000000724800000, 0x0000000724800000, 0x0000000724a00000|  0%| F|  |TAMS 0x0000000724800000| PB 0x0000000724800000| Untracked 
| 268|0x0000000724a00000, 0x0000000724a00000, 0x0000000724c00000|  0%| F|  |TAMS 0x0000000724a00000| PB 0x0000000724a00000| Untracked 
| 269|0x0000000724c00000, 0x0000000724c00000, 0x0000000724e00000|  0%| F|  |TAMS 0x0000000724c00000| PB 0x0000000724c00000| Untracked 
|2020|0x00000007ffa00000, 0x00000007ffa00000, 0x00000007ffc00000|  0%| F|  |TAMS 0x00000007ffa00000| PB 0x00000007ffa00000| Untracked 
|2021|0x00000007ffc00000, 0x00000007ffc00000, 0x00000007ffe00000|  0%| F|  |TAMS 0x00000007ffc00000| PB 0x00000007ffc00000| Untracked 
|2022|0x00000007ffe00000, 0x00000007ffe00000, 0x0000000800000000|  0%| F|  |TAMS 0x00000007ffe00000| PB 0x00000007ffe00000| Untracked 

Card table byte_map: [0x00000259c84a0000,0x00000259c8c90000] _byte_map_base: 0x00000259c4c87000

Marking Bits: (CMBitMap*) 0x00000259af70d800
 Bits: [0x00000259c8c90000, 0x00000259ccbc8000)

Polling page: 0x00000259ad480000

Metaspace:

Usage:
  Non-class:     75.22 MB used.
      Class:      9.55 MB used.
       Both:     84.77 MB used.

Virtual space:
  Non-class space:      128.00 MB reserved,      75.88 MB ( 59%) committed,  2 nodes.
      Class space:        1.00 GB reserved,      10.06 MB ( <1%) committed,  1 nodes.
             Both:        1.12 GB reserved,      85.94 MB (  7%) committed. 

Chunk freelists:
   Non-Class:  3.86 MB
       Class:  5.95 MB
        Both:  9.81 MB

MaxMetaspaceSize: unlimited
CompressedClassSpaceSize: 1.00 GB
Initial GC threshold: 21.00 MB
Current GC threshold: 143.12 MB
CDS: off
 - commit_granule_bytes: 65536.
 - commit_granule_words: 8192.
 - virtual_space_node_default_size: 8388608.
 - enlarge_chunks_in_place: 1.
 - use_allocation_guard: 0.


Internal statistics:

num_allocs_failed_limit: 9.
num_arena_births: 918.
num_arena_deaths: 0.
num_vsnodes_births: 3.
num_vsnodes_deaths: 0.
num_space_committed: 1375.
num_space_uncommitted: 0.
num_chunks_returned_to_freelist: 9.
num_chunks_taken_from_freelist: 3160.
num_chunk_merges: 9.
num_chunk_splits: 2221.
num_chunks_enlarged: 1577.
num_inconsistent_stats: 0.

CodeHeap 'non-profiled nmethods': size=120000Kb used=4119Kb max_used=5010Kb free=115880Kb
 bounds [0x00000259c0440000, 0x00000259c0930000, 0x00000259c7970000]
CodeHeap 'profiled nmethods': size=120000Kb used=7931Kb max_used=13428Kb free=112068Kb
 bounds [0x00000259b8970000, 0x00000259b96e0000, 0x00000259bfea0000]
CodeHeap 'non-nmethods': size=5760Kb used=1988Kb max_used=2075Kb free=3771Kb
 bounds [0x00000259bfea0000, 0x00000259c0110000, 0x00000259c0440000]
CodeCache: size=245760Kb, used=14038Kb, max_used=20513Kb, free=231719Kb
 total_blobs=4801, nmethods=3895, adapters=809, full_count=0
Compilation: enabled, stopped_count=0, restarted_count=0

Compilation events (20 events):
Event: 72.945 Thread 0x00000259cf6e3440 nmethod 8883 0x00000259b90e5010 code [0x00000259b90e5240, 0x00000259b90e5ab0]
Event: 72.945 Thread 0x00000259cf95bc80 nmethod 8877 0x00000259c07b6710 code [0x00000259c07b6900, 0x00000259c07b7010]
Event: 72.951 Thread 0x00000259cf705440 nmethod 8878 0x00000259c058ee10 code [0x00000259c058f000, 0x00000259c058f710]
Event: 72.952 Thread 0x00000259cf95aee0 nmethod 8879 0x00000259c0919190 code [0x00000259c0919380, 0x00000259c0919a90]
Event: 72.981 Thread 0x00000259cf95aee0 8884       4       com.st.microxplorer.altova.db.IP_Modes.ModeType$MemberElement_Semaphore$MemberElement_Semaphore_Iterator::hasNext (44 bytes)
Event: 72.986 Thread 0x00000259cf95aee0 nmethod 8884 0x00000259c06b9990 code [0x00000259c06b9b80, 0x00000259c06ba2e8]
Event: 72.999 Thread 0x00000259cf95bc80 8885       4       com.st.microxplorer.mcu.PinoutRecombination::isSignalAvailable (429 bytes)
Event: 73.008 Thread 0x00000259cf705440 8886       4       com.st.microxplorer.altova.db.IP_Modes.RefParameterType$MemberElement_ValueCondition::<init> (15 bytes)
Event: 73.008 Thread 0x00000259cf95aee0 8887       4       com.st.microxplorer.altova.db.IP_Modes.RefParameterType$MemberElement_ContextCondition::<init> (15 bytes)
Event: 73.009 Thread 0x00000259cf95aee0 nmethod 8887 0x00000259c05f5210 code [0x00000259c05f53a0, 0x00000259c05f5610]
Event: 73.009 Thread 0x00000259cf95aee0 8888       4       com.altova.CoreTypes::castToBool (63 bytes)
Event: 73.009 Thread 0x00000259cf705440 nmethod 8886 0x00000259c064a210 code [0x00000259c064a3a0, 0x00000259c064a610]
Event: 73.013 Thread 0x00000259cf95aee0 nmethod 8888 0x00000259c06a9690 code [0x00000259c06a9860, 0x00000259c06a9e30]
Event: 73.014 Thread 0x00000259cf95bc80 nmethod 8885 0x00000259c0665610 code [0x00000259c0665860, 0x00000259c0666348]
Event: 73.027 Thread 0x00000259cf6e3440 8889       3       java.util.ServiceLoader$1::<init> (15 bytes)
Event: 73.028 Thread 0x00000259cf6e3440 nmethod 8889 0x00000259b8a43a10 code [0x00000259b8a43bc0, 0x00000259b8a43df0]
Event: 73.028 Thread 0x00000259cf6e3440 8890       3       java.util.ServiceLoader$1::run (5 bytes)
Event: 73.028 Thread 0x00000259cf6e3440 nmethod 8890 0x00000259b8999510 code [0x00000259b8999740, 0x00000259b8999f20]
Event: 73.028 Thread 0x00000259cf705440 8891       4       org.apache.xerces.impl.dtd.XMLDTDProcessor::setProperty (1 bytes)
Event: 73.029 Thread 0x00000259cf705440 nmethod 8891 0x00000259c047d590 code [0x00000259c047d720, 0x00000259c047d7a8]

GC Heap History (20 events):
Event: 72.288 GC heap after
{Heap after GC invocations=37 (full 0):
 garbage-first heap   total 256000K, used 111558K [0x0000000703200000, 0x0000000800000000)
  region size 2048K, 3 young (6144K), 3 survivors (6144K)
 Metaspace       used 86791K, committed 87936K, reserved 1179648K
  class space    used 9781K, committed 10304K, reserved 1048576K
}
Event: 72.346 GC heap before
{Heap before GC invocations=38 (full 0):
 garbage-first heap   total 256000K, used 238534K [0x0000000703200000, 0x0000000800000000)
  region size 2048K, 65 young (133120K), 3 survivors (6144K)
 Metaspace       used 86791K, committed 87936K, reserved 1179648K
  class space    used 9781K, committed 10304K, reserved 1048576K
}
Event: 72.349 GC heap after
{Heap after GC invocations=39 (full 0):
 garbage-first heap   total 256000K, used 113609K [0x0000000703200000, 0x0000000800000000)
  region size 2048K, 4 young (8192K), 4 survivors (8192K)
 Metaspace       used 86791K, committed 87936K, reserved 1179648K
  class space    used 9781K, committed 10304K, reserved 1048576K
}
Event: 72.376 GC heap before
{Heap before GC invocations=39 (full 0):
 garbage-first heap   total 256000K, used 240585K [0x0000000703200000, 0x0000000800000000)
  region size 2048K, 66 young (135168K), 4 survivors (8192K)
 Metaspace       used 86791K, committed 87936K, reserved 1179648K
  class space    used 9781K, committed 10304K, reserved 1048576K
}
Event: 72.379 GC heap after
{Heap after GC invocations=40 (full 0):
 garbage-first heap   total 256000K, used 112561K [0x0000000703200000, 0x0000000800000000)
  region size 2048K, 4 young (8192K), 4 survivors (8192K)
 Metaspace       used 86791K, committed 87936K, reserved 1179648K
  class space    used 9781K, committed 10304K, reserved 1048576K
}
Event: 72.427 GC heap before
{Heap before GC invocations=40 (full 0):
 garbage-first heap   total 256000K, used 237489K [0x0000000703200000, 0x0000000800000000)
  region size 2048K, 66 young (135168K), 4 survivors (8192K)
 Metaspace       used 86801K, committed 88000K, reserved 1179648K
  class space    used 9781K, committed 10304K, reserved 1048576K
}
Event: 72.430 GC heap after
{Heap after GC invocations=41 (full 0):
 garbage-first heap   total 256000K, used 113616K [0x0000000703200000, 0x0000000800000000)
  region size 2048K, 5 young (10240K), 5 survivors (10240K)
 Metaspace       used 86801K, committed 88000K, reserved 1179648K
  class space    used 9781K, committed 10304K, reserved 1048576K
}
Event: 72.469 GC heap before
{Heap before GC invocations=41 (full 0):
 garbage-first heap   total 256000K, used 238544K [0x0000000703200000, 0x0000000800000000)
  region size 2048K, 66 young (135168K), 5 survivors (10240K)
 Metaspace       used 86801K, committed 88000K, reserved 1179648K
  class space    used 9781K, committed 10304K, reserved 1048576K
}
Event: 72.472 GC heap after
{Heap after GC invocations=42 (full 0):
 garbage-first heap   total 256000K, used 113497K [0x0000000703200000, 0x0000000800000000)
  region size 2048K, 5 young (10240K), 5 survivors (10240K)
 Metaspace       used 86801K, committed 88000K, reserved 1179648K
  class space    used 9781K, committed 10304K, reserved 1048576K
}
Event: 72.533 GC heap before
{Heap before GC invocations=43 (full 0):
 garbage-first heap   total 256000K, used 238425K [0x0000000703200000, 0x0000000800000000)
  region size 2048K, 66 young (135168K), 5 survivors (10240K)
 Metaspace       used 86801K, committed 88000K, reserved 1179648K
  class space    used 9781K, committed 10304K, reserved 1048576K
}
Event: 72.536 GC heap after
{Heap after GC invocations=44 (full 0):
 garbage-first heap   total 256000K, used 114560K [0x0000000703200000, 0x0000000800000000)
  region size 2048K, 5 young (10240K), 5 survivors (10240K)
 Metaspace       used 86801K, committed 88000K, reserved 1179648K
  class space    used 9781K, committed 10304K, reserved 1048576K
}
Event: 72.562 GC heap before
{Heap before GC invocations=44 (full 0):
 garbage-first heap   total 256000K, used 239488K [0x0000000703200000, 0x0000000800000000)
  region size 2048K, 66 young (135168K), 5 survivors (10240K)
 Metaspace       used 86801K, committed 88000K, reserved 1179648K
  class space    used 9781K, committed 10304K, reserved 1048576K
}
Event: 72.567 GC heap after
{Heap after GC invocations=45 (full 0):
 garbage-first heap   total 559104K, used 114376K [0x0000000703200000, 0x0000000800000000)
  region size 2048K, 5 young (10240K), 5 survivors (10240K)
 Metaspace       used 86801K, committed 88000K, reserved 1179648K
  class space    used 9781K, committed 10304K, reserved 1048576K
}
Event: 72.689 GC heap before
{Heap before GC invocations=45 (full 0):
 garbage-first heap   total 559104K, used 437960K [0x0000000703200000, 0x0000000800000000)
  region size 2048K, 163 young (333824K), 5 survivors (10240K)
 Metaspace       used 86801K, committed 88000K, reserved 1179648K
  class space    used 9781K, committed 10304K, reserved 1048576K
}
Event: 72.694 GC heap after
{Heap after GC invocations=46 (full 0):
 garbage-first heap   total 559104K, used 115750K [0x0000000703200000, 0x0000000800000000)
  region size 2048K, 6 young (12288K), 6 survivors (12288K)
 Metaspace       used 86801K, committed 88000K, reserved 1179648K
  class space    used 9781K, committed 10304K, reserved 1048576K
}
Event: 72.811 GC heap before
{Heap before GC invocations=46 (full 0):
 garbage-first heap   total 559104K, used 437286K [0x0000000703200000, 0x0000000800000000)
  region size 2048K, 163 young (333824K), 6 survivors (12288K)
 Metaspace       used 86802K, committed 88000K, reserved 1179648K
  class space    used 9781K, committed 10304K, reserved 1048576K
}
Event: 72.816 GC heap after
{Heap after GC invocations=47 (full 0):
 garbage-first heap   total 559104K, used 116945K [0x0000000703200000, 0x0000000800000000)
  region size 2048K, 7 young (14336K), 7 survivors (14336K)
 Metaspace       used 86802K, committed 88000K, reserved 1179648K
  class space    used 9781K, committed 10304K, reserved 1048576K
}
Event: 72.928 GC heap before
{Heap before GC invocations=47 (full 0):
 garbage-first heap   total 559104K, used 436433K [0x0000000703200000, 0x0000000800000000)
  region size 2048K, 163 young (333824K), 7 survivors (14336K)
 Metaspace       used 86803K, committed 88000K, reserved 1179648K
  class space    used 9781K, committed 10304K, reserved 1048576K
}
Event: 72.933 GC heap after
{Heap after GC invocations=48 (full 0):
 garbage-first heap   total 559104K, used 119613K [0x0000000703200000, 0x0000000800000000)
  region size 2048K, 8 young (16384K), 8 survivors (16384K)
 Metaspace       used 86803K, committed 88000K, reserved 1179648K
  class space    used 9781K, committed 10304K, reserved 1048576K
}
Event: 73.043 GC heap before
{Heap before GC invocations=48 (full 0):
 garbage-first heap   total 559104K, used 437053K [0x0000000703200000, 0x0000000800000000)
  region size 2048K, 163 young (333824K), 8 survivors (16384K)
 Metaspace       used 86805K, committed 88000K, reserved 1179648K
  class space    used 9781K, committed 10304K, reserved 1048576K
}

Dll operation events (19 events):
Event: 0.008 Loaded shared library C:\Program Files\STMicroelectronics\STM32Cube\STM32CubeMX\jre\bin\java.dll
Event: 0.043 Loaded shared library C:\Program Files\STMicroelectronics\STM32Cube\STM32CubeMX\jre\bin\jsvml.dll
Event: 0.071 Loaded shared library C:\Program Files\STMicroelectronics\STM32Cube\STM32CubeMX\jre\bin\net.dll
Event: 0.074 Loaded shared library C:\Program Files\STMicroelectronics\STM32Cube\STM32CubeMX\jre\bin\nio.dll
Event: 0.099 Loaded shared library C:\Program Files\STMicroelectronics\STM32Cube\STM32CubeMX\jre\bin\zip.dll
Event: 0.145 Loaded shared library C:\Program Files\STMicroelectronics\STM32Cube\STM32CubeMX\jre\bin\jimage.dll
Event: 0.302 Loaded shared library C:\Program Files\STMicroelectronics\STM32Cube\STM32CubeMX\jre\bin\management.dll
Event: 0.309 Loaded shared library C:\Program Files\STMicroelectronics\STM32Cube\STM32CubeMX\jre\bin\management_ext.dll
Event: 0.850 Loaded shared library C:\Program Files\STMicroelectronics\STM32Cube\STM32CubeMX\jre\bin\verify.dll
Event: 1.156 Loaded shared library C:\Program Files\STMicroelectronics\STM32Cube\STM32CubeMX\jre\bin\prefs.dll
Event: 1.170 Loaded shared library C:\Program Files\STMicroelectronics\STM32Cube\STM32CubeMX\jre\bin\awt.dll
Event: 1.470 Loaded shared library C:\Users\William\AppData\Local\Temp\jna--1282435805\jna6904966577422206896.dll
Event: 1.984 Loaded shared library C:\Program Files\STMicroelectronics\STM32Cube\STM32CubeMX\jre\bin\freetype.dll
Event: 1.986 Loaded shared library C:\Program Files\STMicroelectronics\STM32Cube\STM32CubeMX\jre\bin\fontmanager.dll
Event: 4.080 Loaded shared library C:\Program Files\STMicroelectronics\STM32Cube\STM32CubeMX\jre\bin\sunmscapi.dll
Event: 4.108 Loaded shared library C:\Program Files\STMicroelectronics\STM32Cube\STM32CubeMX\jre\bin\extnet.dll
Event: 4.396 Loaded shared library C:\Program Files\STMicroelectronics\STM32Cube\STM32CubeMX\jre\bin\javajpeg.dll
Event: 68.615 Loaded shared library C:\Users\William\.stm32cubemx\.jxbrowser-8.15.0\Chromium\toolkit64.dll
Event: 68.839 Loaded shared library C:\Users\William\.stm32cubemx\.jxbrowser-8.15.0\Chromium\ipc64.dll

Deoptimization events (20 events):
Event: 72.136 Thread 0x00000259d5085ea0 DEOPT PACKING pc=0x00000259c0919040 sp=0x000000bd348fdd40
Event: 72.136 Thread 0x00000259d5085ea0 DEOPT UNPACKING pc=0x00000259bfef7ba2 sp=0x000000bd348fdcd8 mode 2
Event: 72.136 Thread 0x00000259d5085ea0 Uncommon trap: trap_request=0xffffff45 fr.pc=0x00000259c0776de8 relative=0x00000000000013c8
Event: 72.136 Thread 0x00000259d5085ea0 Uncommon trap: reason=unstable_if action=reinterpret pc=0x00000259c0776de8 method=org.apache.xerces.impl.XMLScanner.scanAttributeValue(Lorg/apache/xerces/xni/XMLString;Lorg/apache/xerces/xni/XMLString;Ljava/lang/String;ZLjava/lang/String;)Z @ 687 c2
Event: 72.136 Thread 0x00000259d5085ea0 DEOPT PACKING pc=0x00000259c0776de8 sp=0x000000bd348fddb0
Event: 72.136 Thread 0x00000259d5085ea0 DEOPT UNPACKING pc=0x00000259bfef7ba2 sp=0x000000bd348fdd50 mode 2
Event: 72.136 Thread 0x00000259d5085ea0 Uncommon trap: trap_request=0xffffff45 fr.pc=0x00000259c09188bc relative=0x000000000000017c
Event: 72.136 Thread 0x00000259d5085ea0 Uncommon trap: reason=unstable_if action=reinterpret pc=0x00000259c09188bc method=org.apache.xerces.impl.XMLEntityScanner.scanChar()I @ 58 c2
Event: 72.136 Thread 0x00000259d5085ea0 DEOPT PACKING pc=0x00000259c09188bc sp=0x000000bd348fdd50
Event: 72.136 Thread 0x00000259d5085ea0 DEOPT UNPACKING pc=0x00000259bfef7ba2 sp=0x000000bd348fdcd8 mode 2
Event: 72.192 Thread 0x00000259d5085ea0 Uncommon trap: trap_request=0xffffff45 fr.pc=0x00000259c0448478 relative=0x0000000000000ed8
Event: 72.192 Thread 0x00000259d5085ea0 Uncommon trap: reason=unstable_if action=reinterpret pc=0x00000259c0448478 method=com.altova.xml.TypeBase.getElementAt(Lcom/altova/typeinfo/MemberInfo;I)Lorg/w3c/dom/Node; @ 26 c2
Event: 72.192 Thread 0x00000259d5085ea0 DEOPT PACKING pc=0x00000259c0448478 sp=0x000000bd348fe280
Event: 72.192 Thread 0x00000259d5085ea0 DEOPT UNPACKING pc=0x00000259bfef7ba2 sp=0x000000bd348fe288 mode 2
Event: 72.359 Thread 0x00000259d5085ea0 Uncommon trap: trap_request=0xffffff6e fr.pc=0x00000259c087a708 relative=0x0000000000003ec8
Event: 72.359 Thread 0x00000259d5085ea0 Uncommon trap: reason=loop_limit_check action=maybe_recompile pc=0x00000259c087a708 method=com.st.microxplorer.util.ConstraintSolver.<init>([[IZ)V @ 233 c2
Event: 72.359 Thread 0x00000259d5085ea0 DEOPT PACKING pc=0x00000259c087a708 sp=0x000000bd348fdb10
Event: 72.359 Thread 0x00000259d5085ea0 DEOPT UNPACKING pc=0x00000259bfef7ba2 sp=0x000000bd348fdb00 mode 2
Event: 72.797 Thread 0x00000259d5085ea0 DEOPT PACKING pc=0x00000259b8d85624 sp=0x000000bd348fe340
Event: 72.797 Thread 0x00000259d5085ea0 DEOPT UNPACKING pc=0x00000259bfef86e2 sp=0x000000bd348fd7f8 mode 0

Classes loaded (20 events):
Event: 69.211 Loading class java/util/concurrent/Semaphore
Event: 69.212 Loading class java/util/concurrent/Semaphore done
Event: 69.212 Loading class java/util/concurrent/Semaphore$NonfairSync
Event: 69.212 Loading class java/util/concurrent/Semaphore$Sync
Event: 69.212 Loading class java/util/concurrent/Semaphore$Sync done
Event: 69.212 Loading class java/util/concurrent/Semaphore$NonfairSync done
Event: 69.356 Loading class com/sun/org/apache/xml/internal/serializer/ToStream$CharacterBuffer$1
Event: 69.356 Loading class com/sun/org/apache/xml/internal/serializer/ToStream$CharacterBuffer$GenericCharacters
Event: 69.356 Loading class com/sun/org/apache/xml/internal/serializer/ToStream$CharacterBuffer$GenericCharacters done
Event: 69.356 Loading class com/sun/org/apache/xml/internal/serializer/ToStream$CharacterBuffer$1 done
Event: 69.401 Loading class java/util/AbstractList$RandomAccessSubList
Event: 69.401 Loading class java/util/AbstractList$SubList
Event: 69.401 Loading class java/util/AbstractList$SubList done
Event: 69.401 Loading class java/util/AbstractList$RandomAccessSubList done
Event: 69.669 Loading class java/util/concurrent/RejectedExecutionException
Event: 69.669 Loading class java/util/concurrent/RejectedExecutionException done
Event: 69.670 Loading class java/util/concurrent/Executors$AutoShutdownDelegatedExecutorService
Event: 69.670 Loading class java/util/concurrent/Executors$DelegatedExecutorService
Event: 69.671 Loading class java/util/concurrent/Executors$DelegatedExecutorService done
Event: 69.671 Loading class java/util/concurrent/Executors$AutoShutdownDelegatedExecutorService done

Classes unloaded (0 events):
No events

Classes redefined (0 events):
No events

Internal exceptions (20 events):
Event: 72.034 Thread 0x00000259d5085ea0 Implicit null exception at 0x00000259b89f769b to 0x00000259b89f8053
Event: 72.034 Thread 0x00000259d5085ea0 Exception <a 'java/lang/NullPointerException'{0x000000070d412758}> (0x000000070d412758) 
thrown [s\src\hotspot\share\runtime\sharedRuntime.cpp, line 625]
Event: 72.034 Thread 0x00000259d5085ea0 Implicit null exception at 0x00000259b89f769b to 0x00000259b89f8053
Event: 72.034 Thread 0x00000259d5085ea0 Exception <a 'java/lang/NullPointerException'{0x000000070d4130d0}> (0x000000070d4130d0) 
thrown [s\src\hotspot\share\runtime\sharedRuntime.cpp, line 625]
Event: 72.052 Thread 0x00000259d5085ea0 Implicit null exception at 0x00000259b89f769b to 0x00000259b89f8053
Event: 72.052 Thread 0x00000259d5085ea0 Exception <a 'java/lang/NullPointerException'{0x000000070c935c90}> (0x000000070c935c90) 
thrown [s\src\hotspot\share\runtime\sharedRuntime.cpp, line 625]
Event: 72.052 Thread 0x00000259d5085ea0 Implicit null exception at 0x00000259b89f769b to 0x00000259b89f8053
Event: 72.052 Thread 0x00000259d5085ea0 Exception <a 'java/lang/NullPointerException'{0x000000070c936608}> (0x000000070c936608) 
thrown [s\src\hotspot\share\runtime\sharedRuntime.cpp, line 625]
Event: 72.052 Thread 0x00000259d5085ea0 Implicit null exception at 0x00000259b89f769b to 0x00000259b89f8053
Event: 72.052 Thread 0x00000259d5085ea0 Exception <a 'java/lang/NullPointerException'{0x000000070c937db0}> (0x000000070c937db0) 
thrown [s\src\hotspot\share\runtime\sharedRuntime.cpp, line 625]
Event: 72.052 Thread 0x00000259d5085ea0 Implicit null exception at 0x00000259b89f769b to 0x00000259b89f8053
Event: 72.052 Thread 0x00000259d5085ea0 Exception <a 'java/lang/NullPointerException'{0x000000070c938728}> (0x000000070c938728) 
thrown [s\src\hotspot\share\runtime\sharedRuntime.cpp, line 625]
Event: 72.058 Thread 0x00000259d5085ea0 Implicit null exception at 0x00000259b89f769b to 0x00000259b89f8053
Event: 72.058 Thread 0x00000259d5085ea0 Exception <a 'java/lang/NullPointerException'{0x000000070c945098}> (0x000000070c945098) 
thrown [s\src\hotspot\share\runtime\sharedRuntime.cpp, line 625]
Event: 72.058 Thread 0x00000259d5085ea0 Implicit null exception at 0x00000259b89f769b to 0x00000259b89f8053
Event: 72.058 Thread 0x00000259d5085ea0 Exception <a 'java/lang/NullPointerException'{0x000000070c945a10}> (0x000000070c945a10) 
thrown [s\src\hotspot\share\runtime\sharedRuntime.cpp, line 625]
Event: 72.058 Thread 0x00000259d5085ea0 Implicit null exception at 0x00000259b89f769b to 0x00000259b89f8053
Event: 72.058 Thread 0x00000259d5085ea0 Exception <a 'java/lang/NullPointerException'{0x000000070c9470e0}> (0x000000070c9470e0) 
thrown [s\src\hotspot\share\runtime\sharedRuntime.cpp, line 625]
Event: 72.058 Thread 0x00000259d5085ea0 Implicit null exception at 0x00000259b89f769b to 0x00000259b89f8053
Event: 72.058 Thread 0x00000259d5085ea0 Exception <a 'java/lang/NullPointerException'{0x000000070c947a58}> (0x000000070c947a58) 
thrown [s\src\hotspot\share\runtime\sharedRuntime.cpp, line 625]

ZGC Phase Switch (0 events):
No events

VM Operations (20 events):
Event: 72.379 Executing VM operation: G1CollectForAllocation (G1 Evacuation Pause) done
Event: 72.427 Executing VM operation: G1CollectForAllocation (G1 Evacuation Pause)
Event: 72.430 Executing VM operation: G1CollectForAllocation (G1 Evacuation Pause) done
Event: 72.469 Executing VM operation: G1CollectForAllocation (G1 Evacuation Pause)
Event: 72.472 Executing VM operation: G1CollectForAllocation (G1 Evacuation Pause) done
Event: 72.473 Executing VM operation: G1PauseRemark
Event: 72.475 Executing VM operation: G1PauseRemark done
Event: 72.488 Executing VM operation: G1PauseCleanup
Event: 72.489 Executing VM operation: G1PauseCleanup done
Event: 72.533 Executing VM operation: G1CollectForAllocation (G1 Evacuation Pause)
Event: 72.536 Executing VM operation: G1CollectForAllocation (G1 Evacuation Pause) done
Event: 72.562 Executing VM operation: G1CollectForAllocation (G1 Evacuation Pause)
Event: 72.567 Executing VM operation: G1CollectForAllocation (G1 Evacuation Pause) done
Event: 72.689 Executing VM operation: G1CollectForAllocation (G1 Evacuation Pause)
Event: 72.694 Executing VM operation: G1CollectForAllocation (G1 Evacuation Pause) done
Event: 72.811 Executing VM operation: G1CollectForAllocation (G1 Evacuation Pause)
Event: 72.816 Executing VM operation: G1CollectForAllocation (G1 Evacuation Pause) done
Event: 72.928 Executing VM operation: G1CollectForAllocation (G1 Evacuation Pause)
Event: 72.933 Executing VM operation: G1CollectForAllocation (G1 Evacuation Pause) done
Event: 73.043 Executing VM operation: G1CollectForAllocation (G1 Evacuation Pause)

Memory protections (0 events):
No events

Nmethod flushes (20 events):
Event: 72.475 Thread 0x00000259cf671080 flushing  nmethod 0x00000259b962d190
Event: 72.475 Thread 0x00000259cf671080 flushing  nmethod 0x00000259b9631510
Event: 72.475 Thread 0x00000259cf671080 flushing  nmethod 0x00000259b89bc610
Event: 72.475 Thread 0x00000259cf671080 flushing  nmethod 0x00000259b8a06210
Event: 72.475 Thread 0x00000259cf671080 flushing  nmethod 0x00000259b8b25190
Event: 72.475 Thread 0x00000259cf671080 flushing  nmethod 0x00000259b8b59d90
Event: 72.475 Thread 0x00000259cf671080 flushing  nmethod 0x00000259b8b5d710
Event: 72.475 Thread 0x00000259cf671080 flushing  nmethod 0x00000259b8c2b310
Event: 72.475 Thread 0x00000259cf671080 flushing  nmethod 0x00000259b8c2dc10
Event: 72.475 Thread 0x00000259cf671080 flushing  nmethod 0x00000259b8dd3490
Event: 72.475 Thread 0x00000259cf671080 flushing  nmethod 0x00000259b8dd8e90
Event: 72.475 Thread 0x00000259cf671080 flushing  nmethod 0x00000259b8df2490
Event: 72.475 Thread 0x00000259cf671080 flushing  nmethod 0x00000259b8df2a90
Event: 72.475 Thread 0x00000259cf671080 flushing  nmethod 0x00000259b8e03b10
Event: 72.475 Thread 0x00000259cf671080 flushing  nmethod 0x00000259b92a7e10
Event: 72.475 Thread 0x00000259cf671080 flushing  nmethod 0x00000259b9385b10
Event: 72.475 Thread 0x00000259cf671080 flushing  nmethod 0x00000259b9537f90
Event: 72.475 Thread 0x00000259cf671080 flushing  nmethod 0x00000259b9539b90
Event: 72.475 Thread 0x00000259cf671080 flushing  nmethod 0x00000259b9546890
Event: 72.475 Thread 0x00000259cf671080 flushing  nmethod 0x00000259b9546f10

Events (20 events):
Event: 73.042 Thread 0x00000259d8bbff80 Thread exited: 0x00000259d8bbff80
Event: 73.042 Thread 0x00000259d5085ea0 Thread added: 0x00000259d8bc0ca0
Event: 73.042 Thread 0x00000259d8bc0ca0 Thread exited: 0x00000259d8bc0ca0
Event: 73.042 Thread 0x00000259d5085ea0 Thread added: 0x00000259d8bbff80
Event: 73.042 Thread 0x00000259d8bbff80 Thread exited: 0x00000259d8bbff80
Event: 73.042 Thread 0x00000259d5085ea0 Thread added: 0x00000259d8bbdeb0
Event: 73.042 Thread 0x00000259d8bbdeb0 Thread exited: 0x00000259d8bbdeb0
Event: 73.042 Thread 0x00000259d5085ea0 Thread added: 0x00000259d8bbdeb0
Event: 73.042 Thread 0x00000259d8bbdeb0 Thread exited: 0x00000259d8bbdeb0
Event: 73.042 Thread 0x00000259d5085ea0 Thread added: 0x00000259d8bc0ca0
Event: 73.043 Thread 0x00000259d8bc0ca0 Thread exited: 0x00000259d8bc0ca0
Event: 73.043 Thread 0x00000259d5085ea0 Thread added: 0x00000259d8bbdeb0
Event: 73.043 Thread 0x00000259d8bbdeb0 Thread exited: 0x00000259d8bbdeb0
Event: 73.043 Thread 0x00000259d5085ea0 Thread added: 0x00000259d8bc0ca0
Event: 73.043 Thread 0x00000259d8bc0ca0 Thread exited: 0x00000259d8bc0ca0
Event: 73.043 Thread 0x00000259d5085ea0 Thread added: 0x00000259d8bc1330
Event: 73.043 Thread 0x00000259d8bc1330 Thread exited: 0x00000259d8bc1330
Event: 73.043 Thread 0x00000259d5085ea0 Thread added: 0x00000259d8bbebd0
Event: 73.043 Thread 0x00000259d8bbebd0 Thread exited: 0x00000259d8bbebd0
Event: 73.043 Thread 0x00000259d5085ea0 Thread added: 0x00000259d8bc1330


Dynamic libraries:
0x00007ff7d3790000 - 0x00007ff7d379e000 	C:\Program Files\STMicroelectronics\STM32Cube\STM32CubeMX\jre\bin\java.exe
0x00007ffc80ba0000 - 0x00007ffc80e07000 	C:\WINDOWS\SYSTEM32\ntdll.dll
0x00007ffc801a0000 - 0x00007ffc80269000 	C:\WINDOWS\System32\KERNEL32.DLL
0x00007ffc7d7e0000 - 0x00007ffc7dbd7000 	C:\WINDOWS\System32\KERNELBASE.dll
0x00007ffc7a9c0000 - 0x00007ffc7aa60000 	C:\WINDOWS\SYSTEM32\apphelp.dll
0x00007ffc7dbe0000 - 0x00007ffc7dd2b000 	C:\WINDOWS\System32\ucrtbase.dll
0x00007ffc6e840000 - 0x00007ffc6e858000 	C:\Program Files\STMicroelectronics\STM32Cube\STM32CubeMX\jre\bin\jli.dll
0x00007ffc6a1a0000 - 0x00007ffc6a1be000 	C:\Program Files\STMicroelectronics\STM32Cube\STM32CubeMX\jre\bin\VCRUNTIME140.dll
0x00007ffc80860000 - 0x00007ffc80a26000 	C:\WINDOWS\System32\USER32.dll
0x00007ffc7d7b0000 - 0x00007ffc7d7d7000 	C:\WINDOWS\System32\win32u.dll
0x00007ffc80b30000 - 0x00007ffc80b5b000 	C:\WINDOWS\System32\GDI32.dll
0x00007ffc7d5d0000 - 0x00007ffc7d6fc000 	C:\WINDOWS\System32\gdi32full.dll
0x00007ffc7dd30000 - 0x00007ffc7ddd3000 	C:\WINDOWS\System32\msvcp_win.dll
0x00007ffc61b20000 - 0x00007ffc61db2000 	C:\WINDOWS\WinSxS\amd64_microsoft.windows.common-controls_6595b64144ccf1df_6.0.26100.8457_none_3e0b2faee331e92d\COMCTL32.dll
0x00007ffc804b0000 - 0x00007ffc80559000 	C:\WINDOWS\System32\msvcrt.dll
0x00007ffc80a30000 - 0x00007ffc80a62000 	C:\WINDOWS\System32\IMM32.DLL
0x00007ffc78a40000 - 0x00007ffc78a4c000 	C:\Program Files\STMicroelectronics\STM32Cube\STM32CubeMX\jre\bin\vcruntime140_1.dll
0x00007ffc69d60000 - 0x00007ffc69ded000 	C:\Program Files\STMicroelectronics\STM32Cube\STM32CubeMX\jre\bin\msvcp140.dll
0x00007ffbea320000 - 0x00007ffbeb0c0000 	C:\Program Files\STMicroelectronics\STM32Cube\STM32CubeMX\jre\bin\server\jvm.dll
0x00007ffc80a70000 - 0x00007ffc80b26000 	C:\WINDOWS\System32\ADVAPI32.dll
0x00007ffc7fed0000 - 0x00007ffc7ff77000 	C:\WINDOWS\System32\sechost.dll
0x00007ffc7ff80000 - 0x00007ffc80098000 	C:\WINDOWS\System32\RPCRT4.dll
0x00007ffc7fe40000 - 0x00007ffc7fec0000 	C:\WINDOWS\System32\WS2_32.dll
0x00007ffc7d430000 - 0x00007ffc7d48e000 	C:\WINDOWS\SYSTEM32\POWRPROF.dll
0x00007ffc74bc0000 - 0x00007ffc74bf6000 	C:\WINDOWS\SYSTEM32\WINMM.dll
0x00007ffc74890000 - 0x00007ffc7489b000 	C:\WINDOWS\SYSTEM32\VERSION.dll
0x00007ffc7d410000 - 0x00007ffc7d424000 	C:\WINDOWS\SYSTEM32\UMPDC.dll
0x00007ffc7c360000 - 0x00007ffc7c37b000 	C:\WINDOWS\SYSTEM32\kernel.appcore.dll
0x00007ffc6ab00000 - 0x00007ffc6ab0a000 	C:\Program Files\STMicroelectronics\STM32Cube\STM32CubeMX\jre\bin\jimage.dll
0x00007ffc7b480000 - 0x00007ffc7b6c2000 	C:\WINDOWS\SYSTEM32\DBGHELP.DLL
0x00007ffc7fab0000 - 0x00007ffc7fe33000 	C:\WINDOWS\System32\combase.dll
0x00007ffc7e960000 - 0x00007ffc7ea39000 	C:\WINDOWS\System32\OLEAUT32.dll
0x00007ffc5e010000 - 0x00007ffc5e04b000 	C:\WINDOWS\SYSTEM32\dbgcore.DLL
0x00007ffc7d700000 - 0x00007ffc7d7a8000 	C:\WINDOWS\System32\bcryptPrimitives.dll
0x00007ffc6a040000 - 0x00007ffc6a060000 	C:\Program Files\STMicroelectronics\STM32Cube\STM32CubeMX\jre\bin\java.dll
0x00007ffc7eac0000 - 0x00007ffc7f22e000 	C:\WINDOWS\System32\SHELL32.dll
0x00007ffc7e020000 - 0x00007ffc7e88c000 	C:\WINDOWS\System32\windows.storage.dll
0x00007ffc80570000 - 0x00007ffc80666000 	C:\WINDOWS\System32\SHCORE.dll
0x00007ffc80270000 - 0x00007ffc802d6000 	C:\WINDOWS\System32\shlwapi.dll
0x00007ffc7d4f0000 - 0x00007ffc7d519000 	C:\WINDOWS\SYSTEM32\profapi.dll
0x00007ffbef520000 - 0x00007ffbef5f7000 	C:\Program Files\STMicroelectronics\STM32Cube\STM32CubeMX\jre\bin\jsvml.dll
0x00007ffc6a190000 - 0x00007ffc6a1a0000 	C:\Program Files\STMicroelectronics\STM32Cube\STM32CubeMX\jre\bin\net.dll
0x00007ffc6f740000 - 0x00007ffc6f869000 	C:\WINDOWS\SYSTEM32\WINHTTP.dll
0x00007ffc7c8d0000 - 0x00007ffc7c93c000 	C:\WINDOWS\system32\mswsock.dll
0x00007ffc6a020000 - 0x00007ffc6a036000 	C:\Program Files\STMicroelectronics\STM32Cube\STM32CubeMX\jre\bin\nio.dll
0x00007ffc69ff0000 - 0x00007ffc6a008000 	C:\Program Files\STMicroelectronics\STM32Cube\STM32CubeMX\jre\bin\zip.dll
0x00007ffc69fe0000 - 0x00007ffc69fea000 	C:\Program Files\STMicroelectronics\STM32Cube\STM32CubeMX\jre\bin\management.dll
0x00007ffc69fd0000 - 0x00007ffc69fdc000 	C:\Program Files\STMicroelectronics\STM32Cube\STM32CubeMX\jre\bin\management_ext.dll
0x00007ffc80670000 - 0x00007ffc80678000 	C:\WINDOWS\System32\PSAPI.DLL
0x00007ffc48880000 - 0x00007ffc48898000 	C:\WINDOWS\system32\napinsp.dll
0x00007ffc7be60000 - 0x00007ffc7bf92000 	C:\WINDOWS\SYSTEM32\DNSAPI.dll
0x00007ffc7bdc0000 - 0x00007ffc7bdf2000 	C:\WINDOWS\SYSTEM32\IPHLPAPI.DLL
0x00007ffc80560000 - 0x00007ffc8056a000 	C:\WINDOWS\System32\NSI.dll
0x00007ffc48860000 - 0x00007ffc48873000 	C:\WINDOWS\System32\winrnr.dll
0x00007ffc48830000 - 0x00007ffc48852000 	C:\WINDOWS\system32\nlansp_c.dll
0x00007ffc48810000 - 0x00007ffc48826000 	C:\WINDOWS\system32\wshbth.dll
0x0000000064a20000 - 0x0000000064a2b000 	C:\Program Files\National Instruments\Shared\mDNS Responder\nimdnsNSP.dll
0x0000000064a00000 - 0x0000000064a11000 	C:\WINDOWS\SYSTEM32\nimdnsResponder.dll
0x00007ffc6fc20000 - 0x00007ffc6fc2b000 	C:\Windows\System32\rasadhlp.dll
0x00007ffc76ff0000 - 0x00007ffc77076000 	C:\WINDOWS\System32\fwpuclnt.dll
0x00007ffc69ee0000 - 0x00007ffc69ef0000 	C:\Program Files\STMicroelectronics\STM32Cube\STM32CubeMX\jre\bin\verify.dll
0x00007ffc69ed0000 - 0x00007ffc69ed9000 	C:\Program Files\STMicroelectronics\STM32Cube\STM32CubeMX\jre\bin\prefs.dll
0x00007ffbec500000 - 0x00007ffbec68f000 	C:\Program Files\STMicroelectronics\STM32Cube\STM32CubeMX\jre\bin\awt.dll
0x00007ffc7aec0000 - 0x00007ffc7aeef000 	C:\WINDOWS\system32\DWMAPI.DLL
0x00007ffc7ac00000 - 0x00007ffc7acaa000 	C:\WINDOWS\system32\uxtheme.dll
0x00007ffc42920000 - 0x00007ffc42a2f000 	C:\WINDOWS\system32\opengl32.dll
0x00007ffc428b0000 - 0x00007ffc428dd000 	C:\WINDOWS\SYSTEM32\GLU32.dll
0x00007ffc7ae50000 - 0x00007ffc7ae95000 	C:\WINDOWS\SYSTEM32\dxcore.dll
0x00007ffc7f950000 - 0x00007ffc7faac000 	C:\WINDOWS\System32\MSCTF.dll
0x00007ffc7f7a0000 - 0x00007ffc7f937000 	C:\WINDOWS\System32\ole32.dll
0x00007ffc7cbb0000 - 0x00007ffc7cbcb000 	C:\WINDOWS\SYSTEM32\CRYPTSP.dll
0x00007ffc7c2c0000 - 0x00007ffc7c2f9000 	C:\WINDOWS\system32\rsaenh.dll
0x00007ffc7c980000 - 0x00007ffc7c9b3000 	C:\WINDOWS\SYSTEM32\USERENV.dll
0x00007ffc7d4c0000 - 0x00007ffc7d4ea000 	C:\WINDOWS\SYSTEM32\bcrypt.dll
0x00007ffc7cbd0000 - 0x00007ffc7cbdc000 	C:\WINDOWS\SYSTEM32\CRYPTBASE.dll
0x00007ffbf6010000 - 0x00007ffbf6051000 	C:\Users\William\AppData\Local\Temp\jna--1282435805\jna6904966577422206896.dll
0x00007ffbef490000 - 0x00007ffbef517000 	C:\Program Files\STMicroelectronics\STM32Cube\STM32CubeMX\jre\bin\freetype.dll
0x00007ffbec400000 - 0x00007ffbec4f2000 	C:\Program Files\STMicroelectronics\STM32Cube\STM32CubeMX\jre\bin\fontmanager.dll
0x00007ffc69d50000 - 0x00007ffc69d5e000 	C:\Program Files\STMicroelectronics\STM32Cube\STM32CubeMX\jre\bin\sunmscapi.dll
0x00007ffc7dea0000 - 0x00007ffc7e018000 	C:\WINDOWS\System32\CRYPT32.dll
0x00007ffc7cdd0000 - 0x00007ffc7ce00000 	C:\WINDOWS\SYSTEM32\ncrypt.dll
0x00007ffc7cd80000 - 0x00007ffc7cdbf000 	C:\WINDOWS\SYSTEM32\NTASN1.dll
0x00007ffc69d40000 - 0x00007ffc69d49000 	C:\Program Files\STMicroelectronics\STM32Cube\STM32CubeMX\jre\bin\extnet.dll
0x00007ffc4f1f0000 - 0x00007ffc4f21f000 	C:\Program Files\STMicroelectronics\STM32Cube\STM32CubeMX\jre\bin\javajpeg.dll
0x00007ffc80370000 - 0x00007ffc8041e000 	C:\WINDOWS\System32\clbcatq.dll
0x00007ffc78d80000 - 0x00007ffc78fad000 	C:\WINDOWS\SYSTEM32\WindowsCodecs.dll
0x00007ffc2c6f0000 - 0x00007ffc2c74a000 	C:\WINDOWS\system32\dataexchange.dll
0x00007ffc6d3a0000 - 0x00007ffc6d5ee000 	C:\WINDOWS\system32\twinapi.appcore.dll
0x00007ffbec2d0000 - 0x00007ffbec3f6000 	C:\Users\William\.stm32cubemx\.jxbrowser-8.15.0\Chromium\toolkit64.dll
0x00007ffbebff0000 - 0x00007ffbec10e000 	C:\Users\William\.stm32cubemx\.jxbrowser-8.15.0\Chromium\ipc64.dll

JVMTI agents: none

dbghelp: loaded successfully - version: 4.0.5 - missing functions: none
symbol engine: initialized successfully - sym options: 0x614 - pdb path: .;C:\Program Files\STMicroelectronics\STM32Cube\STM32CubeMX\jre\bin;C:\WINDOWS\SYSTEM32;C:\WINDOWS\WinSxS\amd64_microsoft.windows.common-controls_6595b64144ccf1df_6.0.26100.8457_none_3e0b2faee331e92d;C:\Program Files\STMicroelectronics\STM32Cube\STM32CubeMX\jre\bin\server;C:\Program Files\National Instruments\Shared\mDNS Responder;C:\Users\William\AppData\Local\Temp\jna--1282435805;C:\Users\William\.stm32cubemx\.jxbrowser-8.15.0\Chromium

VM Arguments:
java_command: C:\Program Files\STMicroelectronics\STM32Cube\STM32CubeMX\STM32CubeMX.exe -q C:\Users\William\Downloads\SteeringWheelSTM32\STWCube3\script
java_class_path (initial): C:\Program Files\STMicroelectronics\STM32Cube\STM32CubeMX\STM32CubeMX.exe
Launcher Type: SUN_STANDARD

[Global flags]
     intx CICompilerCount                          = 4                                         {product} {ergonomic}
     uint ConcGCThreads                            = 2                                         {product} {ergonomic}
     uint G1ConcRefinementThreads                  = 8                                         {product} {ergonomic}
   size_t G1HeapRegionSize                         = 2097152                                   {product} {ergonomic}
    uintx GCDrainStackTargetSize                   = 64                                        {product} {ergonomic}
   size_t InitialHeapSize                          = 266338304                                 {product} {ergonomic}
   size_t MarkStackSize                            = 4194304                                   {product} {ergonomic}
   size_t MaxHeapSize                              = 4242538496                                {product} {ergonomic}
   size_t MaxNewSize                               = 2543845376                                {product} {ergonomic}
   size_t MinHeapDeltaBytes                        = 2097152                                   {product} {ergonomic}
   size_t MinHeapSize                              = 8388608                                   {product} {ergonomic}
    uintx NonNMethodCodeHeapSize                   = 5839372                                {pd product} {ergonomic}
    uintx NonProfiledCodeHeapSize                  = 122909434                              {pd product} {ergonomic}
    uintx ProfiledCodeHeapSize                     = 122909434                              {pd product} {ergonomic}
    uintx ReservedCodeCacheSize                    = 251658240                              {pd product} {ergonomic}
     bool SegmentedCodeCache                       = true                                      {product} {ergonomic}
   size_t SoftMaxHeapSize                          = 4242538496                             {manageable} {ergonomic}
     bool UseCompressedOops                        = true                           {product lp64_product} {ergonomic}
     bool UseG1GC                                  = true                                      {product} {ergonomic}
     bool UseLargePagesIndividualAllocation        = false                                  {pd product} {ergonomic}

Logging:
Log output configuration:
 #0: stdout all=warning uptime,level,tags foldmultilines=false
 #1: stderr all=off uptime,level,tags foldmultilines=false

Release file:
JAVA_VERSION="21.0.9" 
MODULES="java.base java.compiler java.datatransfer java.xml java.prefs java.desktop java.instrument java.logging java.management java.security.sasl java.naming java.rmi java.management.rmi java.net.http java.scripting java.security.jgss java.transaction.xa java.sql java.sql.rowset java.xml.crypto java.se java.smartcardio jdk.jfr javafx.base jdk.unsupported javafx.graphics javafx.controls javafx.fxml javafx.media jdk.unsupported.desktop javafx.swing jdk.jsobject jdk.xml.dom javafx.web jdk.accessibility jdk.internal.jvmstat jdk.attach jdk.charsets jdk.internal.opt jdk.zipfs jdk.compiler jdk.crypto.ec jdk.crypto.cryptoki jdk.crypto.mscapi jdk.dynalink jdk.internal.ed jdk.editpad jdk.httpserver jdk.incubator.vector jdk.internal.le jdk.internal.vm.ci jdk.internal.vm.compiler jdk.internal.vm.compiler.management jdk.jartool jdk.javadoc jdk.jdeps jdk.jdwp.agent jdk.jdi jdk.jlink jdk.jpackage jdk.jshell jdk.jstatd jdk.localedata jdk.management jdk.management.agent jdk.management.jfr jdk.naming.dns jdk.naming.rmi jdk.net jdk.nio.mapmode jdk.random jdk.sctp jdk.security.auth jdk.security.jgss" 

Environment Variables:
PATH=C:\Program Files\MATLAB\R2024b\bin\win64;C:\Program Files (x86)\Common Files\Oracle\Java\javapath;C:\WINDOWS\system32;C:\WINDOWS;C:\WINDOWS\System32\Wbem;C:\WINDOWS\System32\WindowsPowerShell\v1.0\;C:\WINDOWS\System32\OpenSSH\;C:\Program Files\MATLAB\R2022b\runtime\win64;C:\Program Files\MATLAB\R2022b\bin;C:\Program Files (x86)\Windows Kits\10\Windows Performance Toolkit\;C:\Program Files\dotnet\;C:\Program Files\MATLAB\R2018b\bin;C:\Program Files\MATLAB\R2024b\bin;C:\Program Files (x86)\Vector CANdb++ 3.1\Exec32;C:\Program Files\Vector SIL Kit 5.0.1\x86\bin;C:\Program Files\Vector SIL Kit 5.0.1\x86_64\bin;C:\Users\William\AppData\Local\Microsoft\WindowsApps;C:\msys64\ucrt64\bin;C:\Users\William\AppData\Local\Programs\Microsoft VS Code\bin;C:\Users\William\AppData\Local\GitHubDesktop\bin;C:\Program Files\Vector Informatik GmbH\VIO System Configuration Tool\
USERNAME=William
OS=Windows_NT
PROCESSOR_IDENTIFIER=Intel64 Family 6 Model 140 Stepping 1, GenuineIntel
TMP=C:\Users\William\AppData\Local\Temp
TEMP=C:\Users\William\AppData\Local\Temp




Periodic native trim disabled

---------------  S Y S T E M  ---------------

OS:
 Windows 11 , 64 bit Build 26100 (10.0.26100.8328)
OS uptime: 0 days 12:01 hours

CPU: total 8 (initial active 8) (4 cores per cpu, 2 threads per core) family 6 model 140 stepping 1 microcode 0x8a, cx8, cmov, fxsr, ht, mmx, 3dnowpref, sse, sse2, sse3, ssse3, sse4.1, sse4.2, popcnt, lzcnt, tsc, tscinvbit, avx, avx2, aes, erms, clmul, bmi1, bmi2, adx, avx512f, avx512dq, avx512cd, avx512bw, avx512vl, sha, fma, vzeroupper, avx512_vpopcntdq, avx512_vpclmulqdq, avx512_vaes, avx512_vnni, clflush, clflushopt, clwb, avx512_vbmi2, avx512_vbmi, rdtscp, rdpid, fsrm, gfni, avx512_bitalg, f16c, pku, cet_ibt, cet_ss, avx512_ifma
Processor Information for the first 8 processors :
  Max Mhz: 2419, Current Mhz: 2419, Mhz Limit: 2419

Memory: 4k page, system-wide physical 16183M (2405M free)
TotalPageFile size 22983M (AvailPageFile size 127M)
current process WorkingSet (physical memory assigned to process): 584M, peak: 584M
current process commit charge ("private bytes"): 817M, peak: 1203M

vm_info: OpenJDK 64-Bit Server VM (21.0.9+10-LTS) for windows-amd64 JRE (21.0.9+10-LTS), built on 2025-10-21T00:00:00Z by "admin" with unknown MS VC++:1942

END.
